<?xml version="1.0" encoding="utf-8"?>
<CoverageSession xmlns:xsd="http://www.w3.org/2001/XMLSchema" xmlns:xsi="http://www.w3.org/2001/XMLSchema-instance" Version="4.7.922.0">
  <Summary numSequencePoints="1836" visitedSequencePoints="1326" numBranchPoints="399" visitedBranchPoints="276" sequenceCoverage="72.22" branchCoverage="69.17" maxCyclomaticComplexity="13" minCyclomaticComplexity="1" maxCrapScore="30" minCrapScore="1" visitedClasses="19" numClasses="24" visitedMethods="181" numMethods="241" />
  <Modules>
    <Module hash="0A-1D-1C-46-9D-17-CF-DF-D9-02-DA-E3-4D-1C-30-1F-27-AC-97-C5">
      <Summary numSequencePoints="949" visitedSequencePoints="947" numBranchPoints="110" visitedBranchPoints="105" sequenceCoverage="99.79" branchCoverage="95.45" maxCyclomaticComplexity="2" minCyclomaticComplexity="1" maxCrapScore="2" minCrapScore="1" visitedClasses="10" numClasses="10" visitedMethods="101" numMethods="102" />
      <ModulePath>C:\Users\CalvinWan\Documents\GitHub\PowerPoint\PowerPointTests\bin\Debug\fine-code-coverage\build-output\PowerPointTests.dll</ModulePath>
      <ModuleTime>2023-11-26T08:18:03.8954788Z</ModuleTime>
      <ModuleName>PowerPointTests</ModuleName>
      <Files>
        <File uid="1" fullPath="C:\Users\CalvinWan\Documents\GitHub\PowerPoint\PowerPointTests\model\shape\FakeGraphicsAdaptor.cs" />
        <File uid="2" fullPath="C:\Users\CalvinWan\Documents\GitHub\PowerPoint\PowerPointTests\presentation_model\FormPresentationModelTests.cs" />
        <File uid="3" fullPath="C:\Users\CalvinWan\Documents\GitHub\PowerPoint\PowerPointTests\model\state\DrawingStateTests.cs" />
        <File uid="4" fullPath="C:\Users\CalvinWan\Documents\GitHub\PowerPoint\PowerPointTests\model\state\PointStateTests.cs" />
        <File uid="5" fullPath="C:\Users\CalvinWan\Documents\GitHub\PowerPoint\PowerPointTests\model\shape\CircleTests.cs" />
        <File uid="6" fullPath="C:\Users\CalvinWan\Documents\GitHub\PowerPoint\PowerPointTests\model\shape\LineTests.cs" />
        <File uid="7" fullPath="C:\Users\CalvinWan\Documents\GitHub\PowerPoint\PowerPointTests\model\shape\RectangleTests.cs" />
        <File uid="8" fullPath="C:\Users\CalvinWan\Documents\GitHub\PowerPoint\PowerPointTests\model\FactoryTests.cs" />
        <File uid="9" fullPath="C:\Users\CalvinWan\Documents\GitHub\PowerPoint\PowerPointTests\model\ModelTests.cs" />
        <File uid="10" fullPath="C:\Users\CalvinWan\Documents\GitHub\PowerPoint\PowerPointTests\model\ShapesTests.cs" />
      </Files>
      <Classes>
        <Class>
          <Summary numSequencePoints="29" visitedSequencePoints="27" numBranchPoints="14" visitedBranchPoints="13" sequenceCoverage="93.10" branchCoverage="92.86" maxCyclomaticComplexity="1" minCyclomaticComplexity="1" maxCrapScore="2" minCrapScore="1" visitedClasses="1" numClasses="1" visitedMethods="13" numMethods="14" />
          <FullName>PowerPointTests.model.shape.FakeGraphicsAdaptor</FullName>
          <Methods>
            <Method visited="true" cyclomaticComplexity="1" nPathComplexity="0" sequenceCoverage="100" branchCoverage="100" crapScore="1" isConstructor="false" isStatic="false" isGetter="true" isSetter="false">
              <Summary numSequencePoints="1" visitedSequencePoints="1" numBranchPoints="1" visitedBranchPoints="1" sequenceCoverage="100" branchCoverage="100" maxCyclomaticComplexity="1" minCyclomaticComplexity="1" maxCrapScore="1" minCrapScore="1" visitedClasses="0" numClasses="0" visitedMethods="1" numMethods="1" />
              <MetadataToken>100663297</MetadataToken>
              <Name>System.Boolean PowerPointTests.model.shape.FakeGraphicsAdaptor::get_IsCircle()</Name>
              <FileRef uid="1" />
              <SequencePoints>
                <SequencePoint vc="2" uspid="1" ordinal="0" offset="0" sl="14" sc="39" el="14" ec="48" bec="0" bev="0" fileid="1" />
              </SequencePoints>
              <BranchPoints />
              <MethodPoint xsi:type="SequencePoint" vc="2" uspid="1" ordinal="0" offset="0" sl="14" sc="39" el="14" ec="48" bec="0" bev="0" fileid="1" />
            </Method>
            <Method visited="true" cyclomaticComplexity="1" nPathComplexity="0" sequenceCoverage="100" branchCoverage="100" crapScore="1" isConstructor="false" isStatic="false" isGetter="false" isSetter="true">
              <Summary numSequencePoints="1" visitedSequencePoints="1" numBranchPoints="1" visitedBranchPoints="1" sequenceCoverage="100" branchCoverage="100" maxCyclomaticComplexity="1" minCyclomaticComplexity="1" maxCrapScore="1" minCrapScore="1" visitedClasses="0" numClasses="0" visitedMethods="1" numMethods="1" />
              <MetadataToken>100663298</MetadataToken>
              <Name>System.Void PowerPointTests.model.shape.FakeGraphicsAdaptor::set_IsCircle(System.Boolean)</Name>
              <FileRef uid="1" />
              <SequencePoints>
                <SequencePoint vc="8" uspid="2" ordinal="0" offset="0" sl="14" sc="57" el="14" ec="74" bec="0" bev="0" fileid="1" />
              </SequencePoints>
              <BranchPoints />
              <MethodPoint xsi:type="SequencePoint" vc="8" uspid="2" ordinal="0" offset="0" sl="14" sc="57" el="14" ec="74" bec="0" bev="0" fileid="1" />
            </Method>
            <Method visited="true" cyclomaticComplexity="1" nPathComplexity="0" sequenceCoverage="100" branchCoverage="100" crapScore="1" isConstructor="false" isStatic="false" isGetter="true" isSetter="false">
              <Summary numSequencePoints="1" visitedSequencePoints="1" numBranchPoints="1" visitedBranchPoints="1" sequenceCoverage="100" branchCoverage="100" maxCyclomaticComplexity="1" minCyclomaticComplexity="1" maxCrapScore="1" minCrapScore="1" visitedClasses="0" numClasses="0" visitedMethods="1" numMethods="1" />
              <MetadataToken>100663299</MetadataToken>
              <Name>System.Boolean PowerPointTests.model.shape.FakeGraphicsAdaptor::get_IsLine()</Name>
              <FileRef uid="1" />
              <SequencePoints>
                <SequencePoint vc="1" uspid="3" ordinal="0" offset="0" sl="15" sc="37" el="15" ec="44" bec="0" bev="0" fileid="1" />
              </SequencePoints>
              <BranchPoints />
              <MethodPoint xsi:type="SequencePoint" vc="1" uspid="3" ordinal="0" offset="0" sl="15" sc="37" el="15" ec="44" bec="0" bev="0" fileid="1" />
            </Method>
            <Method visited="true" cyclomaticComplexity="1" nPathComplexity="0" sequenceCoverage="100" branchCoverage="100" crapScore="1" isConstructor="false" isStatic="false" isGetter="false" isSetter="true">
              <Summary numSequencePoints="1" visitedSequencePoints="1" numBranchPoints="1" visitedBranchPoints="1" sequenceCoverage="100" branchCoverage="100" maxCyclomaticComplexity="1" minCyclomaticComplexity="1" maxCrapScore="1" minCrapScore="1" visitedClasses="0" numClasses="0" visitedMethods="1" numMethods="1" />
              <MetadataToken>100663300</MetadataToken>
              <Name>System.Void PowerPointTests.model.shape.FakeGraphicsAdaptor::set_IsLine(System.Boolean)</Name>
              <FileRef uid="1" />
              <SequencePoints>
                <SequencePoint vc="8" uspid="4" ordinal="0" offset="0" sl="15" sc="53" el="15" ec="68" bec="0" bev="0" fileid="1" />
              </SequencePoints>
              <BranchPoints />
              <MethodPoint xsi:type="SequencePoint" vc="8" uspid="4" ordinal="0" offset="0" sl="15" sc="53" el="15" ec="68" bec="0" bev="0" fileid="1" />
            </Method>
            <Method visited="true" cyclomaticComplexity="1" nPathComplexity="0" sequenceCoverage="100" branchCoverage="100" crapScore="1" isConstructor="false" isStatic="false" isGetter="true" isSetter="false">
              <Summary numSequencePoints="1" visitedSequencePoints="1" numBranchPoints="1" visitedBranchPoints="1" sequenceCoverage="100" branchCoverage="100" maxCyclomaticComplexity="1" minCyclomaticComplexity="1" maxCrapScore="1" minCrapScore="1" visitedClasses="0" numClasses="0" visitedMethods="1" numMethods="1" />
              <MetadataToken>100663301</MetadataToken>
              <Name>System.Boolean PowerPointTests.model.shape.FakeGraphicsAdaptor::get_IsRectangle()</Name>
              <FileRef uid="1" />
              <SequencePoints>
                <SequencePoint vc="1" uspid="5" ordinal="0" offset="0" sl="16" sc="42" el="16" ec="54" bec="0" bev="0" fileid="1" />
              </SequencePoints>
              <BranchPoints />
              <MethodPoint xsi:type="SequencePoint" vc="1" uspid="5" ordinal="0" offset="0" sl="16" sc="42" el="16" ec="54" bec="0" bev="0" fileid="1" />
            </Method>
            <Method visited="true" cyclomaticComplexity="1" nPathComplexity="0" sequenceCoverage="100" branchCoverage="100" crapScore="1" isConstructor="false" isStatic="false" isGetter="false" isSetter="true">
              <Summary numSequencePoints="1" visitedSequencePoints="1" numBranchPoints="1" visitedBranchPoints="1" sequenceCoverage="100" branchCoverage="100" maxCyclomaticComplexity="1" minCyclomaticComplexity="1" maxCrapScore="1" minCrapScore="1" visitedClasses="0" numClasses="0" visitedMethods="1" numMethods="1" />
              <MetadataToken>100663302</MetadataToken>
              <Name>System.Void PowerPointTests.model.shape.FakeGraphicsAdaptor::set_IsRectangle(System.Boolean)</Name>
              <FileRef uid="1" />
              <SequencePoints>
                <SequencePoint vc="8" uspid="6" ordinal="0" offset="0" sl="16" sc="63" el="16" ec="83" bec="0" bev="0" fileid="1" />
              </SequencePoints>
              <BranchPoints />
              <MethodPoint xsi:type="SequencePoint" vc="8" uspid="6" ordinal="0" offset="0" sl="16" sc="63" el="16" ec="83" bec="0" bev="0" fileid="1" />
            </Method>
            <Method visited="true" cyclomaticComplexity="1" nPathComplexity="0" sequenceCoverage="100" branchCoverage="100" crapScore="1" isConstructor="false" isStatic="false" isGetter="true" isSetter="false">
              <Summary numSequencePoints="1" visitedSequencePoints="1" numBranchPoints="1" visitedBranchPoints="1" sequenceCoverage="100" branchCoverage="100" maxCyclomaticComplexity="1" minCyclomaticComplexity="1" maxCrapScore="1" minCrapScore="1" visitedClasses="0" numClasses="0" visitedMethods="1" numMethods="1" />
              <MetadataToken>100663303</MetadataToken>
              <Name>System.Boolean PowerPointTests.model.shape.FakeGraphicsAdaptor::get_IsSelectedShape()</Name>
              <FileRef uid="1" />
              <SequencePoints>
                <SequencePoint vc="2" uspid="7" ordinal="0" offset="0" sl="17" sc="46" el="17" ec="62" bec="0" bev="0" fileid="1" />
              </SequencePoints>
              <BranchPoints />
              <MethodPoint xsi:type="SequencePoint" vc="2" uspid="7" ordinal="0" offset="0" sl="17" sc="46" el="17" ec="62" bec="0" bev="0" fileid="1" />
            </Method>
            <Method visited="true" cyclomaticComplexity="1" nPathComplexity="0" sequenceCoverage="100" branchCoverage="100" crapScore="1" isConstructor="false" isStatic="false" isGetter="false" isSetter="true">
              <Summary numSequencePoints="1" visitedSequencePoints="1" numBranchPoints="1" visitedBranchPoints="1" sequenceCoverage="100" branchCoverage="100" maxCyclomaticComplexity="1" minCyclomaticComplexity="1" maxCrapScore="1" minCrapScore="1" visitedClasses="0" numClasses="0" visitedMethods="1" numMethods="1" />
              <MetadataToken>100663304</MetadataToken>
              <Name>System.Void PowerPointTests.model.shape.FakeGraphicsAdaptor::set_IsSelectedShape(System.Boolean)</Name>
              <FileRef uid="1" />
              <SequencePoints>
                <SequencePoint vc="9" uspid="8" ordinal="0" offset="0" sl="17" sc="71" el="17" ec="95" bec="0" bev="0" fileid="1" />
              </SequencePoints>
              <BranchPoints />
              <MethodPoint xsi:type="SequencePoint" vc="9" uspid="8" ordinal="0" offset="0" sl="17" sc="71" el="17" ec="95" bec="0" bev="0" fileid="1" />
            </Method>
            <Method visited="true" cyclomaticComplexity="1" nPathComplexity="0" sequenceCoverage="100" branchCoverage="100" crapScore="1" isConstructor="true" isStatic="false" isGetter="false" isSetter="false">
              <Summary numSequencePoints="7" visitedSequencePoints="7" numBranchPoints="1" visitedBranchPoints="1" sequenceCoverage="100" branchCoverage="100" maxCyclomaticComplexity="1" minCyclomaticComplexity="1" maxCrapScore="1" minCrapScore="1" visitedClasses="0" numClasses="0" visitedMethods="1" numMethods="1" />
              <MetadataToken>100663305</MetadataToken>
              <Name>System.Void PowerPointTests.model.shape.FakeGraphicsAdaptor::.ctor()</Name>
              <FileRef uid="1" />
              <SequencePoints>
                <SequencePoint vc="6" uspid="9" ordinal="0" offset="0" sl="19" sc="9" el="19" ec="37" bec="0" bev="0" fileid="1" />
                <SequencePoint vc="6" uspid="10" ordinal="1" offset="7" sl="20" sc="9" el="20" ec="10" bec="0" bev="0" fileid="1" />
                <SequencePoint vc="6" uspid="11" ordinal="2" offset="8" sl="21" sc="13" el="21" ec="30" bec="0" bev="0" fileid="1" />
                <SequencePoint vc="6" uspid="12" ordinal="3" offset="16" sl="22" sc="13" el="22" ec="28" bec="0" bev="0" fileid="1" />
                <SequencePoint vc="6" uspid="13" ordinal="4" offset="24" sl="23" sc="13" el="23" ec="33" bec="0" bev="0" fileid="1" />
                <SequencePoint vc="6" uspid="14" ordinal="5" offset="32" sl="24" sc="13" el="24" ec="37" bec="0" bev="0" fileid="1" />
                <SequencePoint vc="6" uspid="15" ordinal="6" offset="40" sl="25" sc="9" el="25" ec="10" bec="0" bev="0" fileid="1" />
              </SequencePoints>
              <BranchPoints />
              <MethodPoint xsi:type="SequencePoint" vc="6" uspid="9" ordinal="0" offset="0" sl="19" sc="9" el="19" ec="37" bec="0" bev="0" fileid="1" />
            </Method>
            <Method visited="false" cyclomaticComplexity="1" nPathComplexity="0" sequenceCoverage="0" branchCoverage="0" crapScore="2" isConstructor="false" isStatic="false" isGetter="false" isSetter="false">
              <Summary numSequencePoints="2" visitedSequencePoints="0" numBranchPoints="1" visitedBranchPoints="0" sequenceCoverage="0" branchCoverage="0" maxCyclomaticComplexity="1" minCyclomaticComplexity="1" maxCrapScore="2" minCrapScore="2" visitedClasses="0" numClasses="0" visitedMethods="0" numMethods="1" />
              <MetadataToken>100663306</MetadataToken>
              <Name>System.Void PowerPointTests.model.shape.FakeGraphicsAdaptor::ClearAll()</Name>
              <FileRef uid="1" />
              <SequencePoints>
                <SequencePoint vc="0" uspid="16" ordinal="0" offset="0" sl="28" sc="9" el="28" ec="10" bec="0" bev="0" fileid="1" />
                <SequencePoint vc="0" uspid="17" ordinal="1" offset="1" sl="29" sc="13" el="29" ec="56" bec="0" bev="0" fileid="1" />
              </SequencePoints>
              <BranchPoints />
              <MethodPoint xsi:type="SequencePoint" vc="0" uspid="16" ordinal="0" offset="0" sl="28" sc="9" el="28" ec="10" bec="0" bev="0" fileid="1" />
            </Method>
            <Method visited="true" cyclomaticComplexity="1" nPathComplexity="0" sequenceCoverage="100" branchCoverage="100" crapScore="1" isConstructor="false" isStatic="false" isGetter="false" isSetter="false">
              <Summary numSequencePoints="3" visitedSequencePoints="3" numBranchPoints="1" visitedBranchPoints="1" sequenceCoverage="100" branchCoverage="100" maxCyclomaticComplexity="1" minCyclomaticComplexity="1" maxCrapScore="1" minCrapScore="1" visitedClasses="0" numClasses="0" visitedMethods="1" numMethods="1" />
              <MetadataToken>100663307</MetadataToken>
              <Name>System.Void PowerPointTests.model.shape.FakeGraphicsAdaptor::DrawCircle(System.Drawing.PointF,System.Drawing.PointF)</Name>
              <FileRef uid="1" />
              <SequencePoints>
                <SequencePoint vc="2" uspid="18" ordinal="0" offset="0" sl="33" sc="9" el="33" ec="10" bec="0" bev="0" fileid="1" />
                <SequencePoint vc="2" uspid="19" ordinal="1" offset="1" sl="34" sc="13" el="34" ec="29" bec="0" bev="0" fileid="1" />
                <SequencePoint vc="2" uspid="20" ordinal="2" offset="9" sl="35" sc="9" el="35" ec="10" bec="0" bev="0" fileid="1" />
              </SequencePoints>
              <BranchPoints />
              <MethodPoint xsi:type="SequencePoint" vc="2" uspid="18" ordinal="0" offset="0" sl="33" sc="9" el="33" ec="10" bec="0" bev="0" fileid="1" />
            </Method>
            <Method visited="true" cyclomaticComplexity="1" nPathComplexity="0" sequenceCoverage="100" branchCoverage="100" crapScore="1" isConstructor="false" isStatic="false" isGetter="false" isSetter="false">
              <Summary numSequencePoints="3" visitedSequencePoints="3" numBranchPoints="1" visitedBranchPoints="1" sequenceCoverage="100" branchCoverage="100" maxCyclomaticComplexity="1" minCyclomaticComplexity="1" maxCrapScore="1" minCrapScore="1" visitedClasses="0" numClasses="0" visitedMethods="1" numMethods="1" />
              <MetadataToken>100663308</MetadataToken>
              <Name>System.Void PowerPointTests.model.shape.FakeGraphicsAdaptor::DrawLine(System.Drawing.PointF,System.Drawing.PointF)</Name>
              <FileRef uid="1" />
              <SequencePoints>
                <SequencePoint vc="2" uspid="21" ordinal="0" offset="0" sl="38" sc="9" el="38" ec="10" bec="0" bev="0" fileid="1" />
                <SequencePoint vc="2" uspid="22" ordinal="1" offset="1" sl="39" sc="13" el="39" ec="27" bec="0" bev="0" fileid="1" />
                <SequencePoint vc="2" uspid="23" ordinal="2" offset="9" sl="40" sc="9" el="40" ec="10" bec="0" bev="0" fileid="1" />
              </SequencePoints>
              <BranchPoints />
              <MethodPoint xsi:type="SequencePoint" vc="2" uspid="21" ordinal="0" offset="0" sl="38" sc="9" el="38" ec="10" bec="0" bev="0" fileid="1" />
            </Method>
            <Method visited="true" cyclomaticComplexity="1" nPathComplexity="0" sequenceCoverage="100" branchCoverage="100" crapScore="1" isConstructor="false" isStatic="false" isGetter="false" isSetter="false">
              <Summary numSequencePoints="3" visitedSequencePoints="3" numBranchPoints="1" visitedBranchPoints="1" sequenceCoverage="100" branchCoverage="100" maxCyclomaticComplexity="1" minCyclomaticComplexity="1" maxCrapScore="1" minCrapScore="1" visitedClasses="0" numClasses="0" visitedMethods="1" numMethods="1" />
              <MetadataToken>100663309</MetadataToken>
              <Name>System.Void PowerPointTests.model.shape.FakeGraphicsAdaptor::DrawRectangle(System.Drawing.PointF,System.Drawing.PointF)</Name>
              <FileRef uid="1" />
              <SequencePoints>
                <SequencePoint vc="2" uspid="24" ordinal="0" offset="0" sl="43" sc="9" el="43" ec="10" bec="0" bev="0" fileid="1" />
                <SequencePoint vc="2" uspid="25" ordinal="1" offset="1" sl="44" sc="13" el="44" ec="32" bec="0" bev="0" fileid="1" />
                <SequencePoint vc="2" uspid="26" ordinal="2" offset="9" sl="45" sc="9" el="45" ec="10" bec="0" bev="0" fileid="1" />
              </SequencePoints>
              <BranchPoints />
              <MethodPoint xsi:type="SequencePoint" vc="2" uspid="24" ordinal="0" offset="0" sl="43" sc="9" el="43" ec="10" bec="0" bev="0" fileid="1" />
            </Method>
            <Method visited="true" cyclomaticComplexity="1" nPathComplexity="0" sequenceCoverage="100" branchCoverage="100" crapScore="1" isConstructor="false" isStatic="false" isGetter="false" isSetter="false">
              <Summary numSequencePoints="3" visitedSequencePoints="3" numBranchPoints="1" visitedBranchPoints="1" sequenceCoverage="100" branchCoverage="100" maxCyclomaticComplexity="1" minCyclomaticComplexity="1" maxCrapScore="1" minCrapScore="1" visitedClasses="0" numClasses="0" visitedMethods="1" numMethods="1" />
              <MetadataToken>100663310</MetadataToken>
              <Name>System.Void PowerPointTests.model.shape.FakeGraphicsAdaptor::DrawSelectedShape(System.Drawing.PointF,System.Drawing.PointF)</Name>
              <FileRef uid="1" />
              <SequencePoints>
                <SequencePoint vc="3" uspid="27" ordinal="0" offset="0" sl="48" sc="9" el="48" ec="10" bec="0" bev="0" fileid="1" />
                <SequencePoint vc="3" uspid="28" ordinal="1" offset="1" sl="49" sc="13" el="49" ec="36" bec="0" bev="0" fileid="1" />
                <SequencePoint vc="3" uspid="29" ordinal="2" offset="9" sl="50" sc="9" el="50" ec="10" bec="0" bev="0" fileid="1" />
              </SequencePoints>
              <BranchPoints />
              <MethodPoint xsi:type="SequencePoint" vc="3" uspid="27" ordinal="0" offset="0" sl="48" sc="9" el="48" ec="10" bec="0" bev="0" fileid="1" />
            </Method>
          </Methods>
        </Class>
        <Class>
          <Summary numSequencePoints="3" visitedSequencePoints="3" numBranchPoints="2" visitedBranchPoints="2" sequenceCoverage="100" branchCoverage="100" maxCyclomaticComplexity="1" minCyclomaticComplexity="1" maxCrapScore="1" minCrapScore="1" visitedClasses="1" numClasses="1" visitedMethods="2" numMethods="2" />
          <FullName>PowerPoint.presentation_model.test.FormPresentationModelTests</FullName>
          <Methods>
            <Method visited="true" cyclomaticComplexity="1" nPathComplexity="0" sequenceCoverage="100" branchCoverage="100" crapScore="1" isConstructor="false" isStatic="false" isGetter="false" isSetter="false">
              <Summary numSequencePoints="2" visitedSequencePoints="2" numBranchPoints="1" visitedBranchPoints="1" sequenceCoverage="100" branchCoverage="100" maxCyclomaticComplexity="1" minCyclomaticComplexity="1" maxCrapScore="1" minCrapScore="1" visitedClasses="0" numClasses="0" visitedMethods="1" numMethods="1" />
              <MetadataToken>100663311</MetadataToken>
              <Name>System.Void PowerPoint.presentation_model.test.FormPresentationModelTests::make_sure_constructor_work()</Name>
              <FileRef uid="2" />
              <SequencePoints>
                <SequencePoint vc="1" uspid="30" ordinal="0" offset="0" sl="16" sc="50" el="16" ec="51" bec="0" bev="0" fileid="2" />
                <SequencePoint vc="1" uspid="31" ordinal="1" offset="1" sl="17" sc="9" el="17" ec="10" bec="0" bev="0" fileid="2" />
              </SequencePoints>
              <BranchPoints />
              <MethodPoint xsi:type="SequencePoint" vc="1" uspid="30" ordinal="0" offset="0" sl="16" sc="50" el="16" ec="51" bec="0" bev="0" fileid="2" />
            </Method>
            <Method visited="true" cyclomaticComplexity="1" nPathComplexity="0" sequenceCoverage="100" branchCoverage="100" crapScore="1" isConstructor="true" isStatic="false" isGetter="false" isSetter="false">
              <Summary numSequencePoints="1" visitedSequencePoints="1" numBranchPoints="1" visitedBranchPoints="1" sequenceCoverage="100" branchCoverage="100" maxCyclomaticComplexity="1" minCyclomaticComplexity="1" maxCrapScore="1" minCrapScore="1" visitedClasses="0" numClasses="0" visitedMethods="1" numMethods="1" />
              <MetadataToken>100663312</MetadataToken>
              <Name>System.Void PowerPoint.presentation_model.test.FormPresentationModelTests::.ctor()</Name>
              <FileRef uid="2" />
              <SequencePoints>
                <SequencePoint vc="1" uspid="32" ordinal="0" offset="0" sl="10" sc="9" el="10" ec="47" bec="0" bev="0" fileid="2" />
              </SequencePoints>
              <BranchPoints />
              <MethodPoint xsi:type="SequencePoint" vc="1" uspid="32" ordinal="0" offset="0" sl="10" sc="9" el="10" ec="47" bec="0" bev="0" fileid="2" />
            </Method>
          </Methods>
        </Class>
        <Class>
          <Summary numSequencePoints="162" visitedSequencePoints="162" numBranchPoints="12" visitedBranchPoints="12" sequenceCoverage="100" branchCoverage="100" maxCyclomaticComplexity="1" minCyclomaticComplexity="1" maxCrapScore="1" minCrapScore="1" visitedClasses="1" numClasses="1" visitedMethods="12" numMethods="12" />
          <FullName>PowerPoint.model.state.test.DrawingStateTests</FullName>
          <Methods>
            <Method visited="true" cyclomaticComplexity="1" nPathComplexity="0" sequenceCoverage="100" branchCoverage="100" crapScore="1" isConstructor="false" isStatic="false" isGetter="false" isSetter="false">
              <Summary numSequencePoints="6" visitedSequencePoints="6" numBranchPoints="1" visitedBranchPoints="1" sequenceCoverage="100" branchCoverage="100" maxCyclomaticComplexity="1" minCyclomaticComplexity="1" maxCrapScore="1" minCrapScore="1" visitedClasses="0" numClasses="0" visitedMethods="1" numMethods="1" />
              <MetadataToken>100663313</MetadataToken>
              <Name>System.Void PowerPoint.model.state.test.DrawingStateTests::Initialize()</Name>
              <FileRef uid="3" />
              <SequencePoints>
                <SequencePoint vc="9" uspid="33" ordinal="0" offset="0" sl="23" sc="9" el="23" ec="10" bec="0" bev="0" fileid="3" />
                <SequencePoint vc="9" uspid="34" ordinal="1" offset="1" sl="24" sc="13" el="24" ec="34" bec="0" bev="0" fileid="3" />
                <SequencePoint vc="9" uspid="35" ordinal="2" offset="12" sl="25" sc="13" el="25" ec="54" bec="0" bev="0" fileid="3" />
                <SequencePoint vc="9" uspid="36" ordinal="3" offset="29" sl="26" sc="13" el="26" ec="50" bec="0" bev="0" fileid="3" />
                <SequencePoint vc="9" uspid="37" ordinal="4" offset="46" sl="27" sc="13" el="27" ec="57" bec="0" bev="0" fileid="3" />
                <SequencePoint vc="9" uspid="38" ordinal="5" offset="70" sl="28" sc="9" el="28" ec="10" bec="0" bev="0" fileid="3" />
              </SequencePoints>
              <BranchPoints />
              <MethodPoint xsi:type="SequencePoint" vc="9" uspid="33" ordinal="0" offset="0" sl="23" sc="9" el="23" ec="10" bec="0" bev="0" fileid="3" />
            </Method>
            <Method visited="true" cyclomaticComplexity="1" nPathComplexity="0" sequenceCoverage="100" branchCoverage="100" crapScore="1" isConstructor="false" isStatic="false" isGetter="false" isSetter="false">
              <Summary numSequencePoints="6" visitedSequencePoints="6" numBranchPoints="1" visitedBranchPoints="1" sequenceCoverage="100" branchCoverage="100" maxCyclomaticComplexity="1" minCyclomaticComplexity="1" maxCrapScore="1" minCrapScore="1" visitedClasses="0" numClasses="0" visitedMethods="1" numMethods="1" />
              <MetadataToken>100663314</MetadataToken>
              <Name>System.Void PowerPoint.model.state.test.DrawingStateTests::CleanUp()</Name>
              <FileRef uid="3" />
              <SequencePoints>
                <SequencePoint vc="9" uspid="39" ordinal="0" offset="0" sl="33" sc="9" el="33" ec="10" bec="0" bev="0" fileid="3" />
                <SequencePoint vc="9" uspid="40" ordinal="1" offset="1" sl="34" sc="13" el="34" ec="34" bec="0" bev="0" fileid="3" />
                <SequencePoint vc="9" uspid="41" ordinal="2" offset="12" sl="35" sc="13" el="35" ec="54" bec="0" bev="0" fileid="3" />
                <SequencePoint vc="9" uspid="42" ordinal="3" offset="29" sl="36" sc="13" el="36" ec="50" bec="0" bev="0" fileid="3" />
                <SequencePoint vc="9" uspid="43" ordinal="4" offset="46" sl="37" sc="13" el="37" ec="57" bec="0" bev="0" fileid="3" />
                <SequencePoint vc="9" uspid="44" ordinal="5" offset="70" sl="38" sc="9" el="38" ec="10" bec="0" bev="0" fileid="3" />
              </SequencePoints>
              <BranchPoints />
              <MethodPoint xsi:type="SequencePoint" vc="9" uspid="39" ordinal="0" offset="0" sl="33" sc="9" el="33" ec="10" bec="0" bev="0" fileid="3" />
            </Method>
            <Method visited="true" cyclomaticComplexity="1" nPathComplexity="0" sequenceCoverage="100" branchCoverage="100" crapScore="1" isConstructor="false" isStatic="false" isGetter="false" isSetter="false">
              <Summary numSequencePoints="2" visitedSequencePoints="2" numBranchPoints="1" visitedBranchPoints="1" sequenceCoverage="100" branchCoverage="100" maxCyclomaticComplexity="1" minCyclomaticComplexity="1" maxCrapScore="1" minCrapScore="1" visitedClasses="0" numClasses="0" visitedMethods="1" numMethods="1" />
              <MetadataToken>100663315</MetadataToken>
              <Name>System.Void PowerPoint.model.state.test.DrawingStateTests::make_sure_constructor_work()</Name>
              <FileRef uid="3" />
              <SequencePoints>
                <SequencePoint vc="1" uspid="45" ordinal="0" offset="0" sl="43" sc="9" el="43" ec="10" bec="0" bev="0" fileid="3" />
                <SequencePoint vc="1" uspid="46" ordinal="1" offset="1" sl="44" sc="9" el="44" ec="10" bec="0" bev="0" fileid="3" />
              </SequencePoints>
              <BranchPoints />
              <MethodPoint xsi:type="SequencePoint" vc="1" uspid="45" ordinal="0" offset="0" sl="43" sc="9" el="43" ec="10" bec="0" bev="0" fileid="3" />
            </Method>
            <Method visited="true" cyclomaticComplexity="1" nPathComplexity="0" sequenceCoverage="100" branchCoverage="100" crapScore="1" isConstructor="false" isStatic="false" isGetter="false" isSetter="false">
              <Summary numSequencePoints="6" visitedSequencePoints="6" numBranchPoints="1" visitedBranchPoints="1" sequenceCoverage="100" branchCoverage="100" maxCyclomaticComplexity="1" minCyclomaticComplexity="1" maxCrapScore="1" minCrapScore="1" visitedClasses="0" numClasses="0" visitedMethods="1" numMethods="1" />
              <MetadataToken>100663316</MetadataToken>
              <Name>System.Void PowerPoint.model.state.test.DrawingStateTests::get_and_set_mouse_is_pressed()</Name>
              <FileRef uid="3" />
              <SequencePoints>
                <SequencePoint vc="1" uspid="47" ordinal="0" offset="0" sl="49" sc="9" el="49" ec="10" bec="0" bev="0" fileid="3" />
                <SequencePoint vc="1" uspid="48" ordinal="1" offset="1" sl="50" sc="13" el="50" ec="49" bec="0" bev="0" fileid="3" />
                <SequencePoint vc="1" uspid="49" ordinal="2" offset="14" sl="51" sc="13" el="51" ec="57" bec="0" bev="0" fileid="3" />
                <SequencePoint vc="1" uspid="50" ordinal="3" offset="31" sl="52" sc="13" el="52" ec="50" bec="0" bev="0" fileid="3" />
                <SequencePoint vc="1" uspid="51" ordinal="4" offset="44" sl="53" sc="13" el="53" ec="58" bec="0" bev="0" fileid="3" />
                <SequencePoint vc="1" uspid="52" ordinal="5" offset="61" sl="54" sc="9" el="54" ec="10" bec="0" bev="0" fileid="3" />
              </SequencePoints>
              <BranchPoints />
              <MethodPoint xsi:type="SequencePoint" vc="1" uspid="47" ordinal="0" offset="0" sl="49" sc="9" el="49" ec="10" bec="0" bev="0" fileid="3" />
            </Method>
            <Method visited="true" cyclomaticComplexity="1" nPathComplexity="0" sequenceCoverage="100" branchCoverage="100" crapScore="1" isConstructor="false" isStatic="false" isGetter="false" isSetter="false">
              <Summary numSequencePoints="4" visitedSequencePoints="4" numBranchPoints="1" visitedBranchPoints="1" sequenceCoverage="100" branchCoverage="100" maxCyclomaticComplexity="1" minCyclomaticComplexity="1" maxCrapScore="1" minCrapScore="1" visitedClasses="0" numClasses="0" visitedMethods="1" numMethods="1" />
              <MetadataToken>100663317</MetadataToken>
              <Name>System.Void PowerPoint.model.state.test.DrawingStateTests::get_and_set_shape_name()</Name>
              <FileRef uid="3" />
              <SequencePoints>
                <SequencePoint vc="1" uspid="53" ordinal="0" offset="0" sl="59" sc="9" el="59" ec="10" bec="0" bev="0" fileid="3" />
                <SequencePoint vc="1" uspid="54" ordinal="1" offset="1" sl="60" sc="13" el="60" ec="48" bec="0" bev="0" fileid="3" />
                <SequencePoint vc="1" uspid="55" ordinal="2" offset="18" sl="61" sc="13" el="61" ec="64" bec="0" bev="0" fileid="3" />
                <SequencePoint vc="1" uspid="56" ordinal="3" offset="40" sl="62" sc="9" el="62" ec="10" bec="0" bev="0" fileid="3" />
              </SequencePoints>
              <BranchPoints />
              <MethodPoint xsi:type="SequencePoint" vc="1" uspid="53" ordinal="0" offset="0" sl="59" sc="9" el="59" ec="10" bec="0" bev="0" fileid="3" />
            </Method>
            <Method visited="true" cyclomaticComplexity="1" nPathComplexity="0" sequenceCoverage="100" branchCoverage="100" crapScore="1" isConstructor="false" isStatic="false" isGetter="false" isSetter="false">
              <Summary numSequencePoints="19" visitedSequencePoints="19" numBranchPoints="1" visitedBranchPoints="1" sequenceCoverage="100" branchCoverage="100" maxCyclomaticComplexity="1" minCyclomaticComplexity="1" maxCrapScore="1" minCrapScore="1" visitedClasses="0" numClasses="0" visitedMethods="1" numMethods="1" />
              <MetadataToken>100663318</MetadataToken>
              <Name>System.Void PowerPoint.model.state.test.DrawingStateTests::draw_single_shape_by_using_mouse()</Name>
              <FileRef uid="3" />
              <SequencePoints>
                <SequencePoint vc="1" uspid="57" ordinal="0" offset="0" sl="67" sc="9" el="67" ec="10" bec="0" bev="0" fileid="3" />
                <SequencePoint vc="1" uspid="58" ordinal="1" offset="1" sl="68" sc="13" el="68" ec="81" bec="0" bev="0" fileid="3" />
                <SequencePoint vc="1" uspid="59" ordinal="2" offset="42" sl="69" sc="13" el="69" ec="81" bec="0" bev="0" fileid="3" />
                <SequencePoint vc="1" uspid="60" ordinal="3" offset="83" sl="70" sc="13" el="70" ec="100" bec="0" bev="0" fileid="3" />
                <SequencePoint vc="1" uspid="61" ordinal="4" offset="128" sl="71" sc="13" el="71" ec="98" bec="0" bev="0" fileid="3" />
                <SequencePoint vc="1" uspid="62" ordinal="5" offset="173" sl="73" sc="13" el="73" ec="48" bec="0" bev="0" fileid="3" />
                <SequencePoint vc="1" uspid="63" ordinal="6" offset="190" sl="74" sc="13" el="74" ec="64" bec="0" bev="0" fileid="3" />
                <SequencePoint vc="1" uspid="64" ordinal="7" offset="212" sl="76" sc="13" el="76" ec="50" bec="0" bev="0" fileid="3" />
                <SequencePoint vc="1" uspid="65" ordinal="8" offset="225" sl="77" sc="13" el="77" ec="57" bec="0" bev="0" fileid="3" />
                <SequencePoint vc="1" uspid="66" ordinal="9" offset="242" sl="79" sc="13" el="79" ec="91" bec="0" bev="0" fileid="3" />
                <SequencePoint vc="1" uspid="67" ordinal="10" offset="293" sl="80" sc="13" el="80" ec="57" bec="0" bev="0" fileid="3" />
                <SequencePoint vc="1" uspid="68" ordinal="11" offset="310" sl="82" sc="13" el="82" ec="50" bec="0" bev="0" fileid="3" />
                <SequencePoint vc="1" uspid="69" ordinal="12" offset="323" sl="83" sc="13" el="83" ec="58" bec="0" bev="0" fileid="3" />
                <SequencePoint vc="1" uspid="70" ordinal="13" offset="340" sl="85" sc="13" el="85" ec="65" bec="0" bev="0" fileid="3" />
                <SequencePoint vc="1" uspid="71" ordinal="14" offset="353" sl="87" sc="13" el="87" ec="46" bec="0" bev="0" fileid="3" />
                <SequencePoint vc="1" uspid="72" ordinal="15" offset="367" sl="88" sc="13" el="88" ec="55" bec="0" bev="0" fileid="3" />
                <SequencePoint vc="1" uspid="73" ordinal="16" offset="391" sl="89" sc="13" el="89" ec="59" bec="0" bev="0" fileid="3" />
                <SequencePoint vc="1" uspid="74" ordinal="17" offset="411" sl="90" sc="13" el="90" ec="57" bec="0" bev="0" fileid="3" />
                <SequencePoint vc="1" uspid="75" ordinal="18" offset="431" sl="91" sc="9" el="91" ec="10" bec="0" bev="0" fileid="3" />
              </SequencePoints>
              <BranchPoints />
              <MethodPoint xsi:type="SequencePoint" vc="1" uspid="57" ordinal="0" offset="0" sl="67" sc="9" el="67" ec="10" bec="0" bev="0" fileid="3" />
            </Method>
            <Method visited="true" cyclomaticComplexity="1" nPathComplexity="0" sequenceCoverage="100" branchCoverage="100" crapScore="1" isConstructor="false" isStatic="false" isGetter="false" isSetter="false">
              <Summary numSequencePoints="29" visitedSequencePoints="29" numBranchPoints="1" visitedBranchPoints="1" sequenceCoverage="100" branchCoverage="100" maxCyclomaticComplexity="1" minCyclomaticComplexity="1" maxCrapScore="1" minCrapScore="1" visitedClasses="0" numClasses="0" visitedMethods="1" numMethods="1" />
              <MetadataToken>100663319</MetadataToken>
              <Name>System.Void PowerPoint.model.state.test.DrawingStateTests::draw_many_shapes_by_using_mouse()</Name>
              <FileRef uid="3" />
              <SequencePoints>
                <SequencePoint vc="1" uspid="76" ordinal="0" offset="0" sl="96" sc="9" el="96" ec="10" bec="0" bev="0" fileid="3" />
                <SequencePoint vc="1" uspid="77" ordinal="1" offset="1" sl="97" sc="13" el="97" ec="81" bec="0" bev="0" fileid="3" />
                <SequencePoint vc="1" uspid="78" ordinal="2" offset="42" sl="98" sc="13" el="98" ec="81" bec="0" bev="0" fileid="3" />
                <SequencePoint vc="1" uspid="79" ordinal="3" offset="83" sl="99" sc="13" el="99" ec="100" bec="0" bev="0" fileid="3" />
                <SequencePoint vc="1" uspid="80" ordinal="4" offset="128" sl="100" sc="13" el="100" ec="98" bec="0" bev="0" fileid="3" />
                <SequencePoint vc="1" uspid="81" ordinal="5" offset="173" sl="102" sc="13" el="102" ec="48" bec="0" bev="0" fileid="3" />
                <SequencePoint vc="1" uspid="82" ordinal="6" offset="190" sl="103" sc="13" el="103" ec="50" bec="0" bev="0" fileid="3" />
                <SequencePoint vc="1" uspid="83" ordinal="7" offset="203" sl="104" sc="13" el="104" ec="91" bec="0" bev="0" fileid="3" />
                <SequencePoint vc="1" uspid="84" ordinal="8" offset="254" sl="105" sc="13" el="105" ec="50" bec="0" bev="0" fileid="3" />
                <SequencePoint vc="1" uspid="85" ordinal="9" offset="267" sl="107" sc="13" el="107" ec="46" bec="0" bev="0" fileid="3" />
                <SequencePoint vc="1" uspid="86" ordinal="10" offset="284" sl="108" sc="13" el="108" ec="50" bec="0" bev="0" fileid="3" />
                <SequencePoint vc="1" uspid="87" ordinal="11" offset="297" sl="109" sc="13" el="109" ec="91" bec="0" bev="0" fileid="3" />
                <SequencePoint vc="1" uspid="88" ordinal="12" offset="348" sl="110" sc="13" el="110" ec="50" bec="0" bev="0" fileid="3" />
                <SequencePoint vc="1" uspid="89" ordinal="13" offset="361" sl="112" sc="13" el="112" ec="51" bec="0" bev="0" fileid="3" />
                <SequencePoint vc="1" uspid="90" ordinal="14" offset="378" sl="113" sc="13" el="113" ec="50" bec="0" bev="0" fileid="3" />
                <SequencePoint vc="1" uspid="91" ordinal="15" offset="391" sl="114" sc="13" el="114" ec="91" bec="0" bev="0" fileid="3" />
                <SequencePoint vc="1" uspid="92" ordinal="16" offset="442" sl="115" sc="13" el="115" ec="50" bec="0" bev="0" fileid="3" />
                <SequencePoint vc="1" uspid="93" ordinal="17" offset="455" sl="118" sc="13" el="118" ec="65" bec="0" bev="0" fileid="3" />
                <SequencePoint vc="1" uspid="94" ordinal="18" offset="468" sl="120" sc="13" el="120" ec="46" bec="0" bev="0" fileid="3" />
                <SequencePoint vc="1" uspid="95" ordinal="19" offset="482" sl="122" sc="13" el="122" ec="55" bec="0" bev="0" fileid="3" />
                <SequencePoint vc="1" uspid="96" ordinal="20" offset="506" sl="123" sc="13" el="123" ec="59" bec="0" bev="0" fileid="3" />
                <SequencePoint vc="1" uspid="97" ordinal="21" offset="526" sl="124" sc="13" el="124" ec="57" bec="0" bev="0" fileid="3" />
                <SequencePoint vc="1" uspid="98" ordinal="22" offset="546" sl="126" sc="13" el="126" ec="53" bec="0" bev="0" fileid="3" />
                <SequencePoint vc="1" uspid="99" ordinal="23" offset="570" sl="127" sc="13" el="127" ec="59" bec="0" bev="0" fileid="3" />
                <SequencePoint vc="1" uspid="100" ordinal="24" offset="590" sl="128" sc="13" el="128" ec="57" bec="0" bev="0" fileid="3" />
                <SequencePoint vc="1" uspid="101" ordinal="25" offset="610" sl="130" sc="13" el="130" ec="58" bec="0" bev="0" fileid="3" />
                <SequencePoint vc="1" uspid="102" ordinal="26" offset="634" sl="131" sc="13" el="131" ec="59" bec="0" bev="0" fileid="3" />
                <SequencePoint vc="1" uspid="103" ordinal="27" offset="654" sl="132" sc="13" el="132" ec="57" bec="0" bev="0" fileid="3" />
                <SequencePoint vc="1" uspid="104" ordinal="28" offset="674" sl="133" sc="9" el="133" ec="10" bec="0" bev="0" fileid="3" />
              </SequencePoints>
              <BranchPoints />
              <MethodPoint xsi:type="SequencePoint" vc="1" uspid="76" ordinal="0" offset="0" sl="96" sc="9" el="96" ec="10" bec="0" bev="0" fileid="3" />
            </Method>
            <Method visited="true" cyclomaticComplexity="1" nPathComplexity="0" sequenceCoverage="100" branchCoverage="100" crapScore="1" isConstructor="false" isStatic="false" isGetter="false" isSetter="false">
              <Summary numSequencePoints="22" visitedSequencePoints="22" numBranchPoints="1" visitedBranchPoints="1" sequenceCoverage="100" branchCoverage="100" maxCyclomaticComplexity="1" minCyclomaticComplexity="1" maxCrapScore="1" minCrapScore="1" visitedClasses="0" numClasses="0" visitedMethods="1" numMethods="1" />
              <MetadataToken>100663320</MetadataToken>
              <Name>System.Void PowerPoint.model.state.test.DrawingStateTests::draw_many_shapes_by_using_mouse_and_clear()</Name>
              <FileRef uid="3" />
              <SequencePoints>
                <SequencePoint vc="1" uspid="105" ordinal="0" offset="0" sl="138" sc="9" el="138" ec="10" bec="0" bev="0" fileid="3" />
                <SequencePoint vc="1" uspid="106" ordinal="1" offset="1" sl="139" sc="13" el="139" ec="81" bec="0" bev="0" fileid="3" />
                <SequencePoint vc="1" uspid="107" ordinal="2" offset="42" sl="140" sc="13" el="140" ec="81" bec="0" bev="0" fileid="3" />
                <SequencePoint vc="1" uspid="108" ordinal="3" offset="83" sl="141" sc="13" el="141" ec="100" bec="0" bev="0" fileid="3" />
                <SequencePoint vc="1" uspid="109" ordinal="4" offset="128" sl="142" sc="13" el="142" ec="98" bec="0" bev="0" fileid="3" />
                <SequencePoint vc="1" uspid="110" ordinal="5" offset="173" sl="144" sc="13" el="144" ec="48" bec="0" bev="0" fileid="3" />
                <SequencePoint vc="1" uspid="111" ordinal="6" offset="190" sl="145" sc="13" el="145" ec="50" bec="0" bev="0" fileid="3" />
                <SequencePoint vc="1" uspid="112" ordinal="7" offset="203" sl="146" sc="13" el="146" ec="91" bec="0" bev="0" fileid="3" />
                <SequencePoint vc="1" uspid="113" ordinal="8" offset="254" sl="147" sc="13" el="147" ec="50" bec="0" bev="0" fileid="3" />
                <SequencePoint vc="1" uspid="114" ordinal="9" offset="267" sl="149" sc="13" el="149" ec="46" bec="0" bev="0" fileid="3" />
                <SequencePoint vc="1" uspid="115" ordinal="10" offset="284" sl="150" sc="13" el="150" ec="50" bec="0" bev="0" fileid="3" />
                <SequencePoint vc="1" uspid="116" ordinal="11" offset="297" sl="151" sc="13" el="151" ec="91" bec="0" bev="0" fileid="3" />
                <SequencePoint vc="1" uspid="117" ordinal="12" offset="348" sl="152" sc="13" el="152" ec="50" bec="0" bev="0" fileid="3" />
                <SequencePoint vc="1" uspid="118" ordinal="13" offset="361" sl="154" sc="13" el="154" ec="51" bec="0" bev="0" fileid="3" />
                <SequencePoint vc="1" uspid="119" ordinal="14" offset="378" sl="155" sc="13" el="155" ec="50" bec="0" bev="0" fileid="3" />
                <SequencePoint vc="1" uspid="120" ordinal="15" offset="391" sl="156" sc="13" el="156" ec="91" bec="0" bev="0" fileid="3" />
                <SequencePoint vc="1" uspid="121" ordinal="16" offset="442" sl="157" sc="13" el="157" ec="50" bec="0" bev="0" fileid="3" />
                <SequencePoint vc="1" uspid="122" ordinal="17" offset="455" sl="160" sc="13" el="160" ec="65" bec="0" bev="0" fileid="3" />
                <SequencePoint vc="1" uspid="123" ordinal="18" offset="468" sl="162" sc="13" el="162" ec="46" bec="0" bev="0" fileid="3" />
                <SequencePoint vc="1" uspid="124" ordinal="19" offset="482" sl="164" sc="13" el="164" ec="35" bec="0" bev="0" fileid="3" />
                <SequencePoint vc="1" uspid="125" ordinal="20" offset="494" sl="165" sc="13" el="165" ec="46" bec="0" bev="0" fileid="3" />
                <SequencePoint vc="1" uspid="126" ordinal="21" offset="508" sl="166" sc="9" el="166" ec="10" bec="0" bev="0" fileid="3" />
              </SequencePoints>
              <BranchPoints />
              <MethodPoint xsi:type="SequencePoint" vc="1" uspid="105" ordinal="0" offset="0" sl="138" sc="9" el="138" ec="10" bec="0" bev="0" fileid="3" />
            </Method>
            <Method visited="true" cyclomaticComplexity="1" nPathComplexity="0" sequenceCoverage="100" branchCoverage="100" crapScore="1" isConstructor="false" isStatic="false" isGetter="false" isSetter="false">
              <Summary numSequencePoints="23" visitedSequencePoints="23" numBranchPoints="1" visitedBranchPoints="1" sequenceCoverage="100" branchCoverage="100" maxCyclomaticComplexity="1" minCyclomaticComplexity="1" maxCrapScore="1" minCrapScore="1" visitedClasses="0" numClasses="0" visitedMethods="1" numMethods="1" />
              <MetadataToken>100663321</MetadataToken>
              <Name>System.Void PowerPoint.model.state.test.DrawingStateTests::draw_a_shape_with_mouse_unpressed_move()</Name>
              <FileRef uid="3" />
              <SequencePoints>
                <SequencePoint vc="1" uspid="127" ordinal="0" offset="0" sl="171" sc="9" el="171" ec="10" bec="0" bev="0" fileid="3" />
                <SequencePoint vc="1" uspid="128" ordinal="1" offset="1" sl="172" sc="13" el="172" ec="81" bec="0" bev="0" fileid="3" />
                <SequencePoint vc="1" uspid="129" ordinal="2" offset="42" sl="173" sc="13" el="173" ec="81" bec="0" bev="0" fileid="3" />
                <SequencePoint vc="1" uspid="130" ordinal="3" offset="83" sl="174" sc="13" el="174" ec="100" bec="0" bev="0" fileid="3" />
                <SequencePoint vc="1" uspid="131" ordinal="4" offset="128" sl="175" sc="13" el="175" ec="98" bec="0" bev="0" fileid="3" />
                <SequencePoint vc="1" uspid="132" ordinal="5" offset="173" sl="177" sc="13" el="177" ec="48" bec="0" bev="0" fileid="3" />
                <SequencePoint vc="1" uspid="133" ordinal="6" offset="190" sl="178" sc="13" el="178" ec="64" bec="0" bev="0" fileid="3" />
                <SequencePoint vc="1" uspid="134" ordinal="7" offset="212" sl="180" sc="13" el="180" ec="50" bec="0" bev="0" fileid="3" />
                <SequencePoint vc="1" uspid="135" ordinal="8" offset="225" sl="181" sc="13" el="181" ec="57" bec="0" bev="0" fileid="3" />
                <SequencePoint vc="1" uspid="136" ordinal="9" offset="242" sl="183" sc="13" el="183" ec="91" bec="0" bev="0" fileid="3" />
                <SequencePoint vc="1" uspid="137" ordinal="10" offset="293" sl="184" sc="13" el="184" ec="57" bec="0" bev="0" fileid="3" />
                <SequencePoint vc="1" uspid="138" ordinal="11" offset="310" sl="186" sc="13" el="186" ec="50" bec="0" bev="0" fileid="3" />
                <SequencePoint vc="1" uspid="139" ordinal="12" offset="323" sl="187" sc="13" el="187" ec="91" bec="0" bev="0" fileid="3" />
                <SequencePoint vc="1" uspid="140" ordinal="13" offset="374" sl="188" sc="13" el="188" ec="58" bec="0" bev="0" fileid="3" />
                <SequencePoint vc="1" uspid="141" ordinal="14" offset="391" sl="190" sc="13" el="190" ec="49" bec="0" bev="0" fileid="3" />
                <SequencePoint vc="1" uspid="142" ordinal="15" offset="404" sl="191" sc="13" el="191" ec="50" bec="0" bev="0" fileid="3" />
                <SequencePoint vc="1" uspid="143" ordinal="16" offset="417" sl="192" sc="13" el="192" ec="58" bec="0" bev="0" fileid="3" />
                <SequencePoint vc="1" uspid="144" ordinal="17" offset="434" sl="194" sc="13" el="194" ec="65" bec="0" bev="0" fileid="3" />
                <SequencePoint vc="1" uspid="145" ordinal="18" offset="447" sl="196" sc="13" el="196" ec="46" bec="0" bev="0" fileid="3" />
                <SequencePoint vc="1" uspid="146" ordinal="19" offset="461" sl="197" sc="13" el="197" ec="55" bec="0" bev="0" fileid="3" />
                <SequencePoint vc="1" uspid="147" ordinal="20" offset="485" sl="198" sc="13" el="198" ec="59" bec="0" bev="0" fileid="3" />
                <SequencePoint vc="1" uspid="148" ordinal="21" offset="505" sl="199" sc="13" el="199" ec="57" bec="0" bev="0" fileid="3" />
                <SequencePoint vc="1" uspid="149" ordinal="22" offset="525" sl="200" sc="9" el="200" ec="10" bec="0" bev="0" fileid="3" />
              </SequencePoints>
              <BranchPoints />
              <MethodPoint xsi:type="SequencePoint" vc="1" uspid="127" ordinal="0" offset="0" sl="171" sc="9" el="171" ec="10" bec="0" bev="0" fileid="3" />
            </Method>
            <Method visited="true" cyclomaticComplexity="1" nPathComplexity="0" sequenceCoverage="100" branchCoverage="100" crapScore="1" isConstructor="false" isStatic="false" isGetter="false" isSetter="false">
              <Summary numSequencePoints="25" visitedSequencePoints="25" numBranchPoints="1" visitedBranchPoints="1" sequenceCoverage="100" branchCoverage="100" maxCyclomaticComplexity="1" minCyclomaticComplexity="1" maxCrapScore="1" minCrapScore="1" visitedClasses="0" numClasses="0" visitedMethods="1" numMethods="1" />
              <MetadataToken>100663322</MetadataToken>
              <Name>System.Void PowerPoint.model.state.test.DrawingStateTests::draw_a_shape_with_mouse_unpressed_release()</Name>
              <FileRef uid="3" />
              <SequencePoints>
                <SequencePoint vc="1" uspid="150" ordinal="0" offset="0" sl="205" sc="9" el="205" ec="10" bec="0" bev="0" fileid="3" />
                <SequencePoint vc="1" uspid="151" ordinal="1" offset="1" sl="206" sc="13" el="206" ec="81" bec="0" bev="0" fileid="3" />
                <SequencePoint vc="1" uspid="152" ordinal="2" offset="42" sl="207" sc="13" el="207" ec="81" bec="0" bev="0" fileid="3" />
                <SequencePoint vc="1" uspid="153" ordinal="3" offset="83" sl="208" sc="13" el="208" ec="100" bec="0" bev="0" fileid="3" />
                <SequencePoint vc="1" uspid="154" ordinal="4" offset="128" sl="209" sc="13" el="209" ec="98" bec="0" bev="0" fileid="3" />
                <SequencePoint vc="1" uspid="155" ordinal="5" offset="173" sl="211" sc="13" el="211" ec="48" bec="0" bev="0" fileid="3" />
                <SequencePoint vc="1" uspid="156" ordinal="6" offset="190" sl="212" sc="13" el="212" ec="50" bec="0" bev="0" fileid="3" />
                <SequencePoint vc="1" uspid="157" ordinal="7" offset="203" sl="213" sc="13" el="213" ec="91" bec="0" bev="0" fileid="3" />
                <SequencePoint vc="1" uspid="158" ordinal="8" offset="254" sl="214" sc="13" el="214" ec="50" bec="0" bev="0" fileid="3" />
                <SequencePoint vc="1" uspid="159" ordinal="9" offset="267" sl="215" sc="13" el="215" ec="50" bec="0" bev="0" fileid="3" />
                <SequencePoint vc="1" uspid="160" ordinal="10" offset="280" sl="217" sc="13" el="217" ec="46" bec="0" bev="0" fileid="3" />
                <SequencePoint vc="1" uspid="161" ordinal="11" offset="297" sl="218" sc="13" el="218" ec="50" bec="0" bev="0" fileid="3" />
                <SequencePoint vc="1" uspid="162" ordinal="12" offset="310" sl="219" sc="13" el="219" ec="91" bec="0" bev="0" fileid="3" />
                <SequencePoint vc="1" uspid="163" ordinal="13" offset="361" sl="220" sc="13" el="220" ec="50" bec="0" bev="0" fileid="3" />
                <SequencePoint vc="1" uspid="164" ordinal="14" offset="374" sl="222" sc="13" el="222" ec="51" bec="0" bev="0" fileid="3" />
                <SequencePoint vc="1" uspid="165" ordinal="15" offset="391" sl="223" sc="13" el="223" ec="50" bec="0" bev="0" fileid="3" />
                <SequencePoint vc="1" uspid="166" ordinal="16" offset="404" sl="224" sc="13" el="224" ec="91" bec="0" bev="0" fileid="3" />
                <SequencePoint vc="1" uspid="167" ordinal="17" offset="455" sl="225" sc="13" el="225" ec="50" bec="0" bev="0" fileid="3" />
                <SequencePoint vc="1" uspid="168" ordinal="18" offset="468" sl="226" sc="13" el="226" ec="50" bec="0" bev="0" fileid="3" />
                <SequencePoint vc="1" uspid="169" ordinal="19" offset="481" sl="229" sc="13" el="229" ec="65" bec="0" bev="0" fileid="3" />
                <SequencePoint vc="1" uspid="170" ordinal="20" offset="494" sl="231" sc="13" el="231" ec="46" bec="0" bev="0" fileid="3" />
                <SequencePoint vc="1" uspid="171" ordinal="21" offset="508" sl="233" sc="13" el="233" ec="53" bec="0" bev="0" fileid="3" />
                <SequencePoint vc="1" uspid="172" ordinal="22" offset="532" sl="234" sc="13" el="234" ec="59" bec="0" bev="0" fileid="3" />
                <SequencePoint vc="1" uspid="173" ordinal="23" offset="552" sl="235" sc="13" el="235" ec="57" bec="0" bev="0" fileid="3" />
                <SequencePoint vc="1" uspid="174" ordinal="24" offset="572" sl="236" sc="9" el="236" ec="10" bec="0" bev="0" fileid="3" />
              </SequencePoints>
              <BranchPoints />
              <MethodPoint xsi:type="SequencePoint" vc="1" uspid="150" ordinal="0" offset="0" sl="205" sc="9" el="205" ec="10" bec="0" bev="0" fileid="3" />
            </Method>
            <Method visited="true" cyclomaticComplexity="1" nPathComplexity="0" sequenceCoverage="100" branchCoverage="100" crapScore="1" isConstructor="false" isStatic="false" isGetter="false" isSetter="false">
              <Summary numSequencePoints="19" visitedSequencePoints="19" numBranchPoints="1" visitedBranchPoints="1" sequenceCoverage="100" branchCoverage="100" maxCyclomaticComplexity="1" minCyclomaticComplexity="1" maxCrapScore="1" minCrapScore="1" visitedClasses="0" numClasses="0" visitedMethods="1" numMethods="1" />
              <MetadataToken>100663323</MetadataToken>
              <Name>System.Void PowerPoint.model.state.test.DrawingStateTests::draw_single_shape_by_using_mouse_with_null_name()</Name>
              <FileRef uid="3" />
              <SequencePoints>
                <SequencePoint vc="1" uspid="175" ordinal="0" offset="0" sl="241" sc="9" el="241" ec="10" bec="0" bev="0" fileid="3" />
                <SequencePoint vc="1" uspid="176" ordinal="1" offset="1" sl="242" sc="13" el="242" ec="81" bec="0" bev="0" fileid="3" />
                <SequencePoint vc="1" uspid="177" ordinal="2" offset="42" sl="243" sc="13" el="243" ec="81" bec="0" bev="0" fileid="3" />
                <SequencePoint vc="1" uspid="178" ordinal="3" offset="83" sl="244" sc="13" el="244" ec="100" bec="0" bev="0" fileid="3" />
                <SequencePoint vc="1" uspid="179" ordinal="4" offset="128" sl="245" sc="13" el="245" ec="98" bec="0" bev="0" fileid="3" />
                <SequencePoint vc="1" uspid="180" ordinal="5" offset="173" sl="247" sc="13" el="247" ec="44" bec="0" bev="0" fileid="3" />
                <SequencePoint vc="1" uspid="181" ordinal="6" offset="186" sl="249" sc="13" el="249" ec="50" bec="0" bev="0" fileid="3" />
                <SequencePoint vc="1" uspid="182" ordinal="7" offset="199" sl="250" sc="13" el="250" ec="91" bec="0" bev="0" fileid="3" />
                <SequencePoint vc="1" uspid="183" ordinal="8" offset="250" sl="251" sc="13" el="251" ec="50" bec="0" bev="0" fileid="3" />
                <SequencePoint vc="1" uspid="184" ordinal="9" offset="263" sl="253" sc="13" el="253" ec="48" bec="0" bev="0" fileid="3" />
                <SequencePoint vc="1" uspid="185" ordinal="10" offset="280" sl="255" sc="13" el="255" ec="50" bec="0" bev="0" fileid="3" />
                <SequencePoint vc="1" uspid="186" ordinal="11" offset="293" sl="256" sc="13" el="256" ec="91" bec="0" bev="0" fileid="3" />
                <SequencePoint vc="1" uspid="187" ordinal="12" offset="344" sl="257" sc="13" el="257" ec="50" bec="0" bev="0" fileid="3" />
                <SequencePoint vc="1" uspid="188" ordinal="13" offset="357" sl="259" sc="13" el="259" ec="65" bec="0" bev="0" fileid="3" />
                <SequencePoint vc="1" uspid="189" ordinal="14" offset="370" sl="261" sc="13" el="261" ec="46" bec="0" bev="0" fileid="3" />
                <SequencePoint vc="1" uspid="190" ordinal="15" offset="384" sl="262" sc="13" el="262" ec="55" bec="0" bev="0" fileid="3" />
                <SequencePoint vc="1" uspid="191" ordinal="16" offset="408" sl="263" sc="13" el="263" ec="59" bec="0" bev="0" fileid="3" />
                <SequencePoint vc="1" uspid="192" ordinal="17" offset="428" sl="264" sc="13" el="264" ec="57" bec="0" bev="0" fileid="3" />
                <SequencePoint vc="1" uspid="193" ordinal="18" offset="448" sl="265" sc="9" el="265" ec="10" bec="0" bev="0" fileid="3" />
              </SequencePoints>
              <BranchPoints />
              <MethodPoint xsi:type="SequencePoint" vc="1" uspid="175" ordinal="0" offset="0" sl="241" sc="9" el="241" ec="10" bec="0" bev="0" fileid="3" />
            </Method>
            <Method visited="true" cyclomaticComplexity="1" nPathComplexity="0" sequenceCoverage="100" branchCoverage="100" crapScore="1" isConstructor="true" isStatic="false" isGetter="false" isSetter="false">
              <Summary numSequencePoints="1" visitedSequencePoints="1" numBranchPoints="1" visitedBranchPoints="1" sequenceCoverage="100" branchCoverage="100" maxCyclomaticComplexity="1" minCyclomaticComplexity="1" maxCrapScore="1" minCrapScore="1" visitedClasses="0" numClasses="0" visitedMethods="1" numMethods="1" />
              <MetadataToken>100663324</MetadataToken>
              <Name>System.Void PowerPoint.model.state.test.DrawingStateTests::.ctor()</Name>
              <FileRef uid="3" />
              <SequencePoints>
                <SequencePoint vc="9" uspid="194" ordinal="0" offset="0" sl="12" sc="9" el="12" ec="47" bec="0" bev="0" fileid="3" />
              </SequencePoints>
              <BranchPoints />
              <MethodPoint xsi:type="SequencePoint" vc="9" uspid="194" ordinal="0" offset="0" sl="12" sc="9" el="12" ec="47" bec="0" bev="0" fileid="3" />
            </Method>
          </Methods>
        </Class>
        <Class>
          <Summary numSequencePoints="205" visitedSequencePoints="205" numBranchPoints="12" visitedBranchPoints="12" sequenceCoverage="100" branchCoverage="100" maxCyclomaticComplexity="1" minCyclomaticComplexity="1" maxCrapScore="2" minCrapScore="1" visitedClasses="1" numClasses="1" visitedMethods="12" numMethods="12" />
          <FullName>PowerPoint.model.state.test.PointStateTests</FullName>
          <Methods>
            <Method visited="true" cyclomaticComplexity="1" nPathComplexity="0" sequenceCoverage="100" branchCoverage="100" crapScore="1" isConstructor="false" isStatic="false" isGetter="false" isSetter="false">
              <Summary numSequencePoints="6" visitedSequencePoints="6" numBranchPoints="1" visitedBranchPoints="1" sequenceCoverage="100" branchCoverage="100" maxCyclomaticComplexity="1" minCyclomaticComplexity="1" maxCrapScore="1" minCrapScore="1" visitedClasses="0" numClasses="0" visitedMethods="1" numMethods="1" />
              <MetadataToken>100663325</MetadataToken>
              <Name>System.Void PowerPoint.model.state.test.PointStateTests::Initialize()</Name>
              <FileRef uid="4" />
              <SequencePoints>
                <SequencePoint vc="10" uspid="195" ordinal="0" offset="0" sl="18" sc="9" el="18" ec="10" bec="0" bev="0" fileid="4" />
                <SequencePoint vc="10" uspid="196" ordinal="1" offset="1" sl="19" sc="13" el="19" ec="34" bec="0" bev="0" fileid="4" />
                <SequencePoint vc="10" uspid="197" ordinal="2" offset="12" sl="20" sc="13" el="20" ec="54" bec="0" bev="0" fileid="4" />
                <SequencePoint vc="10" uspid="198" ordinal="3" offset="29" sl="21" sc="13" el="21" ec="50" bec="0" bev="0" fileid="4" />
                <SequencePoint vc="10" uspid="199" ordinal="4" offset="46" sl="22" sc="13" el="22" ec="57" bec="0" bev="0" fileid="4" />
                <SequencePoint vc="10" uspid="200" ordinal="5" offset="70" sl="23" sc="9" el="23" ec="10" bec="0" bev="0" fileid="4" />
              </SequencePoints>
              <BranchPoints />
              <MethodPoint xsi:type="SequencePoint" vc="10" uspid="195" ordinal="0" offset="0" sl="18" sc="9" el="18" ec="10" bec="0" bev="0" fileid="4" />
            </Method>
            <Method visited="true" cyclomaticComplexity="1" nPathComplexity="0" sequenceCoverage="100" branchCoverage="100" crapScore="1" isConstructor="false" isStatic="false" isGetter="false" isSetter="false">
              <Summary numSequencePoints="6" visitedSequencePoints="6" numBranchPoints="1" visitedBranchPoints="1" sequenceCoverage="100" branchCoverage="100" maxCyclomaticComplexity="1" minCyclomaticComplexity="1" maxCrapScore="1" minCrapScore="1" visitedClasses="0" numClasses="0" visitedMethods="1" numMethods="1" />
              <MetadataToken>100663326</MetadataToken>
              <Name>System.Void PowerPoint.model.state.test.PointStateTests::CleanUp()</Name>
              <FileRef uid="4" />
              <SequencePoints>
                <SequencePoint vc="10" uspid="201" ordinal="0" offset="0" sl="27" sc="9" el="27" ec="10" bec="0" bev="0" fileid="4" />
                <SequencePoint vc="10" uspid="202" ordinal="1" offset="1" sl="28" sc="13" el="28" ec="34" bec="0" bev="0" fileid="4" />
                <SequencePoint vc="10" uspid="203" ordinal="2" offset="12" sl="29" sc="13" el="29" ec="54" bec="0" bev="0" fileid="4" />
                <SequencePoint vc="10" uspid="204" ordinal="3" offset="29" sl="30" sc="13" el="30" ec="50" bec="0" bev="0" fileid="4" />
                <SequencePoint vc="10" uspid="205" ordinal="4" offset="46" sl="31" sc="13" el="31" ec="57" bec="0" bev="0" fileid="4" />
                <SequencePoint vc="10" uspid="206" ordinal="5" offset="70" sl="32" sc="9" el="32" ec="10" bec="0" bev="0" fileid="4" />
              </SequencePoints>
              <BranchPoints />
              <MethodPoint xsi:type="SequencePoint" vc="10" uspid="201" ordinal="0" offset="0" sl="27" sc="9" el="27" ec="10" bec="0" bev="0" fileid="4" />
            </Method>
            <Method visited="true" cyclomaticComplexity="1" nPathComplexity="0" sequenceCoverage="100" branchCoverage="100" crapScore="1" isConstructor="false" isStatic="false" isGetter="false" isSetter="false">
              <Summary numSequencePoints="2" visitedSequencePoints="2" numBranchPoints="1" visitedBranchPoints="1" sequenceCoverage="100" branchCoverage="100" maxCyclomaticComplexity="1" minCyclomaticComplexity="1" maxCrapScore="1" minCrapScore="1" visitedClasses="0" numClasses="0" visitedMethods="1" numMethods="1" />
              <MetadataToken>100663327</MetadataToken>
              <Name>System.Void PowerPoint.model.state.test.PointStateTests::make_sure_constructor_work()</Name>
              <FileRef uid="4" />
              <SequencePoints>
                <SequencePoint vc="1" uspid="207" ordinal="0" offset="0" sl="36" sc="9" el="36" ec="10" bec="0" bev="0" fileid="4" />
                <SequencePoint vc="1" uspid="208" ordinal="1" offset="1" sl="37" sc="9" el="37" ec="10" bec="0" bev="0" fileid="4" />
              </SequencePoints>
              <BranchPoints />
              <MethodPoint xsi:type="SequencePoint" vc="1" uspid="207" ordinal="0" offset="0" sl="36" sc="9" el="36" ec="10" bec="0" bev="0" fileid="4" />
            </Method>
            <Method visited="true" cyclomaticComplexity="1" nPathComplexity="0" sequenceCoverage="100" branchCoverage="100" crapScore="1" isConstructor="false" isStatic="false" isGetter="false" isSetter="false">
              <Summary numSequencePoints="8" visitedSequencePoints="8" numBranchPoints="1" visitedBranchPoints="1" sequenceCoverage="100" branchCoverage="100" maxCyclomaticComplexity="1" minCyclomaticComplexity="1" maxCrapScore="1" minCrapScore="1" visitedClasses="0" numClasses="0" visitedMethods="1" numMethods="1" />
              <MetadataToken>100663328</MetadataToken>
              <Name>System.Void PowerPoint.model.state.test.PointStateTests::get_and_set()</Name>
              <FileRef uid="4" />
              <SequencePoints>
                <SequencePoint vc="1" uspid="209" ordinal="0" offset="0" sl="41" sc="9" el="41" ec="10" bec="0" bev="0" fileid="4" />
                <SequencePoint vc="1" uspid="210" ordinal="1" offset="1" sl="42" sc="13" el="42" ec="47" bec="0" bev="0" fileid="4" />
                <SequencePoint vc="1" uspid="211" ordinal="2" offset="14" sl="43" sc="13" el="43" ec="55" bec="0" bev="0" fileid="4" />
                <SequencePoint vc="1" uspid="212" ordinal="3" offset="31" sl="45" sc="13" el="45" ec="42" bec="0" bev="0" fileid="4" />
                <SequencePoint vc="1" uspid="213" ordinal="4" offset="45" sl="46" sc="13" el="46" ec="58" bec="0" bev="0" fileid="4" />
                <SequencePoint vc="1" uspid="214" ordinal="5" offset="64" sl="48" sc="13" el="48" ec="39" bec="0" bev="0" fileid="4" />
                <SequencePoint vc="1" uspid="215" ordinal="6" offset="77" sl="49" sc="13" el="49" ec="47" bec="0" bev="0" fileid="4" />
                <SequencePoint vc="1" uspid="216" ordinal="7" offset="94" sl="50" sc="9" el="50" ec="10" bec="0" bev="0" fileid="4" />
              </SequencePoints>
              <BranchPoints />
              <MethodPoint xsi:type="SequencePoint" vc="1" uspid="209" ordinal="0" offset="0" sl="41" sc="9" el="41" ec="10" bec="0" bev="0" fileid="4" />
            </Method>
            <Method visited="true" cyclomaticComplexity="1" nPathComplexity="0" sequenceCoverage="100" branchCoverage="100" crapScore="1" isConstructor="false" isStatic="false" isGetter="false" isSetter="false">
              <Summary numSequencePoints="48" visitedSequencePoints="48" numBranchPoints="1" visitedBranchPoints="1" sequenceCoverage="100" branchCoverage="100" maxCyclomaticComplexity="1" minCyclomaticComplexity="1" maxCrapScore="1" minCrapScore="1" visitedClasses="0" numClasses="0" visitedMethods="1" numMethods="1" />
              <MetadataToken>100663329</MetadataToken>
              <Name>System.Void PowerPoint.model.state.test.PointStateTests::is_click_the_right_button_corner()</Name>
              <FileRef uid="4" />
              <SequencePoints>
                <SequencePoint vc="1" uspid="217" ordinal="0" offset="0" sl="54" sc="9" el="54" ec="10" bec="0" bev="0" fileid="4" />
                <SequencePoint vc="1" uspid="218" ordinal="1" offset="1" sl="55" sc="13" el="55" ec="34" bec="0" bev="0" fileid="4" />
                <SequencePoint vc="1" uspid="219" ordinal="2" offset="18" sl="56" sc="13" el="56" ec="32" bec="0" bev="0" fileid="4" />
                <SequencePoint vc="1" uspid="220" ordinal="3" offset="35" sl="57" sc="13" el="57" ec="37" bec="0" bev="0" fileid="4" />
                <SequencePoint vc="1" uspid="221" ordinal="4" offset="52" sl="58" sc="13" el="58" ec="65" bec="0" bev="0" fileid="4" />
                <SequencePoint vc="1" uspid="222" ordinal="5" offset="64" sl="60" sc="13" el="60" ec="46" bec="0" bev="0" fileid="4" />
                <SequencePoint vc="1" uspid="223" ordinal="6" offset="77" sl="61" sc="13" el="61" ec="55" bec="0" bev="0" fileid="4" />
                <SequencePoint vc="1" uspid="224" ordinal="7" offset="100" sl="62" sc="13" el="62" ec="53" bec="0" bev="0" fileid="4" />
                <SequencePoint vc="1" uspid="225" ordinal="8" offset="123" sl="63" sc="13" el="63" ec="58" bec="0" bev="0" fileid="4" />
                <SequencePoint vc="1" uspid="226" ordinal="9" offset="146" sl="65" sc="13" el="65" ec="41" bec="0" bev="0" fileid="4" />
                <SequencePoint vc="1" uspid="227" ordinal="10" offset="159" sl="67" sc="13" el="67" ec="68" bec="0" bev="0" fileid="4" />
                <SequencePoint vc="1" uspid="228" ordinal="11" offset="182" sl="69" sc="13" el="69" ec="29" bec="0" bev="0" fileid="4" />
                <SequencePoint vc="1" uspid="229" ordinal="12" offset="185" sl="72" sc="13" el="72" ec="76" bec="0" bev="0" fileid="4" />
                <SequencePoint vc="1" uspid="230" ordinal="13" offset="203" sl="74" sc="13" el="74" ec="104" bec="0" bev="0" fileid="4" />
                <SequencePoint vc="1" uspid="231" ordinal="14" offset="235" sl="75" sc="13" el="75" ec="111" bec="0" bev="0" fileid="4" />
                <SequencePoint vc="1" uspid="232" ordinal="15" offset="270" sl="76" sc="13" el="76" ec="105" bec="0" bev="0" fileid="4" />
                <SequencePoint vc="1" uspid="233" ordinal="16" offset="303" sl="77" sc="13" el="77" ec="112" bec="0" bev="0" fileid="4" />
                <SequencePoint vc="1" uspid="234" ordinal="17" offset="339" sl="79" sc="13" el="79" ec="111" bec="0" bev="0" fileid="4" />
                <SequencePoint vc="1" uspid="235" ordinal="18" offset="374" sl="80" sc="13" el="80" ec="117" bec="0" bev="0" fileid="4" />
                <SequencePoint vc="1" uspid="236" ordinal="19" offset="412" sl="81" sc="13" el="81" ec="112" bec="0" bev="0" fileid="4" />
                <SequencePoint vc="1" uspid="237" ordinal="20" offset="448" sl="82" sc="13" el="82" ec="118" bec="0" bev="0" fileid="4" />
                <SequencePoint vc="1" uspid="238" ordinal="21" offset="487" sl="84" sc="13" el="84" ec="105" bec="0" bev="0" fileid="4" />
                <SequencePoint vc="1" uspid="239" ordinal="22" offset="520" sl="85" sc="13" el="85" ec="112" bec="0" bev="0" fileid="4" />
                <SequencePoint vc="1" uspid="240" ordinal="23" offset="556" sl="86" sc="13" el="86" ec="106" bec="0" bev="0" fileid="4" />
                <SequencePoint vc="1" uspid="241" ordinal="24" offset="590" sl="87" sc="13" el="87" ec="113" bec="0" bev="0" fileid="4" />
                <SequencePoint vc="1" uspid="242" ordinal="25" offset="627" sl="89" sc="13" el="89" ec="112" bec="0" bev="0" fileid="4" />
                <SequencePoint vc="1" uspid="243" ordinal="26" offset="663" sl="90" sc="13" el="90" ec="118" bec="0" bev="0" fileid="4" />
                <SequencePoint vc="1" uspid="244" ordinal="27" offset="702" sl="91" sc="13" el="91" ec="113" bec="0" bev="0" fileid="4" />
                <SequencePoint vc="1" uspid="245" ordinal="28" offset="739" sl="92" sc="13" el="92" ec="119" bec="0" bev="0" fileid="4" />
                <SequencePoint vc="1" uspid="246" ordinal="29" offset="779" sl="95" sc="13" el="95" ec="42" bec="0" bev="0" fileid="4" />
                <SequencePoint vc="1" uspid="247" ordinal="30" offset="792" sl="96" sc="13" el="96" ec="77" bec="0" bev="0" fileid="4" />
                <SequencePoint vc="1" uspid="248" ordinal="31" offset="810" sl="98" sc="13" el="98" ec="105" bec="0" bev="0" fileid="4" />
                <SequencePoint vc="1" uspid="249" ordinal="32" offset="842" sl="99" sc="13" el="99" ec="111" bec="0" bev="0" fileid="4" />
                <SequencePoint vc="1" uspid="250" ordinal="33" offset="877" sl="100" sc="13" el="100" ec="106" bec="0" bev="0" fileid="4" />
                <SequencePoint vc="1" uspid="251" ordinal="34" offset="910" sl="101" sc="13" el="101" ec="112" bec="0" bev="0" fileid="4" />
                <SequencePoint vc="1" uspid="252" ordinal="35" offset="946" sl="103" sc="13" el="103" ec="111" bec="0" bev="0" fileid="4" />
                <SequencePoint vc="1" uspid="253" ordinal="36" offset="981" sl="104" sc="13" el="104" ec="117" bec="0" bev="0" fileid="4" />
                <SequencePoint vc="1" uspid="254" ordinal="37" offset="1019" sl="105" sc="13" el="105" ec="112" bec="0" bev="0" fileid="4" />
                <SequencePoint vc="1" uspid="255" ordinal="38" offset="1055" sl="106" sc="13" el="106" ec="118" bec="0" bev="0" fileid="4" />
                <SequencePoint vc="1" uspid="256" ordinal="39" offset="1094" sl="108" sc="13" el="108" ec="106" bec="0" bev="0" fileid="4" />
                <SequencePoint vc="1" uspid="257" ordinal="40" offset="1127" sl="109" sc="13" el="109" ec="112" bec="0" bev="0" fileid="4" />
                <SequencePoint vc="1" uspid="258" ordinal="41" offset="1163" sl="110" sc="13" el="110" ec="107" bec="0" bev="0" fileid="4" />
                <SequencePoint vc="1" uspid="259" ordinal="42" offset="1197" sl="111" sc="13" el="111" ec="113" bec="0" bev="0" fileid="4" />
                <SequencePoint vc="1" uspid="260" ordinal="43" offset="1234" sl="113" sc="13" el="113" ec="112" bec="0" bev="0" fileid="4" />
                <SequencePoint vc="1" uspid="261" ordinal="44" offset="1270" sl="114" sc="13" el="114" ec="118" bec="0" bev="0" fileid="4" />
                <SequencePoint vc="1" uspid="262" ordinal="45" offset="1309" sl="115" sc="13" el="115" ec="113" bec="0" bev="0" fileid="4" />
                <SequencePoint vc="1" uspid="263" ordinal="46" offset="1346" sl="116" sc="13" el="116" ec="119" bec="0" bev="0" fileid="4" />
                <SequencePoint vc="1" uspid="264" ordinal="47" offset="1386" sl="117" sc="9" el="117" ec="10" bec="0" bev="0" fileid="4" />
              </SequencePoints>
              <BranchPoints />
              <MethodPoint xsi:type="SequencePoint" vc="1" uspid="217" ordinal="0" offset="0" sl="54" sc="9" el="54" ec="10" bec="0" bev="0" fileid="4" />
            </Method>
            <Method visited="true" cyclomaticComplexity="1" nPathComplexity="0" sequenceCoverage="100" branchCoverage="100" crapScore="1" isConstructor="false" isStatic="false" isGetter="false" isSetter="false">
              <Summary numSequencePoints="20" visitedSequencePoints="20" numBranchPoints="1" visitedBranchPoints="1" sequenceCoverage="100" branchCoverage="100" maxCyclomaticComplexity="1" minCyclomaticComplexity="1" maxCrapScore="1" minCrapScore="1" visitedClasses="0" numClasses="0" visitedMethods="1" numMethods="1" />
              <MetadataToken>100663330</MetadataToken>
              <Name>System.Void PowerPoint.model.state.test.PointStateTests::click_delete_button()</Name>
              <FileRef uid="4" />
              <SequencePoints>
                <SequencePoint vc="1" uspid="265" ordinal="0" offset="0" sl="121" sc="9" el="121" ec="10" bec="0" bev="0" fileid="4" />
                <SequencePoint vc="1" uspid="266" ordinal="1" offset="1" sl="122" sc="13" el="122" ec="34" bec="0" bev="0" fileid="4" />
                <SequencePoint vc="1" uspid="267" ordinal="2" offset="18" sl="123" sc="13" el="123" ec="32" bec="0" bev="0" fileid="4" />
                <SequencePoint vc="1" uspid="268" ordinal="3" offset="35" sl="124" sc="13" el="124" ec="37" bec="0" bev="0" fileid="4" />
                <SequencePoint vc="1" uspid="269" ordinal="4" offset="52" sl="126" sc="13" el="126" ec="65" bec="0" bev="0" fileid="4" />
                <SequencePoint vc="1" uspid="270" ordinal="5" offset="64" sl="127" sc="13" el="127" ec="46" bec="0" bev="0" fileid="4" />
                <SequencePoint vc="1" uspid="271" ordinal="6" offset="77" sl="128" sc="13" el="128" ec="55" bec="0" bev="0" fileid="4" />
                <SequencePoint vc="1" uspid="272" ordinal="7" offset="100" sl="129" sc="13" el="129" ec="53" bec="0" bev="0" fileid="4" />
                <SequencePoint vc="1" uspid="273" ordinal="8" offset="123" sl="130" sc="13" el="130" ec="58" bec="0" bev="0" fileid="4" />
                <SequencePoint vc="1" uspid="274" ordinal="9" offset="146" sl="132" sc="13" el="132" ec="41" bec="0" bev="0" fileid="4" />
                <SequencePoint vc="1" uspid="275" ordinal="10" offset="159" sl="133" sc="13" el="133" ec="45" bec="0" bev="0" fileid="4" />
                <SequencePoint vc="1" uspid="276" ordinal="11" offset="171" sl="135" sc="13" el="135" ec="46" bec="0" bev="0" fileid="4" />
                <SequencePoint vc="1" uspid="277" ordinal="12" offset="184" sl="136" sc="13" el="136" ec="55" bec="0" bev="0" fileid="4" />
                <SequencePoint vc="1" uspid="278" ordinal="13" offset="207" sl="137" sc="13" el="137" ec="58" bec="0" bev="0" fileid="4" />
                <SequencePoint vc="1" uspid="279" ordinal="14" offset="230" sl="139" sc="13" el="139" ec="42" bec="0" bev="0" fileid="4" />
                <SequencePoint vc="1" uspid="280" ordinal="15" offset="243" sl="140" sc="13" el="140" ec="45" bec="0" bev="0" fileid="4" />
                <SequencePoint vc="1" uspid="281" ordinal="16" offset="255" sl="142" sc="13" el="142" ec="46" bec="0" bev="0" fileid="4" />
                <SequencePoint vc="1" uspid="282" ordinal="17" offset="268" sl="143" sc="13" el="143" ec="55" bec="0" bev="0" fileid="4" />
                <SequencePoint vc="1" uspid="283" ordinal="18" offset="291" sl="144" sc="13" el="144" ec="58" bec="0" bev="0" fileid="4" />
                <SequencePoint vc="1" uspid="284" ordinal="19" offset="314" sl="145" sc="9" el="145" ec="10" bec="0" bev="0" fileid="4" />
              </SequencePoints>
              <BranchPoints />
              <MethodPoint xsi:type="SequencePoint" vc="1" uspid="265" ordinal="0" offset="0" sl="121" sc="9" el="121" ec="10" bec="0" bev="0" fileid="4" />
            </Method>
            <Method visited="true" cyclomaticComplexity="1" nPathComplexity="0" sequenceCoverage="100" branchCoverage="100" crapScore="1" isConstructor="false" isStatic="false" isGetter="false" isSetter="false">
              <Summary numSequencePoints="8" visitedSequencePoints="8" numBranchPoints="1" visitedBranchPoints="1" sequenceCoverage="100" branchCoverage="100" maxCyclomaticComplexity="1" minCyclomaticComplexity="1" maxCrapScore="1" minCrapScore="1" visitedClasses="0" numClasses="0" visitedMethods="1" numMethods="1" />
              <MetadataToken>100663331</MetadataToken>
              <Name>System.Void PowerPoint.model.state.test.PointStateTests::zoom_a_shape()</Name>
              <FileRef uid="4" />
              <SequencePoints>
                <SequencePoint vc="1" uspid="285" ordinal="0" offset="0" sl="149" sc="9" el="149" ec="10" bec="0" bev="0" fileid="4" />
                <SequencePoint vc="1" uspid="286" ordinal="1" offset="1" sl="150" sc="13" el="150" ec="81" bec="0" bev="0" fileid="4" />
                <SequencePoint vc="1" uspid="287" ordinal="2" offset="68" sl="152" sc="13" el="152" ec="58" bec="0" bev="0" fileid="4" />
                <SequencePoint vc="1" uspid="288" ordinal="3" offset="95" sl="153" sc="13" el="153" ec="57" bec="0" bev="0" fileid="4" />
                <SequencePoint vc="1" uspid="289" ordinal="4" offset="122" sl="154" sc="13" el="154" ec="60" bec="0" bev="0" fileid="4" />
                <SequencePoint vc="1" uspid="290" ordinal="5" offset="149" sl="156" sc="13" el="156" ec="86" bec="0" bev="0" fileid="4" />
                <SequencePoint vc="1" uspid="291" ordinal="6" offset="192" sl="157" sc="13" el="157" ec="86" bec="0" bev="0" fileid="4" />
                <SequencePoint vc="1" uspid="292" ordinal="7" offset="235" sl="158" sc="9" el="158" ec="10" bec="0" bev="0" fileid="4" />
              </SequencePoints>
              <BranchPoints />
              <MethodPoint xsi:type="SequencePoint" vc="1" uspid="285" ordinal="0" offset="0" sl="149" sc="9" el="149" ec="10" bec="0" bev="0" fileid="4" />
            </Method>
[...]
                <SequencePoint vc="76" uspid="1918" ordinal="3" offset="21" sl="31" sc="9" el="31" ec="39" bec="0" bev="0" fileid="35" />
                <SequencePoint vc="76" uspid="1919" ordinal="4" offset="28" sl="32" sc="9" el="32" ec="10" bec="0" bev="0" fileid="35" />
                <SequencePoint vc="76" uspid="1920" ordinal="5" offset="29" sl="33" sc="13" el="33" ec="28" bec="0" bev="0" fileid="35" />
                <SequencePoint vc="76" uspid="1921" ordinal="6" offset="36" sl="34" sc="9" el="34" ec="10" bec="0" bev="0" fileid="35" />
              </SequencePoints>
              <BranchPoints />
              <MethodPoint xsi:type="SequencePoint" vc="76" uspid="1915" ordinal="0" offset="0" sl="10" sc="9" el="10" ec="46" bec="0" bev="0" fileid="35" />
            </Method>
            <Method visited="true" cyclomaticComplexity="1" nPathComplexity="0" sequenceCoverage="100" branchCoverage="100" crapScore="1" isConstructor="false" isStatic="false" isGetter="false" isSetter="false">
              <Summary numSequencePoints="6" visitedSequencePoints="6" numBranchPoints="1" visitedBranchPoints="1" sequenceCoverage="100" branchCoverage="100" maxCyclomaticComplexity="1" minCyclomaticComplexity="1" maxCrapScore="1" minCrapScore="1" visitedClasses="0" numClasses="0" visitedMethods="1" numMethods="1" />
              <MetadataToken>100663457</MetadataToken>
              <Name>System.Void PowerPoint.model.state.PointState::MousePress(System.Drawing.PointF)</Name>
              <FileRef uid="35" />
              <SequencePoints>
                <SequencePoint vc="8" uspid="1922" ordinal="0" offset="0" sl="38" sc="9" el="38" ec="10" bec="0" bev="0" fileid="35" />
                <SequencePoint vc="8" uspid="1923" ordinal="1" offset="1" sl="39" sc="13" el="39" ec="48" bec="0" bev="0" fileid="35" />
                <SequencePoint vc="8" uspid="1924" ordinal="2" offset="16" sl="40" sc="13" el="40" ec="29" bec="0" bev="0" fileid="35" />
                <SequencePoint vc="8" uspid="1925" ordinal="3" offset="23" sl="41" sc="13" el="41" ec="58" bec="0" bev="0" fileid="35" />
                <SequencePoint vc="8" uspid="1926" ordinal="4" offset="41" sl="42" sc="13" el="42" ec="58" bec="0" bev="0" fileid="35" />
                <SequencePoint vc="8" uspid="1927" ordinal="5" offset="54" sl="43" sc="9" el="43" ec="10" bec="0" bev="0" fileid="35" />
              </SequencePoints>
              <BranchPoints />
              <MethodPoint xsi:type="SequencePoint" vc="8" uspid="1922" ordinal="0" offset="0" sl="38" sc="9" el="38" ec="10" bec="0" bev="0" fileid="35" />
            </Method>
            <Method visited="true" cyclomaticComplexity="6" nPathComplexity="32" sequenceCoverage="100" branchCoverage="100" crapScore="6" isConstructor="false" isStatic="false" isGetter="false" isSetter="false">
              <Summary numSequencePoints="10" visitedSequencePoints="10" numBranchPoints="11" visitedBranchPoints="11" sequenceCoverage="100" branchCoverage="100" maxCyclomaticComplexity="6" minCyclomaticComplexity="6" maxCrapScore="6" minCrapScore="6" visitedClasses="0" numClasses="0" visitedMethods="1" numMethods="1" />
              <MetadataToken>100663458</MetadataToken>
              <Name>System.Boolean PowerPoint.model.state.PointState::IsClickTheRightBottomCorner(System.Drawing.PointF)</Name>
              <FileRef uid="35" />
              <SequencePoints>
                <SequencePoint vc="42" uspid="1928" ordinal="0" offset="0" sl="47" sc="9" el="47" ec="10" bec="0" bev="0" fileid="35" />
                <SequencePoint vc="42" uspid="1929" ordinal="1" offset="1" sl="49" sc="13" el="49" ec="36" bec="2" bev="2" fileid="35" />
                <SequencePoint vc="25" uspid="1930" ordinal="2" offset="20" sl="50" sc="13" el="50" ec="14" bec="0" bev="0" fileid="35" />
                <SequencePoint vc="25" uspid="1931" ordinal="3" offset="21" sl="51" sc="17" el="51" ec="76" bec="0" bev="0" fileid="35" />
                <SequencePoint vc="25" uspid="1932" ordinal="4" offset="49" sl="52" sc="17" el="52" ec="138" bec="6" bev="6" fileid="35" />
                <SequencePoint vc="13" uspid="1933" ordinal="5" offset="147" sl="53" sc="17" el="53" ec="18" bec="0" bev="0" fileid="35" />
                <SequencePoint vc="13" uspid="1934" ordinal="6" offset="148" sl="54" sc="21" el="54" ec="33" bec="0" bev="0" fileid="35" />
                <SequencePoint vc="12" uspid="1935" ordinal="7" offset="152" sl="56" sc="13" el="56" ec="14" bec="0" bev="0" fileid="35" />
                <SequencePoint vc="29" uspid="1936" ordinal="8" offset="153" sl="57" sc="13" el="57" ec="26" bec="0" bev="0" fileid="35" />
                <SequencePoint vc="42" uspid="1937" ordinal="9" offset="157" sl="58" sc="9" el="58" ec="10" bec="0" bev="0" fileid="35" />
              </SequencePoints>
              <BranchPoints>
                <BranchPoint vc="25" uspid="1938" ordinal="0" offset="15" sl="49" path="0" offsetend="20" fileid="35" />
                <BranchPoint vc="17" uspid="1939" ordinal="1" offset="15" sl="49" path="1" offsetend="153" fileid="35" />
                <BranchPoint vc="21" uspid="1940" ordinal="2" offset="69" sl="52" path="0" offsetend="71" fileid="35" />
                <BranchPoint vc="4" uspid="1941" ordinal="3" offset="69" sl="52" path="1" offsetend="142" fileid="35" />
                <BranchPoint vc="17" uspid="1942" ordinal="4" offset="91" sl="52" path="0" offsetend="93" fileid="35" />
                <BranchPoint vc="4" uspid="1943" ordinal="5" offset="91" sl="52" path="1" offsetend="142" fileid="35" />
                <BranchPoint vc="15" uspid="1944" ordinal="6" offset="113" sl="52" path="0" offsetend="115" fileid="35" />
                <BranchPoint vc="10" uspid="1945" ordinal="7" offset="113" sl="52" path="1" offsetend="142" fileid="35" />
                <BranchPoint vc="13" uspid="1946" ordinal="8" offset="145" sl="52" path="0" offsetend="147" fileid="35" />
                <BranchPoint vc="12" uspid="1947" ordinal="9" offset="145" sl="52" path="1" offsetend="152" fileid="35" />
              </BranchPoints>
              <MethodPoint xsi:type="SequencePoint" vc="42" uspid="1928" ordinal="0" offset="0" sl="47" sc="9" el="47" ec="10" bec="0" bev="0" fileid="35" />
            </Method>
            <Method visited="true" cyclomaticComplexity="5" nPathComplexity="8" sequenceCoverage="100" branchCoverage="100" crapScore="5" isConstructor="false" isStatic="false" isGetter="false" isSetter="false">
              <Summary numSequencePoints="16" visitedSequencePoints="16" numBranchPoints="7" visitedBranchPoints="7" sequenceCoverage="100" branchCoverage="100" maxCyclomaticComplexity="5" minCyclomaticComplexity="5" maxCrapScore="5" minCrapScore="5" visitedClasses="0" numClasses="0" visitedMethods="1" numMethods="1" />
              <MetadataToken>100663459</MetadataToken>
              <Name>System.Void PowerPoint.model.state.PointState::MouseMove(System.Drawing.PointF)</Name>
              <FileRef uid="35" />
              <SequencePoints>
                <SequencePoint vc="14" uspid="1948" ordinal="0" offset="0" sl="62" sc="9" el="62" ec="10" bec="0" bev="0" fileid="35" />
                <SequencePoint vc="14" uspid="1949" ordinal="1" offset="1" sl="64" sc="13" el="64" ec="55" bec="4" bev="4" fileid="35" />
                <SequencePoint vc="8" uspid="1950" ordinal="2" offset="23" sl="65" sc="13" el="65" ec="14" bec="0" bev="0" fileid="35" />
                <SequencePoint vc="8" uspid="1951" ordinal="3" offset="24" sl="66" sc="17" el="66" ec="29" bec="2" bev="2" fileid="35" />
                <SequencePoint vc="5" uspid="1952" ordinal="4" offset="34" sl="67" sc="17" el="67" ec="18" bec="0" bev="0" fileid="35" />
                <SequencePoint vc="5" uspid="1953" ordinal="5" offset="35" sl="68" sc="21" el="68" ec="71" bec="0" bev="0" fileid="35" />
                <SequencePoint vc="5" uspid="1954" ordinal="6" offset="64" sl="69" sc="21" el="69" ec="37" bec="0" bev="0" fileid="35" />
                <SequencePoint vc="5" uspid="1955" ordinal="7" offset="71" sl="70" sc="21" el="70" ec="49" bec="0" bev="0" fileid="35" />
                <SequencePoint vc="5" uspid="1956" ordinal="8" offset="83" sl="71" sc="17" el="71" ec="18" bec="0" bev="0" fileid="35" />
                <SequencePoint vc="3" uspid="1957" ordinal="9" offset="86" sl="73" sc="17" el="73" ec="18" bec="0" bev="0" fileid="35" />
                <SequencePoint vc="3" uspid="1958" ordinal="10" offset="87" sl="74" sc="21" el="74" ec="80" bec="0" bev="0" fileid="35" />
                <SequencePoint vc="3" uspid="1959" ordinal="11" offset="122" sl="75" sc="21" el="75" ec="37" bec="0" bev="0" fileid="35" />
                <SequencePoint vc="3" uspid="1960" ordinal="12" offset="129" sl="76" sc="21" el="76" ec="49" bec="0" bev="0" fileid="35" />
                <SequencePoint vc="3" uspid="1961" ordinal="13" offset="141" sl="77" sc="17" el="77" ec="18" bec="0" bev="0" fileid="35" />
                <SequencePoint vc="8" uspid="1962" ordinal="14" offset="142" sl="78" sc="13" el="78" ec="14" bec="0" bev="0" fileid="35" />
                <SequencePoint vc="14" uspid="1963" ordinal="15" offset="143" sl="79" sc="9" el="79" ec="10" bec="0" bev="0" fileid="35" />
              </SequencePoints>
              <BranchPoints>
                <BranchPoint vc="11" uspid="1964" ordinal="0" offset="8" sl="64" path="0" offsetend="10" fileid="35" />
                <BranchPoint vc="3" uspid="1965" ordinal="1" offset="8" sl="64" path="1" offsetend="18" fileid="35" />
                <BranchPoint vc="8" uspid="1966" ordinal="2" offset="21" sl="64" path="0" offsetend="23" fileid="35" />
                <BranchPoint vc="6" uspid="1967" ordinal="3" offset="21" sl="64" path="1" offsetend="143" fileid="35" />
                <BranchPoint vc="5" uspid="1968" ordinal="4" offset="32" sl="66" path="0" offsetend="34" fileid="35" />
                <BranchPoint vc="3" uspid="1969" ordinal="5" offset="32" sl="66" path="1" offsetend="86" fileid="35" />
              </BranchPoints>
              <MethodPoint xsi:type="SequencePoint" vc="14" uspid="1948" ordinal="0" offset="0" sl="62" sc="9" el="62" ec="10" bec="0" bev="0" fileid="35" />
            </Method>
            <Method visited="true" cyclomaticComplexity="5" nPathComplexity="8" sequenceCoverage="100" branchCoverage="100" crapScore="5" isConstructor="false" isStatic="false" isGetter="false" isSetter="false">
              <Summary numSequencePoints="13" visitedSequencePoints="13" numBranchPoints="7" visitedBranchPoints="7" sequenceCoverage="100" branchCoverage="100" maxCyclomaticComplexity="5" minCyclomaticComplexity="5" maxCrapScore="5" minCrapScore="5" visitedClasses="0" numClasses="0" visitedMethods="1" numMethods="1" />
              <MetadataToken>100663460</MetadataToken>
              <Name>System.Void PowerPoint.model.state.PointState::MouseRelease(System.Drawing.PointF)</Name>
              <FileRef uid="35" />
              <SequencePoints>
                <SequencePoint vc="12" uspid="1970" ordinal="0" offset="0" sl="83" sc="9" el="83" ec="10" bec="0" bev="0" fileid="35" />
                <SequencePoint vc="12" uspid="1971" ordinal="1" offset="1" sl="84" sc="13" el="84" ec="55" bec="4" bev="4" fileid="35" />
                <SequencePoint vc="8" uspid="1972" ordinal="2" offset="23" sl="85" sc="13" el="85" ec="14" bec="0" bev="0" fileid="35" />
                <SequencePoint vc="8" uspid="1973" ordinal="3" offset="24" sl="86" sc="17" el="86" ec="29" bec="2" bev="2" fileid="35" />
                <SequencePoint vc="5" uspid="1974" ordinal="4" offset="34" sl="87" sc="17" el="87" ec="18" bec="0" bev="0" fileid="35" />
                <SequencePoint vc="5" uspid="1975" ordinal="5" offset="35" sl="88" sc="21" el="88" ec="47" bec="0" bev="0" fileid="35" />
                <SequencePoint vc="5" uspid="1976" ordinal="6" offset="43" sl="89" sc="17" el="89" ec="18" bec="0" bev="0" fileid="35" />
                <SequencePoint vc="3" uspid="1977" ordinal="7" offset="46" sl="91" sc="17" el="91" ec="18" bec="0" bev="0" fileid="35" />
                <SequencePoint vc="3" uspid="1978" ordinal="8" offset="47" sl="92" sc="21" el="92" ec="50" bec="0" bev="0" fileid="35" />
                <SequencePoint vc="3" uspid="1979" ordinal="9" offset="55" sl="93" sc="17" el="93" ec="18" bec="0" bev="0" fileid="35" />
                <SequencePoint vc="8" uspid="1980" ordinal="10" offset="56" sl="94" sc="13" el="94" ec="14" bec="0" bev="0" fileid="35" />
                <SequencePoint vc="12" uspid="1981" ordinal="11" offset="57" sl="95" sc="13" el="95" ec="37" bec="0" bev="0" fileid="35" />
                <SequencePoint vc="12" uspid="1982" ordinal="12" offset="64" sl="96" sc="9" el="96" ec="10" bec="0" bev="0" fileid="35" />
              </SequencePoints>
              <BranchPoints>
                <BranchPoint vc="9" uspid="1983" ordinal="0" offset="8" sl="84" path="0" offsetend="10" fileid="35" />
                <BranchPoint vc="3" uspid="1984" ordinal="1" offset="8" sl="84" path="1" offsetend="18" fileid="35" />
                <BranchPoint vc="8" uspid="1985" ordinal="2" offset="21" sl="84" path="0" offsetend="23" fileid="35" />
                <BranchPoint vc="4" uspid="1986" ordinal="3" offset="21" sl="84" path="1" offsetend="57" fileid="35" />
                <BranchPoint vc="5" uspid="1987" ordinal="4" offset="32" sl="86" path="0" offsetend="34" fileid="35" />
                <BranchPoint vc="3" uspid="1988" ordinal="5" offset="32" sl="86" path="1" offsetend="46" fileid="35" />
              </BranchPoints>
              <MethodPoint xsi:type="SequencePoint" vc="12" uspid="1970" ordinal="0" offset="0" sl="83" sc="9" el="83" ec="10" bec="0" bev="0" fileid="35" />
            </Method>
            <Method visited="true" cyclomaticComplexity="1" nPathComplexity="0" sequenceCoverage="100" branchCoverage="100" crapScore="1" isConstructor="false" isStatic="false" isGetter="false" isSetter="false">
              <Summary numSequencePoints="7" visitedSequencePoints="7" numBranchPoints="1" visitedBranchPoints="1" sequenceCoverage="100" branchCoverage="100" maxCyclomaticComplexity="1" minCyclomaticComplexity="1" maxCrapScore="1" minCrapScore="1" visitedClasses="0" numClasses="0" visitedMethods="1" numMethods="1" />
              <MetadataToken>100663461</MetadataToken>
              <Name>System.Void PowerPoint.model.state.PointState::IsZoomMouseRelease(System.Drawing.PointF)</Name>
              <FileRef uid="35" />
              <SequencePoints>
                <SequencePoint vc="5" uspid="1989" ordinal="0" offset="0" sl="100" sc="9" el="100" ec="10" bec="0" bev="0" fileid="35" />
                <SequencePoint vc="5" uspid="1990" ordinal="1" offset="1" sl="101" sc="13" el="101" ec="29" bec="0" bev="0" fileid="35" />
                <SequencePoint vc="5" uspid="1991" ordinal="2" offset="8" sl="102" sc="13" el="102" ec="63" bec="0" bev="0" fileid="35" />
                <SequencePoint vc="5" uspid="1992" ordinal="3" offset="37" sl="103" sc="13" el="103" ec="65" bec="0" bev="0" fileid="35" />
                <SequencePoint vc="5" uspid="1993" ordinal="4" offset="65" sl="108" sc="13" el="108" ec="29" bec="0" bev="0" fileid="35" />
                <SequencePoint vc="5" uspid="1994" ordinal="5" offset="72" sl="109" sc="13" el="109" ec="41" bec="0" bev="0" fileid="35" />
                <SequencePoint vc="5" uspid="1995" ordinal="6" offset="84" sl="110" sc="9" el="110" ec="10" bec="0" bev="0" fileid="35" />
              </SequencePoints>
              <BranchPoints />
              <MethodPoint xsi:type="SequencePoint" vc="5" uspid="1989" ordinal="0" offset="0" sl="100" sc="9" el="100" ec="10" bec="0" bev="0" fileid="35" />
            </Method>
            <Method visited="true" cyclomaticComplexity="1" nPathComplexity="0" sequenceCoverage="100" branchCoverage="100" crapScore="1" isConstructor="false" isStatic="false" isGetter="false" isSetter="false">
              <Summary numSequencePoints="6" visitedSequencePoints="6" numBranchPoints="1" visitedBranchPoints="1" sequenceCoverage="100" branchCoverage="100" maxCyclomaticComplexity="1" minCyclomaticComplexity="1" maxCrapScore="1" minCrapScore="1" visitedClasses="0" numClasses="0" visitedMethods="1" numMethods="1" />
              <MetadataToken>100663462</MetadataToken>
              <Name>System.Void PowerPoint.model.state.PointState::IsNotZoomMouseRelease(System.Drawing.PointF)</Name>
              <FileRef uid="35" />
              <SequencePoints>
                <SequencePoint vc="3" uspid="1996" ordinal="0" offset="0" sl="114" sc="9" el="114" ec="10" bec="0" bev="0" fileid="35" />
                <SequencePoint vc="3" uspid="1997" ordinal="1" offset="1" sl="115" sc="13" el="115" ec="72" bec="0" bev="0" fileid="35" />
                <SequencePoint vc="3" uspid="1998" ordinal="2" offset="36" sl="116" sc="13" el="116" ec="65" bec="0" bev="0" fileid="35" />
                <SequencePoint vc="3" uspid="1999" ordinal="3" offset="64" sl="117" sc="13" el="117" ec="29" bec="0" bev="0" fileid="35" />
                <SequencePoint vc="3" uspid="2000" ordinal="4" offset="71" sl="118" sc="13" el="118" ec="41" bec="0" bev="0" fileid="35" />
                <SequencePoint vc="3" uspid="2001" ordinal="5" offset="83" sl="119" sc="9" el="119" ec="10" bec="0" bev="0" fileid="35" />
              </SequencePoints>
              <BranchPoints />
              <MethodPoint xsi:type="SequencePoint" vc="3" uspid="1996" ordinal="0" offset="0" sl="114" sc="9" el="114" ec="10" bec="0" bev="0" fileid="35" />
            </Method>
            <Method visited="true" cyclomaticComplexity="2" nPathComplexity="2" sequenceCoverage="100" branchCoverage="100" crapScore="2" isConstructor="false" isStatic="false" isGetter="false" isSetter="false">
              <Summary numSequencePoints="7" visitedSequencePoints="7" numBranchPoints="3" visitedBranchPoints="3" sequenceCoverage="100" branchCoverage="100" maxCyclomaticComplexity="2" minCyclomaticComplexity="2" maxCrapScore="2" minCrapScore="2" visitedClasses="0" numClasses="0" visitedMethods="1" numMethods="1" />
              <MetadataToken>100663463</MetadataToken>
              <Name>System.Void PowerPoint.model.state.PointState::ClickDeleteButton()</Name>
              <FileRef uid="35" />
              <SequencePoints>
                <SequencePoint vc="2" uspid="2002" ordinal="0" offset="0" sl="123" sc="9" el="123" ec="10" bec="0" bev="0" fileid="35" />
                <SequencePoint vc="2" uspid="2003" ordinal="1" offset="1" sl="124" sc="13" el="124" ec="36" bec="2" bev="2" fileid="35" />
                <SequencePoint vc="1" uspid="2004" ordinal="2" offset="17" sl="125" sc="13" el="125" ec="14" bec="0" bev="0" fileid="35" />
                <SequencePoint vc="1" uspid="2005" ordinal="3" offset="18" sl="126" sc="17" el="126" ec="45" bec="0" bev="0" fileid="35" />
                <SequencePoint vc="1" uspid="2006" ordinal="4" offset="36" sl="127" sc="17" el="127" ec="35" bec="0" bev="0" fileid="35" />
                <SequencePoint vc="1" uspid="2007" ordinal="5" offset="43" sl="128" sc="13" el="128" ec="14" bec="0" bev="0" fileid="35" />
                <SequencePoint vc="2" uspid="2008" ordinal="6" offset="44" sl="129" sc="9" el="129" ec="10" bec="0" bev="0" fileid="35" />
              </SequencePoints>
              <BranchPoints>
                <BranchPoint vc="1" uspid="2009" ordinal="0" offset="15" sl="124" path="0" offsetend="17" fileid="35" />
                <BranchPoint vc="1" uspid="2010" ordinal="1" offset="15" sl="124" path="1" offsetend="44" fileid="35" />
              </BranchPoints>
              <MethodPoint xsi:type="SequencePoint" vc="2" uspid="2002" ordinal="0" offset="0" sl="123" sc="9" el="123" ec="10" bec="0" bev="0" fileid="35" />
            </Method>
          </Methods>
        </Class>
      </Classes>
    </Module>
  </Modules>
</CoverageSession>