<?xml version="1.0" encoding="utf-8"?>
<CoverageSession xmlns:xsd="http://www.w3.org/2001/XMLSchema" xmlns:xsi="http://www.w3.org/2001/XMLSchema-instance" Version="4.7.922.0">
  <Summary numSequencePoints="2469" visitedSequencePoints="1999" numBranchPoints="446" visitedBranchPoints="367" sequenceCoverage="80.96" branchCoverage="82.29" maxCyclomaticComplexity="7" minCyclomaticComplexity="1" maxCrapScore="30" minCrapScore="1" visitedClasses="27" numClasses="31" visitedMethods="278" numMethods="324" />
  <Modules>
    <Module hash="42-A7-E7-64-08-E0-6E-B6-3F-ED-1E-B7-16-31-D3-8B-30-37-2B-6F">
      <Summary numSequencePoints="1354" visitedSequencePoints="1354" numBranchPoints="155" visitedBranchPoints="155" sequenceCoverage="100" branchCoverage="100" maxCyclomaticComplexity="1" minCyclomaticComplexity="1" maxCrapScore="2" minCrapScore="1" visitedClasses="11" numClasses="11" visitedMethods="155" numMethods="155" />
      <ModulePath>C:\Users\CalvinWan\Documents\GitHub\PowerPoint\PowerPointTests\bin\Debug\fine-code-coverage\build-output\PowerPointTests.dll</ModulePath>
      <ModuleTime>2023-12-11T08:25:52.3119102Z</ModuleTime>
      <ModuleName>PowerPointTests</ModuleName>
      <Files>
        <File uid="1" fullPath="C:\Users\CalvinWan\Documents\GitHub\PowerPoint\PowerPointTests\model\FakeModel.cs" />
        <File uid="2" fullPath="C:\Users\CalvinWan\Documents\GitHub\PowerPoint\PowerPointTests\model\shape\FakeGraphicsAdaptor.cs" />
        <File uid="3" fullPath="C:\Users\CalvinWan\Documents\GitHub\PowerPoint\PowerPointTests\presentation_model\FormPresentationModelTests.cs" />
        <File uid="4" fullPath="C:\Users\CalvinWan\Documents\GitHub\PowerPoint\PowerPointTests\model\state\DrawingStateTests.cs" />
        <File uid="5" fullPath="C:\Users\CalvinWan\Documents\GitHub\PowerPoint\PowerPointTests\model\state\PointStateTests.cs" />
        <File uid="6" fullPath="C:\Users\CalvinWan\Documents\GitHub\PowerPoint\PowerPointTests\model\shape\CircleTests.cs" />
        <File uid="7" fullPath="C:\Users\CalvinWan\Documents\GitHub\PowerPoint\PowerPointTests\model\shape\LineTests.cs" />
        <File uid="8" fullPath="C:\Users\CalvinWan\Documents\GitHub\PowerPoint\PowerPointTests\model\shape\RectangleTests.cs" />
        <File uid="9" fullPath="C:\Users\CalvinWan\Documents\GitHub\PowerPoint\PowerPointTests\model\FactoryTests.cs" />
        <File uid="10" fullPath="C:\Users\CalvinWan\Documents\GitHub\PowerPoint\PowerPointTests\model\ModelTests.cs" />
        <File uid="11" fullPath="C:\Users\CalvinWan\Documents\GitHub\PowerPoint\PowerPointTests\model\ShapesTests.cs" />
      </Files>
      <Classes>
        <Class>
          <Summary numSequencePoints="70" visitedSequencePoints="70" numBranchPoints="21" visitedBranchPoints="21" sequenceCoverage="100" branchCoverage="100" maxCyclomaticComplexity="1" minCyclomaticComplexity="1" maxCrapScore="1" minCrapScore="1" visitedClasses="1" numClasses="1" visitedMethods="21" numMethods="21" />
          <FullName>PowerPointTests.model.FakeModel</FullName>
          <Methods>
            <Method visited="true" cyclomaticComplexity="1" nPathComplexity="0" sequenceCoverage="100" branchCoverage="100" crapScore="1" isConstructor="false" isStatic="false" isGetter="true" isSetter="false">
              <Summary numSequencePoints="3" visitedSequencePoints="3" numBranchPoints="1" visitedBranchPoints="1" sequenceCoverage="100" branchCoverage="100" maxCyclomaticComplexity="1" minCyclomaticComplexity="1" maxCrapScore="1" minCrapScore="1" visitedClasses="0" numClasses="0" visitedMethods="1" numMethods="1" />
              <MetadataToken>100663297</MetadataToken>
              <Name>System.String PowerPointTests.model.FakeModel::get_ShapeName()</Name>
              <FileRef uid="1" />
              <SequencePoints>
                <SequencePoint vc="7" uspid="1" ordinal="0" offset="0" sl="20" sc="13" el="20" ec="14" bec="0" bev="0" fileid="1" />
                <SequencePoint vc="7" uspid="2" ordinal="1" offset="1" sl="21" sc="17" el="21" ec="35" bec="0" bev="0" fileid="1" />
                <SequencePoint vc="7" uspid="3" ordinal="2" offset="10" sl="22" sc="13" el="22" ec="14" bec="0" bev="0" fileid="1" />
              </SequencePoints>
              <BranchPoints />
              <MethodPoint xsi:type="SequencePoint" vc="7" uspid="1" ordinal="0" offset="0" sl="20" sc="13" el="20" ec="14" bec="0" bev="0" fileid="1" />
            </Method>
            <Method visited="true" cyclomaticComplexity="1" nPathComplexity="0" sequenceCoverage="100" branchCoverage="100" crapScore="1" isConstructor="false" isStatic="false" isGetter="false" isSetter="true">
              <Summary numSequencePoints="3" visitedSequencePoints="3" numBranchPoints="1" visitedBranchPoints="1" sequenceCoverage="100" branchCoverage="100" maxCyclomaticComplexity="1" minCyclomaticComplexity="1" maxCrapScore="1" minCrapScore="1" visitedClasses="0" numClasses="0" visitedMethods="1" numMethods="1" />
              <MetadataToken>100663298</MetadataToken>
              <Name>System.Void PowerPointTests.model.FakeModel::set_ShapeName(System.String)</Name>
              <FileRef uid="1" />
              <SequencePoints>
                <SequencePoint vc="7" uspid="4" ordinal="0" offset="0" sl="24" sc="13" el="24" ec="14" bec="0" bev="0" fileid="1" />
                <SequencePoint vc="7" uspid="5" ordinal="1" offset="1" sl="25" sc="17" el="25" ec="36" bec="0" bev="0" fileid="1" />
                <SequencePoint vc="7" uspid="6" ordinal="2" offset="8" sl="26" sc="13" el="26" ec="14" bec="0" bev="0" fileid="1" />
              </SequencePoints>
              <BranchPoints />
              <MethodPoint xsi:type="SequencePoint" vc="7" uspid="4" ordinal="0" offset="0" sl="24" sc="13" el="24" ec="14" bec="0" bev="0" fileid="1" />
            </Method>
            <Method visited="true" cyclomaticComplexity="1" nPathComplexity="0" sequenceCoverage="100" branchCoverage="100" crapScore="1" isConstructor="false" isStatic="false" isGetter="true" isSetter="false">
              <Summary numSequencePoints="3" visitedSequencePoints="3" numBranchPoints="1" visitedBranchPoints="1" sequenceCoverage="100" branchCoverage="100" maxCyclomaticComplexity="1" minCyclomaticComplexity="1" maxCrapScore="1" minCrapScore="1" visitedClasses="0" numClasses="0" visitedMethods="1" numMethods="1" />
              <MetadataToken>100663299</MetadataToken>
              <Name>System.Int32 PowerPointTests.model.FakeModel::get_DrawUsed()</Name>
              <FileRef uid="1" />
              <SequencePoints>
                <SequencePoint vc="3" uspid="7" ordinal="0" offset="0" sl="32" sc="13" el="32" ec="14" bec="0" bev="0" fileid="1" />
                <SequencePoint vc="3" uspid="8" ordinal="1" offset="1" sl="33" sc="17" el="33" ec="34" bec="0" bev="0" fileid="1" />
                <SequencePoint vc="3" uspid="9" ordinal="2" offset="10" sl="34" sc="13" el="34" ec="14" bec="0" bev="0" fileid="1" />
              </SequencePoints>
              <BranchPoints />
              <MethodPoint xsi:type="SequencePoint" vc="3" uspid="7" ordinal="0" offset="0" sl="32" sc="13" el="32" ec="14" bec="0" bev="0" fileid="1" />
            </Method>
            <Method visited="true" cyclomaticComplexity="1" nPathComplexity="0" sequenceCoverage="100" branchCoverage="100" crapScore="1" isConstructor="false" isStatic="false" isGetter="false" isSetter="true">
              <Summary numSequencePoints="3" visitedSequencePoints="3" numBranchPoints="1" visitedBranchPoints="1" sequenceCoverage="100" branchCoverage="100" maxCyclomaticComplexity="1" minCyclomaticComplexity="1" maxCrapScore="1" minCrapScore="1" visitedClasses="0" numClasses="0" visitedMethods="1" numMethods="1" />
              <MetadataToken>100663300</MetadataToken>
              <Name>System.Void PowerPointTests.model.FakeModel::set_DrawUsed(System.Int32)</Name>
              <FileRef uid="1" />
              <SequencePoints>
                <SequencePoint vc="2" uspid="10" ordinal="0" offset="0" sl="36" sc="13" el="36" ec="14" bec="0" bev="0" fileid="1" />
                <SequencePoint vc="2" uspid="11" ordinal="1" offset="1" sl="37" sc="17" el="37" ec="35" bec="0" bev="0" fileid="1" />
                <SequencePoint vc="2" uspid="12" ordinal="2" offset="8" sl="38" sc="13" el="38" ec="14" bec="0" bev="0" fileid="1" />
              </SequencePoints>
              <BranchPoints />
              <MethodPoint xsi:type="SequencePoint" vc="2" uspid="10" ordinal="0" offset="0" sl="36" sc="13" el="36" ec="14" bec="0" bev="0" fileid="1" />
            </Method>
            <Method visited="true" cyclomaticComplexity="1" nPathComplexity="0" sequenceCoverage="100" branchCoverage="100" crapScore="1" isConstructor="false" isStatic="false" isGetter="true" isSetter="false">
              <Summary numSequencePoints="3" visitedSequencePoints="3" numBranchPoints="1" visitedBranchPoints="1" sequenceCoverage="100" branchCoverage="100" maxCyclomaticComplexity="1" minCyclomaticComplexity="1" maxCrapScore="1" minCrapScore="1" visitedClasses="0" numClasses="0" visitedMethods="1" numMethods="1" />
              <MetadataToken>100663301</MetadataToken>
              <Name>System.Int32 PowerPointTests.model.FakeModel::get_SetShapeNameUsed()</Name>
              <FileRef uid="1" />
              <SequencePoints>
                <SequencePoint vc="15" uspid="13" ordinal="0" offset="0" sl="44" sc="13" el="44" ec="14" bec="0" bev="0" fileid="1" />
                <SequencePoint vc="15" uspid="14" ordinal="1" offset="1" sl="45" sc="17" el="45" ec="42" bec="0" bev="0" fileid="1" />
                <SequencePoint vc="15" uspid="15" ordinal="2" offset="10" sl="46" sc="13" el="46" ec="14" bec="0" bev="0" fileid="1" />
              </SequencePoints>
              <BranchPoints />
              <MethodPoint xsi:type="SequencePoint" vc="15" uspid="13" ordinal="0" offset="0" sl="44" sc="13" el="44" ec="14" bec="0" bev="0" fileid="1" />
            </Method>
            <Method visited="true" cyclomaticComplexity="1" nPathComplexity="0" sequenceCoverage="100" branchCoverage="100" crapScore="1" isConstructor="false" isStatic="false" isGetter="false" isSetter="true">
              <Summary numSequencePoints="3" visitedSequencePoints="3" numBranchPoints="1" visitedBranchPoints="1" sequenceCoverage="100" branchCoverage="100" maxCyclomaticComplexity="1" minCyclomaticComplexity="1" maxCrapScore="1" minCrapScore="1" visitedClasses="0" numClasses="0" visitedMethods="1" numMethods="1" />
              <MetadataToken>100663302</MetadataToken>
              <Name>System.Void PowerPointTests.model.FakeModel::set_SetShapeNameUsed(System.Int32)</Name>
              <FileRef uid="1" />
              <SequencePoints>
                <SequencePoint vc="7" uspid="16" ordinal="0" offset="0" sl="48" sc="13" el="48" ec="14" bec="0" bev="0" fileid="1" />
                <SequencePoint vc="7" uspid="17" ordinal="1" offset="1" sl="49" sc="17" el="49" ec="43" bec="0" bev="0" fileid="1" />
                <SequencePoint vc="7" uspid="18" ordinal="2" offset="8" sl="50" sc="13" el="50" ec="14" bec="0" bev="0" fileid="1" />
              </SequencePoints>
              <BranchPoints />
              <MethodPoint xsi:type="SequencePoint" vc="7" uspid="16" ordinal="0" offset="0" sl="48" sc="13" el="48" ec="14" bec="0" bev="0" fileid="1" />
            </Method>
            <Method visited="true" cyclomaticComplexity="1" nPathComplexity="0" sequenceCoverage="100" branchCoverage="100" crapScore="1" isConstructor="false" isStatic="false" isGetter="true" isSetter="false">
              <Summary numSequencePoints="3" visitedSequencePoints="3" numBranchPoints="1" visitedBranchPoints="1" sequenceCoverage="100" branchCoverage="100" maxCyclomaticComplexity="1" minCyclomaticComplexity="1" maxCrapScore="1" minCrapScore="1" visitedClasses="0" numClasses="0" visitedMethods="1" numMethods="1" />
              <MetadataToken>100663303</MetadataToken>
              <Name>System.Int32 PowerPointTests.model.FakeModel::get_MousePressUsed()</Name>
              <FileRef uid="1" />
              <SequencePoints>
                <SequencePoint vc="2" uspid="19" ordinal="0" offset="0" sl="56" sc="13" el="56" ec="14" bec="0" bev="0" fileid="1" />
                <SequencePoint vc="2" uspid="20" ordinal="1" offset="1" sl="57" sc="17" el="57" ec="40" bec="0" bev="0" fileid="1" />
                <SequencePoint vc="2" uspid="21" ordinal="2" offset="10" sl="58" sc="13" el="58" ec="14" bec="0" bev="0" fileid="1" />
              </SequencePoints>
              <BranchPoints />
              <MethodPoint xsi:type="SequencePoint" vc="2" uspid="19" ordinal="0" offset="0" sl="56" sc="13" el="56" ec="14" bec="0" bev="0" fileid="1" />
            </Method>
            <Method visited="true" cyclomaticComplexity="1" nPathComplexity="0" sequenceCoverage="100" branchCoverage="100" crapScore="1" isConstructor="false" isStatic="false" isGetter="false" isSetter="true">
              <Summary numSequencePoints="3" visitedSequencePoints="3" numBranchPoints="1" visitedBranchPoints="1" sequenceCoverage="100" branchCoverage="100" maxCyclomaticComplexity="1" minCyclomaticComplexity="1" maxCrapScore="1" minCrapScore="1" visitedClasses="0" numClasses="0" visitedMethods="1" numMethods="1" />
              <MetadataToken>100663304</MetadataToken>
              <Name>System.Void PowerPointTests.model.FakeModel::set_MousePressUsed(System.Int32)</Name>
              <FileRef uid="1" />
              <SequencePoints>
                <SequencePoint vc="1" uspid="22" ordinal="0" offset="0" sl="60" sc="13" el="60" ec="14" bec="0" bev="0" fileid="1" />
                <SequencePoint vc="1" uspid="23" ordinal="1" offset="1" sl="61" sc="17" el="61" ec="41" bec="0" bev="0" fileid="1" />
                <SequencePoint vc="1" uspid="24" ordinal="2" offset="8" sl="62" sc="13" el="62" ec="14" bec="0" bev="0" fileid="1" />
              </SequencePoints>
              <BranchPoints />
              <MethodPoint xsi:type="SequencePoint" vc="1" uspid="22" ordinal="0" offset="0" sl="60" sc="13" el="60" ec="14" bec="0" bev="0" fileid="1" />
            </Method>
            <Method visited="true" cyclomaticComplexity="1" nPathComplexity="0" sequenceCoverage="100" branchCoverage="100" crapScore="1" isConstructor="false" isStatic="false" isGetter="true" isSetter="false">
              <Summary numSequencePoints="3" visitedSequencePoints="3" numBranchPoints="1" visitedBranchPoints="1" sequenceCoverage="100" branchCoverage="100" maxCyclomaticComplexity="1" minCyclomaticComplexity="1" maxCrapScore="1" minCrapScore="1" visitedClasses="0" numClasses="0" visitedMethods="1" numMethods="1" />
              <MetadataToken>100663305</MetadataToken>
              <Name>System.Int32 PowerPointTests.model.FakeModel::get_MouseMoveUsed()</Name>
              <FileRef uid="1" />
              <SequencePoints>
                <SequencePoint vc="2" uspid="25" ordinal="0" offset="0" sl="68" sc="13" el="68" ec="14" bec="0" bev="0" fileid="1" />
                <SequencePoint vc="2" uspid="26" ordinal="1" offset="1" sl="69" sc="17" el="69" ec="39" bec="0" bev="0" fileid="1" />
                <SequencePoint vc="2" uspid="27" ordinal="2" offset="10" sl="70" sc="13" el="70" ec="14" bec="0" bev="0" fileid="1" />
              </SequencePoints>
              <BranchPoints />
              <MethodPoint xsi:type="SequencePoint" vc="2" uspid="25" ordinal="0" offset="0" sl="68" sc="13" el="68" ec="14" bec="0" bev="0" fileid="1" />
            </Method>
            <Method visited="true" cyclomaticComplexity="1" nPathComplexity="0" sequenceCoverage="100" branchCoverage="100" crapScore="1" isConstructor="false" isStatic="false" isGetter="false" isSetter="true">
              <Summary numSequencePoints="3" visitedSequencePoints="3" numBranchPoints="1" visitedBranchPoints="1" sequenceCoverage="100" branchCoverage="100" maxCyclomaticComplexity="1" minCyclomaticComplexity="1" maxCrapScore="1" minCrapScore="1" visitedClasses="0" numClasses="0" visitedMethods="1" numMethods="1" />
              <MetadataToken>100663306</MetadataToken>
              <Name>System.Void PowerPointTests.model.FakeModel::set_MouseMoveUsed(System.Int32)</Name>
              <FileRef uid="1" />
              <SequencePoints>
                <SequencePoint vc="1" uspid="28" ordinal="0" offset="0" sl="72" sc="13" el="72" ec="14" bec="0" bev="0" fileid="1" />
                <SequencePoint vc="1" uspid="29" ordinal="1" offset="1" sl="73" sc="17" el="73" ec="40" bec="0" bev="0" fileid="1" />
                <SequencePoint vc="1" uspid="30" ordinal="2" offset="8" sl="74" sc="13" el="74" ec="14" bec="0" bev="0" fileid="1" />
              </SequencePoints>
              <BranchPoints />
              <MethodPoint xsi:type="SequencePoint" vc="1" uspid="28" ordinal="0" offset="0" sl="72" sc="13" el="72" ec="14" bec="0" bev="0" fileid="1" />
            </Method>
            <Method visited="true" cyclomaticComplexity="1" nPathComplexity="0" sequenceCoverage="100" branchCoverage="100" crapScore="1" isConstructor="false" isStatic="false" isGetter="true" isSetter="false">
              <Summary numSequencePoints="3" visitedSequencePoints="3" numBranchPoints="1" visitedBranchPoints="1" sequenceCoverage="100" branchCoverage="100" maxCyclomaticComplexity="1" minCyclomaticComplexity="1" maxCrapScore="1" minCrapScore="1" visitedClasses="0" numClasses="0" visitedMethods="1" numMethods="1" />
              <MetadataToken>100663307</MetadataToken>
              <Name>System.Int32 PowerPointTests.model.FakeModel::get_MouseReleaseUsed()</Name>
              <FileRef uid="1" />
              <SequencePoints>
                <SequencePoint vc="2" uspid="31" ordinal="0" offset="0" sl="80" sc="13" el="80" ec="14" bec="0" bev="0" fileid="1" />
                <SequencePoint vc="2" uspid="32" ordinal="1" offset="1" sl="81" sc="17" el="81" ec="42" bec="0" bev="0" fileid="1" />
                <SequencePoint vc="2" uspid="33" ordinal="2" offset="10" sl="82" sc="13" el="82" ec="14" bec="0" bev="0" fileid="1" />
              </SequencePoints>
              <BranchPoints />
              <MethodPoint xsi:type="SequencePoint" vc="2" uspid="31" ordinal="0" offset="0" sl="80" sc="13" el="80" ec="14" bec="0" bev="0" fileid="1" />
            </Method>
            <Method visited="true" cyclomaticComplexity="1" nPathComplexity="0" sequenceCoverage="100" branchCoverage="100" crapScore="1" isConstructor="false" isStatic="false" isGetter="false" isSetter="true">
              <Summary numSequencePoints="3" visitedSequencePoints="3" numBranchPoints="1" visitedBranchPoints="1" sequenceCoverage="100" branchCoverage="100" maxCyclomaticComplexity="1" minCyclomaticComplexity="1" maxCrapScore="1" minCrapScore="1" visitedClasses="0" numClasses="0" visitedMethods="1" numMethods="1" />
              <MetadataToken>100663308</MetadataToken>
              <Name>System.Void PowerPointTests.model.FakeModel::set_MouseReleaseUsed(System.Int32)</Name>
              <FileRef uid="1" />
              <SequencePoints>
                <SequencePoint vc="1" uspid="34" ordinal="0" offset="0" sl="84" sc="13" el="84" ec="14" bec="0" bev="0" fileid="1" />
                <SequencePoint vc="1" uspid="35" ordinal="1" offset="1" sl="85" sc="17" el="85" ec="43" bec="0" bev="0" fileid="1" />
                <SequencePoint vc="1" uspid="36" ordinal="2" offset="8" sl="86" sc="13" el="86" ec="14" bec="0" bev="0" fileid="1" />
              </SequencePoints>
              <BranchPoints />
              <MethodPoint xsi:type="SequencePoint" vc="1" uspid="34" ordinal="0" offset="0" sl="84" sc="13" el="84" ec="14" bec="0" bev="0" fileid="1" />
            </Method>
            <Method visited="true" cyclomaticComplexity="1" nPathComplexity="0" sequenceCoverage="100" branchCoverage="100" crapScore="1" isConstructor="false" isStatic="false" isGetter="true" isSetter="false">
              <Summary numSequencePoints="3" visitedSequencePoints="3" numBranchPoints="1" visitedBranchPoints="1" sequenceCoverage="100" branchCoverage="100" maxCyclomaticComplexity="1" minCyclomaticComplexity="1" maxCrapScore="1" minCrapScore="1" visitedClasses="0" numClasses="0" visitedMethods="1" numMethods="1" />
              <MetadataToken>100663309</MetadataToken>
              <Name>System.Int32 PowerPointTests.model.FakeModel::get_ClearUsed()</Name>
              <FileRef uid="1" />
              <SequencePoints>
                <SequencePoint vc="2" uspid="37" ordinal="0" offset="0" sl="92" sc="13" el="92" ec="14" bec="0" bev="0" fileid="1" />
                <SequencePoint vc="2" uspid="38" ordinal="1" offset="1" sl="93" sc="17" el="93" ec="35" bec="0" bev="0" fileid="1" />
                <SequencePoint vc="2" uspid="39" ordinal="2" offset="10" sl="94" sc="13" el="94" ec="14" bec="0" bev="0" fileid="1" />
              </SequencePoints>
              <BranchPoints />
              <MethodPoint xsi:type="SequencePoint" vc="2" uspid="37" ordinal="0" offset="0" sl="92" sc="13" el="92" ec="14" bec="0" bev="0" fileid="1" />
            </Method>
            <Method visited="true" cyclomaticComplexity="1" nPathComplexity="0" sequenceCoverage="100" branchCoverage="100" crapScore="1" isConstructor="false" isStatic="false" isGetter="false" isSetter="true">
              <Summary numSequencePoints="3" visitedSequencePoints="3" numBranchPoints="1" visitedBranchPoints="1" sequenceCoverage="100" branchCoverage="100" maxCyclomaticComplexity="1" minCyclomaticComplexity="1" maxCrapScore="1" minCrapScore="1" visitedClasses="0" numClasses="0" visitedMethods="1" numMethods="1" />
              <MetadataToken>100663310</MetadataToken>
              <Name>System.Void PowerPointTests.model.FakeModel::set_ClearUsed(System.Int32)</Name>
              <FileRef uid="1" />
              <SequencePoints>
                <SequencePoint vc="1" uspid="40" ordinal="0" offset="0" sl="96" sc="13" el="96" ec="14" bec="0" bev="0" fileid="1" />
                <SequencePoint vc="1" uspid="41" ordinal="1" offset="1" sl="97" sc="17" el="97" ec="36" bec="0" bev="0" fileid="1" />
                <SequencePoint vc="1" uspid="42" ordinal="2" offset="8" sl="98" sc="13" el="98" ec="14" bec="0" bev="0" fileid="1" />
              </SequencePoints>
              <BranchPoints />
              <MethodPoint xsi:type="SequencePoint" vc="1" uspid="40" ordinal="0" offset="0" sl="96" sc="13" el="96" ec="14" bec="0" bev="0" fileid="1" />
            </Method>
            <Method visited="true" cyclomaticComplexity="1" nPathComplexity="0" sequenceCoverage="100" branchCoverage="100" crapScore="1" isConstructor="true" isStatic="false" isGetter="false" isSetter="false">
              <Summary numSequencePoints="9" visitedSequencePoints="9" numBranchPoints="1" visitedBranchPoints="1" sequenceCoverage="100" branchCoverage="100" maxCyclomaticComplexity="1" minCyclomaticComplexity="1" maxCrapScore="1" minCrapScore="1" visitedClasses="0" numClasses="0" visitedMethods="1" numMethods="1" />
              <MetadataToken>100663311</MetadataToken>
              <Name>System.Void PowerPointTests.model.FakeModel::.ctor()</Name>
              <FileRef uid="1" />
              <SequencePoints>
                <SequencePoint vc="14" uspid="43" ordinal="0" offset="0" sl="101" sc="9" el="101" ec="27" bec="0" bev="0" fileid="1" />
                <SequencePoint vc="14" uspid="44" ordinal="1" offset="7" sl="102" sc="9" el="102" ec="10" bec="0" bev="0" fileid="1" />
                <SequencePoint vc="14" uspid="45" ordinal="2" offset="8" sl="103" sc="13" el="103" ec="27" bec="0" bev="0" fileid="1" />
                <SequencePoint vc="14" uspid="46" ordinal="3" offset="15" sl="104" sc="13" el="104" ec="35" bec="0" bev="0" fileid="1" />
                <SequencePoint vc="14" uspid="47" ordinal="4" offset="22" sl="105" sc="13" el="105" ec="33" bec="0" bev="0" fileid="1" />
                <SequencePoint vc="14" uspid="48" ordinal="5" offset="29" sl="106" sc="13" el="106" ec="32" bec="0" bev="0" fileid="1" />
                <SequencePoint vc="14" uspid="49" ordinal="6" offset="36" sl="107" sc="13" el="107" ec="35" bec="0" bev="0" fileid="1" />
                <SequencePoint vc="14" uspid="50" ordinal="7" offset="43" sl="108" sc="13" el="108" ec="28" bec="0" bev="0" fileid="1" />
                <SequencePoint vc="14" uspid="51" ordinal="8" offset="50" sl="109" sc="9" el="109" ec="10" bec="0" bev="0" fileid="1" />
              </SequencePoints>
              <BranchPoints />
              <MethodPoint xsi:type="SequencePoint" vc="14" uspid="43" ordinal="0" offset="0" sl="101" sc="9" el="101" ec="27" bec="0" bev="0" fileid="1" />
            </Method>
            <Method visited="true" cyclomaticComplexity="1" nPathComplexity="0" sequenceCoverage="100" branchCoverage="100" crapScore="1" isConstructor="false" isStatic="false" isGetter="false" isSetter="false">
              <Summary numSequencePoints="3" visitedSequencePoints="3" numBranchPoints="1" visitedBranchPoints="1" sequenceCoverage="100" branchCoverage="100" maxCyclomaticComplexity="1" minCyclomaticComplexity="1" maxCrapScore="1" minCrapScore="1" visitedClasses="0" numClasses="0" visitedMethods="1" numMethods="1" />
              <MetadataToken>100663312</MetadataToken>
              <Name>System.Void PowerPointTests.model.FakeModel::Draw(PowerPoint.presentation_model.IGraphics)</Name>
              <FileRef uid="1" />
              <SequencePoints>
                <SequencePoint vc="2" uspid="52" ordinal="0" offset="0" sl="113" sc="9" el="113" ec="10" bec="0" bev="0" fileid="1" />
                <SequencePoint vc="2" uspid="53" ordinal="1" offset="1" sl="114" sc="13" el="114" ec="24" bec="0" bev="0" fileid="1" />
                <SequencePoint vc="2" uspid="54" ordinal="2" offset="18" sl="115" sc="9" el="115" ec="10" bec="0" bev="0" fileid="1" />
              </SequencePoints>
              <BranchPoints />
              <MethodPoint xsi:type="SequencePoint" vc="2" uspid="52" ordinal="0" offset="0" sl="113" sc="9" el="113" ec="10" bec="0" bev="0" fileid="1" />
            </Method>
            <Method visited="true" cyclomaticComplexity="1" nPathComplexity="0" sequenceCoverage="100" branchCoverage="100" crapScore="1" isConstructor="false" isStatic="false" isGetter="false" isSetter="false">
              <Summary numSequencePoints="4" visitedSequencePoints="4" numBranchPoints="1" visitedBranchPoints="1" sequenceCoverage="100" branchCoverage="100" maxCyclomaticComplexity="1" minCyclomaticComplexity="1" maxCrapScore="1" minCrapScore="1" visitedClasses="0" numClasses="0" visitedMethods="1" numMethods="1" />
              <MetadataToken>100663313</MetadataToken>
              <Name>System.Void PowerPointTests.model.FakeModel::SetShapeName(System.String)</Name>
              <FileRef uid="1" />
              <SequencePoints>
                <SequencePoint vc="7" uspid="55" ordinal="0" offset="0" sl="119" sc="9" el="119" ec="10" bec="0" bev="0" fileid="1" />
                <SequencePoint vc="7" uspid="56" ordinal="1" offset="1" sl="120" sc="13" el="120" ec="32" bec="0" bev="0" fileid="1" />
                <SequencePoint vc="7" uspid="57" ordinal="2" offset="18" sl="121" sc="13" el="121" ec="35" bec="0" bev="0" fileid="1" />
                <SequencePoint vc="7" uspid="58" ordinal="3" offset="26" sl="122" sc="9" el="122" ec="10" bec="0" bev="0" fileid="1" />
              </SequencePoints>
              <BranchPoints />
              <MethodPoint xsi:type="SequencePoint" vc="7" uspid="55" ordinal="0" offset="0" sl="119" sc="9" el="119" ec="10" bec="0" bev="0" fileid="1" />
            </Method>
            <Method visited="true" cyclomaticComplexity="1" nPathComplexity="0" sequenceCoverage="100" branchCoverage="100" crapScore="1" isConstructor="false" isStatic="false" isGetter="false" isSetter="false">
              <Summary numSequencePoints="3" visitedSequencePoints="3" numBranchPoints="1" visitedBranchPoints="1" sequenceCoverage="100" branchCoverage="100" maxCyclomaticComplexity="1" minCyclomaticComplexity="1" maxCrapScore="1" minCrapScore="1" visitedClasses="0" numClasses="0" visitedMethods="1" numMethods="1" />
              <MetadataToken>100663314</MetadataToken>
              <Name>System.Void PowerPointTests.model.FakeModel::MousePress(System.Drawing.PointF)</Name>
              <FileRef uid="1" />
              <SequencePoints>
                <SequencePoint vc="1" uspid="59" ordinal="0" offset="0" sl="126" sc="9" el="126" ec="10" bec="0" bev="0" fileid="1" />
                <SequencePoint vc="1" uspid="60" ordinal="1" offset="1" sl="127" sc="13" el="127" ec="30" bec="0" bev="0" fileid="1" />
                <SequencePoint vc="1" uspid="61" ordinal="2" offset="18" sl="128" sc="9" el="128" ec="10" bec="0" bev="0" fileid="1" />
              </SequencePoints>
              <BranchPoints />
              <MethodPoint xsi:type="SequencePoint" vc="1" uspid="59" ordinal="0" offset="0" sl="126" sc="9" el="126" ec="10" bec="0" bev="0" fileid="1" />
            </Method>
            <Method visited="true" cyclomaticComplexity="1" nPathComplexity="0" sequenceCoverage="100" branchCoverage="100" crapScore="1" isConstructor="false" isStatic="false" isGetter="false" isSetter="false">
              <Summary numSequencePoints="3" visitedSequencePoints="3" numBranchPoints="1" visitedBranchPoints="1" sequenceCoverage="100" branchCoverage="100" maxCyclomaticComplexity="1" minCyclomaticComplexity="1" maxCrapScore="1" minCrapScore="1" visitedClasses="0" numClasses="0" visitedMethods="1" numMethods="1" />
              <MetadataToken>100663315</MetadataToken>
              <Name>System.Void PowerPointTests.model.FakeModel::MouseMove(System.Drawing.PointF)</Name>
              <FileRef uid="1" />
              <SequencePoints>
                <SequencePoint vc="1" uspid="62" ordinal="0" offset="0" sl="132" sc="9" el="132" ec="10" bec="0" bev="0" fileid="1" />
                <SequencePoint vc="1" uspid="63" ordinal="1" offset="1" sl="133" sc="13" el="133" ec="29" bec="0" bev="0" fileid="1" />
                <SequencePoint vc="1" uspid="64" ordinal="2" offset="18" sl="134" sc="9" el="134" ec="10" bec="0" bev="0" fileid="1" />
              </SequencePoints>
              <BranchPoints />
              <MethodPoint xsi:type="SequencePoint" vc="1" uspid="62" ordinal="0" offset="0" sl="132" sc="9" el="132" ec="10" bec="0" bev="0" fileid="1" />
            </Method>
            <Method visited="true" cyclomaticComplexity="1" nPathComplexity="0" sequenceCoverage="100" branchCoverage="100" crapScore="1" isConstructor="false" isStatic="false" isGetter="false" isSetter="false">
              <Summary numSequencePoints="3" visitedSequencePoints="3" numBranchPoints="1" visitedBranchPoints="1" sequenceCoverage="100" branchCoverage="100" maxCyclomaticComplexity="1" minCyclomaticComplexity="1" maxCrapScore="1" minCrapScore="1" visitedClasses="0" numClasses="0" visitedMethods="1" numMethods="1" />
              <MetadataToken>100663316</MetadataToken>
              <Name>System.Void PowerPointTests.model.FakeModel::MouseRelease(System.Drawing.PointF)</Name>
              <FileRef uid="1" />
              <SequencePoints>
                <SequencePoint vc="1" uspid="65" ordinal="0" offset="0" sl="138" sc="9" el="138" ec="10" bec="0" bev="0" fileid="1" />
                <SequencePoint vc="1" uspid="66" ordinal="1" offset="1" sl="139" sc="13" el="139" ec="32" bec="0" bev="0" fileid="1" />
                <SequencePoint vc="1" uspid="67" ordinal="2" offset="18" sl="140" sc="9" el="140" ec="10" bec="0" bev="0" fileid="1" />
              </SequencePoints>
              <BranchPoints />
              <MethodPoint xsi:type="SequencePoint" vc="1" uspid="65" ordinal="0" offset="0" sl="138" sc="9" el="138" ec="10" bec="0" bev="0" fileid="1" />
            </Method>
            <Method visited="true" cyclomaticComplexity="1" nPathComplexity="0" sequenceCoverage="100" branchCoverage="100" crapScore="1" isConstructor="false" isStatic="false" isGetter="false" isSetter="false">
              <Summary numSequencePoints="3" visitedSequencePoints="3" numBranchPoints="1" visitedBranchPoints="1" sequenceCoverage="100" branchCoverage="100" maxCyclomaticComplexity="1" minCyclomaticComplexity="1" maxCrapScore="1" minCrapScore="1" visitedClasses="0" numClasses="0" visitedMethods="1" numMethods="1" />
              <MetadataToken>100663317</MetadataToken>
              <Name>System.Void PowerPointTests.model.FakeModel::Clear()</Name>
              <FileRef uid="1" />
              <SequencePoints>
                <SequencePoint vc="1" uspid="68" ordinal="0" offset="0" sl="144" sc="9" el="144" ec="10" bec="0" bev="0" fileid="1" />
                <SequencePoint vc="1" uspid="69" ordinal="1" offset="1" sl="145" sc="13" el="145" ec="25" bec="0" bev="0" fileid="1" />
                <SequencePoint vc="1" uspid="70" ordinal="2" offset="18" sl="146" sc="9" el="146" ec="10" bec="0" bev="0" fileid="1" />
              </SequencePoints>
              <BranchPoints />
              <MethodPoint xsi:type="SequencePoint" vc="1" uspid="68" ordinal="0" offset="0" sl="144" sc="9" el="144" ec="10" bec="0" bev="0" fileid="1" />
            </Method>
          </Methods>
        </Class>
        <Class>
          <Summary numSequencePoints="53" visitedSequencePoints="53" numBranchPoints="16" visitedBranchPoints="16" sequenceCoverage="100" branchCoverage="100" maxCyclomaticComplexity="1" minCyclomaticComplexity="1" maxCrapScore="1" minCrapScore="1" visitedClasses="1" numClasses="1" visitedMethods="16" numMethods="16" />
          <FullName>PowerPointTests.model.shape.FakeGraphicsAdaptor</FullName>
          <Methods>
            <Method visited="true" cyclomaticComplexity="1" nPathComplexity="0" sequenceCoverage="100" branchCoverage="100" crapScore="1" isConstructor="false" isStatic="false" isGetter="true" isSetter="false">
              <Summary numSequencePoints="3" visitedSequencePoints="3" numBranchPoints="1" visitedBranchPoints="1" sequenceCoverage="100" branchCoverage="100" maxCyclomaticComplexity="1" minCyclomaticComplexity="1" maxCrapScore="1" minCrapScore="1" visitedClasses="0" numClasses="0" visitedMethods="1" numMethods="1" />
              <MetadataToken>100663318</MetadataToken>
              <Name>System.Int32 PowerPointTests.model.shape.FakeGraphicsAdaptor::get_IsClearAll()</Name>
              <FileRef uid="2" />
              <SequencePoints>
                <SequencePoint vc="10" uspid="71" ordinal="0" offset="0" sl="17" sc="13" el="17" ec="14" bec="0" bev="0" fileid="2" />
                <SequencePoint vc="10" uspid="72" ordinal="1" offset="1" sl="18" sc="17" el="18" ec="36" bec="0" bev="0" fileid="2" />
                <SequencePoint vc="10" uspid="73" ordinal="2" offset="10" sl="19" sc="13" el="19" ec="14" bec="0" bev="0" fileid="2" />
              </SequencePoints>
              <BranchPoints />
              <MethodPoint xsi:type="SequencePoint" vc="10" uspid="71" ordinal="0" offset="0" sl="17" sc="13" el="17" ec="14" bec="0" bev="0" fileid="2" />
            </Method>
            <Method visited="true" cyclomaticComplexity="1" nPathComplexity="0" sequenceCoverage="100" branchCoverage="100" crapScore="1" isConstructor="false" isStatic="false" isGetter="false" isSetter="true">
              <Summary numSequencePoints="3" visitedSequencePoints="3" numBranchPoints="1" visitedBranchPoints="1" sequenceCoverage="100" branchCoverage="100" maxCyclomaticComplexity="1" minCyclomaticComplexity="1" maxCrapScore="1" minCrapScore="1" visitedClasses="0" numClasses="0" visitedMethods="1" numMethods="1" />
              <MetadataToken>100663319</MetadataToken>
              <Name>System.Void PowerPointTests.model.shape.FakeGraphicsAdaptor::set_IsClearAll(System.Int32)</Name>
              <FileRef uid="2" />
              <SequencePoints>
                <SequencePoint vc="10" uspid="74" ordinal="0" offset="0" sl="21" sc="13" el="21" ec="14" bec="0" bev="0" fileid="2" />
                <SequencePoint vc="10" uspid="75" ordinal="1" offset="1" sl="22" sc="17" el="22" ec="37" bec="0" bev="0" fileid="2" />
                <SequencePoint vc="10" uspid="76" ordinal="2" offset="8" sl="23" sc="13" el="23" ec="14" bec="0" bev="0" fileid="2" />
              </SequencePoints>
              <BranchPoints />
              <MethodPoint xsi:type="SequencePoint" vc="10" uspid="74" ordinal="0" offset="0" sl="21" sc="13" el="21" ec="14" bec="0" bev="0" fileid="2" />
            </Method>
            <Method visited="true" cyclomaticComplexity="1" nPathComplexity="0" sequenceCoverage="100" branchCoverage="100" crapScore="1" isConstructor="false" isStatic="false" isGetter="true" isSetter="false">
              <Summary numSequencePoints="3" visitedSequencePoints="3" numBranchPoints="1" visitedBranchPoints="1" sequenceCoverage="100" branchCoverage="100" maxCyclomaticComplexity="1" minCyclomaticComplexity="1" maxCrapScore="1" minCrapScore="1" visitedClasses="0" numClasses="0" visitedMethods="1" numMethods="1" />
              <MetadataToken>100663320</MetadataToken>
              <Name>System.Int32 PowerPointTests.model.shape.FakeGraphicsAdaptor::get_IsCircle()</Name>
              <FileRef uid="2" />
              <SequencePoints>
                <SequencePoint vc="11" uspid="77" ordinal="0" offset="0" sl="28" sc="13" el="28" ec="14" bec="0" bev="0" fileid="2" />
                <SequencePoint vc="11" uspid="78" ordinal="1" offset="1" sl="29" sc="17" el="29" ec="34" bec="0" bev="0" fileid="2" />
                <SequencePoint vc="11" uspid="79" ordinal="2" offset="10" sl="30" sc="13" el="30" ec="14" bec="0" bev="0" fileid="2" />
              </SequencePoints>
              <BranchPoints />
              <MethodPoint xsi:type="SequencePoint" vc="11" uspid="77" ordinal="0" offset="0" sl="28" sc="13" el="28" ec="14" bec="0" bev="0" fileid="2" />
            </Method>
            <Method visited="true" cyclomaticComplexity="1" nPathComplexity="0" sequenceCoverage="100" branchCoverage="100" crapScore="1" isConstructor="false" isStatic="false" isGetter="false" isSetter="true">
              <Summary numSequencePoints="3" visitedSequencePoints="3" numBranchPoints="1" visitedBranchPoints="1" sequenceCoverage="100" branchCoverage="100" maxCyclomaticComplexity="1" minCyclomaticComplexity="1" maxCrapScore="1" minCrapScore="1" visitedClasses="0" numClasses="0" visitedMethods="1" numMethods="1" />
              <MetadataToken>100663321</MetadataToken>
              <Name>System.Void PowerPointTests.model.shape.FakeGraphicsAdaptor::set_IsCircle(System.Int32)</Name>
              <FileRef uid="2" />
              <SequencePoints>
                <SequencePoint vc="11" uspid="80" ordinal="0" offset="0" sl="32" sc="13" el="32" ec="14" bec="0" bev="0" fileid="2" />
                <SequencePoint vc="11" uspid="81" ordinal="1" offset="1" sl="33" sc="17" el="33" ec="35" bec="0" bev="0" fileid="2" />
                <SequencePoint vc="11" uspid="82" ordinal="2" offset="8" sl="34" sc="13" el="34" ec="14" bec="0" bev="0" fileid="2" />
              </SequencePoints>
              <BranchPoints />
              <MethodPoint xsi:type="SequencePoint" vc="11" uspid="80" ordinal="0" offset="0" sl="32" sc="13" el="32" ec="14" bec="0" bev="0" fileid="2" />
            </Method>
            <Method visited="true" cyclomaticComplexity="1" nPathComplexity="0" sequenceCoverage="100" branchCoverage="100" crapScore="1" isConstructor="false" isStatic="false" isGetter="true" isSetter="false">
              <Summary numSequencePoints="3" visitedSequencePoints="3" numBranchPoints="1" visitedBranchPoints="1" sequenceCoverage="100" branchCoverage="100" maxCyclomaticComplexity="1" minCyclomaticComplexity="1" maxCrapScore="1" minCrapScore="1" visitedClasses="0" numClasses="0" visitedMethods="1" numMethods="1" />
              <MetadataToken>100663322</MetadataToken>
              <Name>System.Int32 PowerPointTests.model.shape.FakeGraphicsAdaptor::get_IsLine()</Name>
              <FileRef uid="2" />
              <SequencePoints>
                <SequencePoint vc="13" uspid="83" ordinal="0" offset="0" sl="40" sc="13" el="40" ec="14" bec="0" bev="0" fileid="2" />
                <SequencePoint vc="13" uspid="84" ordinal="1" offset="1" sl="41" sc="17" el="41" ec="32" bec="0" bev="0" fileid="2" />
                <SequencePoint vc="13" uspid="85" ordinal="2" offset="10" sl="42" sc="13" el="42" ec="14" bec="0" bev="0" fileid="2" />
              </SequencePoints>
              <BranchPoints />
              <MethodPoint xsi:type="SequencePoint" vc="13" uspid="83" ordinal="0" offset="0" sl="40" sc="13" el="40" ec="14" bec="0" bev="0" fileid="2" />
            </Method>
            <Method visited="true" cyclomaticComplexity="1" nPathComplexity="0" sequenceCoverage="100" branchCoverage="100" crapScore="1" isConstructor="false" isStatic="false" isGetter="false" isSetter="true">
              <Summary numSequencePoints="3" visitedSequencePoints="3" numBranchPoints="1" visitedBranchPoints="1" sequenceCoverage="100" branchCoverage="100" maxCyclomaticComplexity="1" minCyclomaticComplexity="1" maxCrapScore="1" minCrapScore="1" visitedClasses="0" numClasses="0" visitedMethods="1" numMethods="1" />
              <MetadataToken>100663323</MetadataToken>
              <Name>System.Void PowerPointTests.model.shape.FakeGraphicsAdaptor::set_IsLine(System.Int32)</Name>
              <FileRef uid="2" />
              <SequencePoints>
                <SequencePoint vc="13" uspid="86" ordinal="0" offset="0" sl="44" sc="13" el="44" ec="14" bec="0" bev="0" fileid="2" />
                <SequencePoint vc="13" uspid="87" ordinal="1" offset="1" sl="45" sc="17" el="45" ec="33" bec="0" bev="0" fileid="2" />
                <SequencePoint vc="13" uspid="88" ordinal="2" offset="8" sl="46" sc="13" el="46" ec="14" bec="0" bev="0" fileid="2" />
              </SequencePoints>
              <BranchPoints />
              <MethodPoint xsi:type="SequencePoint" vc="13" uspid="86" ordinal="0" offset="0" sl="44" sc="13" el="44" ec="14" bec="0" bev="0" fileid="2" />
            </Method>
            <Method visited="true" cyclomaticComplexity="1" nPathComplexity="0" sequenceCoverage="100" branchCoverage="100" crapScore="1" isConstructor="false" isStatic="false" isGetter="true" isSetter="false">
              <Summary numSequencePoints="3" visitedSequencePoints="3" numBranchPoints="1" visitedBranchPoints="1" sequenceCoverage="100" branchCoverage="100" maxCyclomaticComplexity="1" minCyclomaticComplexity="1" maxCrapScore="1" minCrapScore="1" visitedClasses="0" numClasses="0" visitedMethods="1" numMethods="1" />
              <MetadataToken>100663324</MetadataToken>
              <Name>System.Int32 PowerPointTests.model.shape.FakeGraphicsAdaptor::get_IsRectangle()</Name>
              <FileRef uid="2" />
              <SequencePoints>
                <SequencePoint vc="12" uspid="89" ordinal="0" offset="0" sl="52" sc="13" el="52" ec="14" bec="0" bev="0" fileid="2" />
                <SequencePoint vc="12" uspid="90" ordinal="1" offset="1" sl="53" sc="17" el="53" ec="37" bec="0" bev="0" fileid="2" />
                <SequencePoint vc="12" uspid="91" ordinal="2" offset="10" sl="54" sc="13" el="54" ec="14" bec="0" bev="0" fileid="2" />
              </SequencePoints>
              <BranchPoints />
              <MethodPoint xsi:type="SequencePoint" vc="12" uspid="89" ordinal="0" offset="0" sl="52" sc="13" el="52" ec="14" bec="0" bev="0" fileid="2" />
            </Method>
            <Method visited="true" cyclomaticComplexity="1" nPathComplexity="0" sequenceCoverage="100" branchCoverage="100" crapScore="1" isConstructor="false" isStatic="false" isGetter="false" isSetter="true">
              <Summary numSequencePoints="3" visitedSequencePoints="3" numBranchPoints="1" visitedBranchPoints="1" sequenceCoverage="100" branchCoverage="100" maxCyclomaticComplexity="1" minCyclomaticComplexity="1" maxCrapScore="1" minCrapScore="1" visitedClasses="0" numClasses="0" visitedMethods="1" numMethods="1" />
              <MetadataToken>100663325</MetadataToken>
              <Name>System.Void PowerPointTests.model.shape.FakeGraphicsAdaptor::set_IsRectangle(System.Int32)</Name>
              <FileRef uid="2" />
              <SequencePoints>
                <SequencePoint vc="12" uspid="92" ordinal="0" offset="0" sl="56" sc="13" el="56" ec="14" bec="0" bev="0" fileid="2" />
                <SequencePoint vc="12" uspid="93" ordinal="1" offset="1" sl="57" sc="17" el="57" ec="38" bec="0" bev="0" fileid="2" />
                <SequencePoint vc="12" uspid="94" ordinal="2" offset="8" sl="58" sc="13" el="58" ec="14" bec="0" bev="0" fileid="2" />
              </SequencePoints>
              <BranchPoints />
              <MethodPoint xsi:type="SequencePoint" vc="12" uspid="92" ordinal="0" offset="0" sl="56" sc="13" el="56" ec="14" bec="0" bev="0" fileid="2" />
            </Method>
            <Method visited="true" cyclomaticComplexity="1" nPathComplexity="0" sequenceCoverage="100" branchCoverage="100" crapScore="1" isConstructor="false" isStatic="false" isGetter="true" isSetter="false">
              <Summary numSequencePoints="3" visitedSequencePoints="3" numBranchPoints="1" visitedBranchPoints="1" sequenceCoverage="100" branchCoverage="100" maxCyclomaticComplexity="1" minCyclomaticComplexity="1" maxCrapScore="1" minCrapScore="1" visitedClasses="0" numClasses="0" visitedMethods="1" numMethods="1" />
              <MetadataToken>100663326</MetadataToken>
              <Name>System.Int32 PowerPointTests.model.shape.FakeGraphicsAdaptor::get_IsSelectedShape()</Name>
              <FileRef uid="2" />
              <SequencePoints>
                <SequencePoint vc="12" uspid="95" ordinal="0" offset="0" sl="64" sc="13" el="64" ec="14" bec="0" bev="0" fileid="2" />
                <SequencePoint vc="12" uspid="96" ordinal="1" offset="1" sl="65" sc="17" el="65" ec="41" bec="0" bev="0" fileid="2" />
                <SequencePoint vc="12" uspid="97" ordinal="2" offset="10" sl="66" sc="13" el="66" ec="14" bec="0" bev="0" fileid="2" />
              </SequencePoints>
              <BranchPoints />
              <MethodPoint xsi:type="SequencePoint" vc="12" uspid="95" ordinal="0" offset="0" sl="64" sc="13" el="64" ec="14" bec="0" bev="0" fileid="2" />
            </Method>
            <Method visited="true" cyclomaticComplexity="1" nPathComplexity="0" sequenceCoverage="100" branchCoverage="100" crapScore="1" isConstructor="false" isStatic="false" isGetter="false" isSetter="true">
              <Summary numSequencePoints="3" visitedSequencePoints="3" numBranchPoints="1" visitedBranchPoints="1" sequenceCoverage="100" branchCoverage="100" maxCyclomaticComplexity="1" minCyclomaticComplexity="1" maxCrapScore="1" minCrapScore="1" visitedClasses="0" numClasses="0" visitedMethods="1" numMethods="1" />
              <MetadataToken>100663327</MetadataToken>
              <Name>System.Void PowerPointTests.model.shape.FakeGraphicsAdaptor::set_IsSelectedShape(System.Int32)</Name>
              <FileRef uid="2" />
              <SequencePoints>
                <SequencePoint vc="12" uspid="98" ordinal="0" offset="0" sl="68" sc="13" el="68" ec="14" bec="0" bev="0" fileid="2" />
                <SequencePoint vc="12" uspid="99" ordinal="1" offset="1" sl="69" sc="17" el="69" ec="42" bec="0" bev="0" fileid="2" />
                <SequencePoint vc="12" uspid="100" ordinal="2" offset="8" sl="70" sc="13" el="70" ec="14" bec="0" bev="0" fileid="2" />
              </SequencePoints>
              <BranchPoints />
              <MethodPoint xsi:type="SequencePoint" vc="12" uspid="98" ordinal="0" offset="0" sl="68" sc="13" el="68" ec="14" bec="0" bev="0" fileid="2" />
            </Method>
            <Method visited="true" cyclomaticComplexity="1" nPathComplexity="0" sequenceCoverage="100" branchCoverage="100" crapScore="1" isConstructor="true" isStatic="false" isGetter="false" isSetter="false">
              <Summary numSequencePoints="8" visitedSequencePoints="8" numBranchPoints="1" visitedBranchPoints="1" sequenceCoverage="100" branchCoverage="100" maxCyclomaticComplexity="1" minCyclomaticComplexity="1" maxCrapScore="1" minCrapScore="1" visitedClasses="0" numClasses="0" visitedMethods="1" numMethods="1" />
              <MetadataToken>100663328</MetadataToken>
              <Name>System.Void PowerPointTests.model.shape.FakeGraphicsAdaptor::.ctor()</Name>
              <FileRef uid="2" />
              <SequencePoints>
                <SequencePoint vc="8" uspid="101" ordinal="0" offset="0" sl="73" sc="9" el="73" ec="37" bec="0" bev="0" fileid="2" />
                <SequencePoint vc="8" uspid="102" ordinal="1" offset="7" sl="74" sc="9" el="74" ec="10" bec="0" bev="0" fileid="2" />
                <SequencePoint vc="8" uspid="103" ordinal="2" offset="8" sl="75" sc="13" el="75" ec="28" bec="0" bev="0" fileid="2" />
                <SequencePoint vc="8" uspid="104" ordinal="3" offset="16" sl="76" sc="13" el="76" ec="26" bec="0" bev="0" fileid="2" />
                <SequencePoint vc="8" uspid="105" ordinal="4" offset="24" sl="77" sc="13" el="77" ec="24" bec="0" bev="0" fileid="2" />
                <SequencePoint vc="8" uspid="106" ordinal="5" offset="32" sl="78" sc="13" el="78" ec="29" bec="0" bev="0" fileid="2" />
                <SequencePoint vc="8" uspid="107" ordinal="6" offset="40" sl="79" sc="13" el="79" ec="33" bec="0" bev="0" fileid="2" />
                <SequencePoint vc="8" uspid="108" ordinal="7" offset="48" sl="80" sc="9" el="80" ec="10" bec="0" bev="0" fileid="2" />
              </SequencePoints>
              <BranchPoints />
              <MethodPoint xsi:type="SequencePoint" vc="8" uspid="101" ordinal="0" offset="0" sl="73" sc="9" el="73" ec="37" bec="0" bev="0" fileid="2" />
            </Method>
            <Method visited="true" cyclomaticComplexity="1" nPathComplexity="0" sequenceCoverage="100" branchCoverage="100" crapScore="1" isConstructor="false" isStatic="false" isGetter="false" isSetter="false">
              <Summary numSequencePoints="3" visitedSequencePoints="3" numBranchPoints="1" visitedBranchPoints="1" sequenceCoverage="100" branchCoverage="100" maxCyclomaticComplexity="1" minCyclomaticComplexity="1" maxCrapScore="1" minCrapScore="1" visitedClasses="0" numClasses="0" visitedMethods="1" numMethods="1" />
              <MetadataToken>100663329</MetadataToken>
              <Name>System.Void PowerPointTests.model.shape.FakeGraphicsAdaptor::ClearAll()</Name>
              <FileRef uid="2" />
              <SequencePoints>
                <SequencePoint vc="2" uspid="109" ordinal="0" offset="0" sl="84" sc="9" el="84" ec="10" bec="0" bev="0" fileid="2" />
                <SequencePoint vc="2" uspid="110" ordinal="1" offset="1" sl="85" sc="13" el="85" ec="26" bec="0" bev="0" fileid="2" />
                <SequencePoint vc="2" uspid="111" ordinal="2" offset="18" sl="86" sc="9" el="86" ec="10" bec="0" bev="0" fileid="2" />
              </SequencePoints>
              <BranchPoints />
              <MethodPoint xsi:type="SequencePoint" vc="2" uspid="109" ordinal="0" offset="0" sl="84" sc="9" el="84" ec="10" bec="0" bev="0" fileid="2" />
            </Method>
            <Method visited="true" cyclomaticComplexity="1" nPathComplexity="0" sequenceCoverage="100" branchCoverage="100" crapScore="1" isConstructor="false" isStatic="false" isGetter="false" isSetter="false">
              <Summary numSequencePoints="3" visitedSequencePoints="3" numBranchPoints="1" visitedBranchPoints="1" sequenceCoverage="100" branchCoverage="100" maxCyclomaticComplexity="1" minCyclomaticComplexity="1" maxCrapScore="1" minCrapScore="1" visitedClasses="0" numClasses="0" visitedMethods="1" numMethods="1" />
              <MetadataToken>100663330</MetadataToken>
              <Name>System.Void PowerPointTests.model.shape.FakeGraphicsAdaptor::DrawCircle(System.Drawing.PointF,System.Drawing.PointF)</Name>
              <FileRef uid="2" />
              <SequencePoints>
                <SequencePoint vc="3" uspid="112" ordinal="0" offset="0" sl="90" sc="9" el="90" ec="10" bec="0" bev="0" fileid="2" />
                <SequencePoint vc="3" uspid="113" ordinal="1" offset="1" sl="91" sc="13" el="91" ec="24" bec="0" bev="0" fileid="2" />
                <SequencePoint vc="3" uspid="114" ordinal="2" offset="18" sl="92" sc="9" el="92" ec="10" bec="0" bev="0" fileid="2" />
              </SequencePoints>
              <BranchPoints />
              <MethodPoint xsi:type="SequencePoint" vc="3" uspid="112" ordinal="0" offset="0" sl="90" sc="9" el="90" ec="10" bec="0" bev="0" fileid="2" />
            </Method>
            <Method visited="true" cyclomaticComplexity="1" nPathComplexity="0" sequenceCoverage="100" branchCoverage="100" crapScore="1" isConstructor="false" isStatic="false" isGetter="false" isSetter="false">
              <Summary numSequencePoints="3" visitedSequencePoints="3" numBranchPoints="1" visitedBranchPoints="1" sequenceCoverage="100" branchCoverage="100" maxCyclomaticComplexity="1" minCyclomaticComplexity="1" maxCrapScore="1" minCrapScore="1" visitedClasses="0" numClasses="0" visitedMethods="1" numMethods="1" />
              <MetadataToken>100663331</MetadataToken>
              <Name>System.Void PowerPointTests.model.shape.FakeGraphicsAdaptor::DrawLine(System.Drawing.PointF,System.Drawing.PointF)</Name>
              <FileRef uid="2" />
              <SequencePoints>
                <SequencePoint vc="5" uspid="115" ordinal="0" offset="0" sl="96" sc="9" el="96" ec="10" bec="0" bev="0" fileid="2" />
                <SequencePoint vc="5" uspid="116" ordinal="1" offset="1" sl="97" sc="13" el="97" ec="22" bec="0" bev="0" fileid="2" />
                <SequencePoint vc="5" uspid="117" ordinal="2" offset="18" sl="98" sc="9" el="98" ec="10" bec="0" bev="0" fileid="2" />
              </SequencePoints>
              <BranchPoints />
              <MethodPoint xsi:type="SequencePoint" vc="5" uspid="115" ordinal="0" offset="0" sl="96" sc="9" el="96" ec="10" bec="0" bev="0" fileid="2" />
            </Method>
            <Method visited="true" cyclomaticComplexity="1" nPathComplexity="0" sequenceCoverage="100" branchCoverage="100" crapScore="1" isConstructor="false" isStatic="false" isGetter="false" isSetter="false">
              <Summary numSequencePoints="3" visitedSequencePoints="3" numBranchPoints="1" visitedBranchPoints="1" sequenceCoverage="100" branchCoverage="100" maxCyclomaticComplexity="1" minCyclomaticComplexity="1" maxCrapScore="1" minCrapScore="1" visitedClasses="0" numClasses="0" visitedMethods="1" numMethods="1" />
              <MetadataToken>100663332</MetadataToken>
              <Name>System.Void PowerPointTests.model.shape.FakeGraphicsAdaptor::DrawRectangle(System.Drawing.PointF,System.Drawing.PointF)</Name>
              <FileRef uid="2" />
              <SequencePoints>
                <SequencePoint vc="4" uspid="118" ordinal="0" offset="0" sl="102" sc="9" el="102" ec="10" bec="0" bev="0" fileid="2" />
                <SequencePoint vc="4" uspid="119" ordinal="1" offset="1" sl="103" sc="13" el="103" ec="27" bec="0" bev="0" fileid="2" />
                <SequencePoint vc="4" uspid="120" ordinal="2" offset="18" sl="104" sc="9" el="104" ec="10" bec="0" bev="0" fileid="2" />
              </SequencePoints>
              <BranchPoints />
              <MethodPoint xsi:type="SequencePoint" vc="4" uspid="118" ordinal="0" offset="0" sl="102" sc="9" el="102" ec="10" bec="0" bev="0" fileid="2" />
            </Method>
            <Method visited="true" cyclomaticComplexity="1" nPathComplexity="0" sequenceCoverage="100" branchCoverage="100" crapScore="1" isConstructor="false" isStatic="false" isGetter="false" isSetter="false">
              <Summary numSequencePoints="3" visitedSequencePoints="3" numBranchPoints="1" visitedBranchPoints="1" sequenceCoverage="100" branchCoverage="100" maxCyclomaticComplexity="1" minCyclomaticComplexity="1" maxCrapScore="1" minCrapScore="1" visitedClasses="0" numClasses="0" visitedMethods="1" numMethods="1" />
              <MetadataToken>100663333</MetadataToken>
              <Name>System.Void PowerPointTests.model.shape.FakeGraphicsAdaptor::DrawSelectedShape(System.Drawing.PointF,System.Drawing.PointF)</Name>
              <FileRef uid="2" />
              <SequencePoints>
                <SequencePoint vc="4" uspid="121" ordinal="0" offset="0" sl="108" sc="9" el="108" ec="10" bec="0" bev="0" fileid="2" />
                <SequencePoint vc="4" uspid="122" ordinal="1" offset="1" sl="109" sc="13" el="109" ec="31" bec="0" bev="0" fileid="2" />
                <SequencePoint vc="4" uspid="123" ordinal="2" offset="18" sl="110" sc="9" el="110" ec="10" bec="0" bev="0" fileid="2" />
              </SequencePoints>
              <BranchPoints />
              <MethodPoint xsi:type="SequencePoint" vc="4" uspid="121" ordinal="0" offset="0" sl="108" sc="9" el="108" ec="10" bec="0" bev="0" fileid="2" />
            </Method>
          </Methods>
        </Class>
        <Class>
          <Summary numSequencePoints="113" visitedSequencePoints="113" numBranchPoints="17" visitedBranchPoints="17" sequenceCoverage="100" branchCoverage="100" maxCyclomaticComplexity="1" minCyclomaticComplexity="1" maxCrapScore="1" minCrapScore="1" visitedClasses="1" numClasses="1" visitedMethods="17" numMethods="17" />
          <FullName>PowerPoint.presentation_model.Tests.FormPresentationModelTests</FullName>
          <Methods>
            <Method visited="true" cyclomaticComplexity="1" nPathComplexity="0" sequenceCoverage="100" branchCoverage="100" crapScore="1" isConstructor="false" isStatic="false" isGetter="false" isSetter="false">
              <Summary numSequencePoints="3" visitedSequencePoints="3" numBranchPoints="1" visitedBranchPoints="1" sequenceCoverage="100" branchCoverage="100" maxCyclomaticComplexity="1" minCyclomaticComplexity="1" maxCrapScore="1" minCrapScore="1" visitedClasses="0" numClasses="0" visitedMethods="1" numMethods="1" />
              <MetadataToken>100663334</MetadataToken>
              <Name>System.Void PowerPoint.presentation_model.Tests.FormPresentationModelTests::NotifyPropertyChangedCount()</Name>
              <FileRef uid="3" />
              <SequencePoints>
                <SequencePoint vc="37" uspid="124" ordinal="0" offset="0" sl="18" sc="9" el="18" ec="10" bec="0" bev="0" fileid="3" />
                <SequencePoint vc="37" uspid="125" ordinal="1" offset="1" sl="19" sc="13" el="19" ec="43" bec="0" bev="0" fileid="3" />
                <SequencePoint vc="37" uspid="126" ordinal="2" offset="15" sl="20" sc="9" el="20" ec="10" bec="0" bev="0" fileid="3" />
              </SequencePoints>
              <BranchPoints />
              <MethodPoint xsi:type="SequencePoint" vc="37" uspid="124" ordinal="0" offset="0" sl="18" sc="9" el="18" ec="10" bec="0" bev="0" fileid="3" />
            </Method>
            <Method visited="true" cyclomaticComplexity="1" nPathComplexity="0" sequenceCoverage="100" branchCoverage="100" crapScore="1" isConstructor="false" isStatic="false" isGetter="false" isSetter="false">
              <Summary numSequencePoints="5" visitedSequencePoints="5" numBranchPoints="1" visitedBranchPoints="1" sequenceCoverage="100" branchCoverage="100" maxCyclomaticComplexity="1" minCyclomaticComplexity="1" maxCrapScore="1" minCrapScore="1" visitedClasses="0" numClasses="0" visitedMethods="1" numMethods="1" />
              <MetadataToken>100663335</MetadataToken>
              <Name>System.Void PowerPoint.presentation_model.Tests.FormPresentationModelTests::Initialize()</Name>
              <FileRef uid="3" />
              <SequencePoints>
                <SequencePoint vc="14" uspid="127" ordinal="0" offset="0" sl="24" sc="9" el="24" ec="10" bec="0" bev="0" fileid="3" />
                <SequencePoint vc="14" uspid="128" ordinal="1" offset="1" sl="25" sc="13" el="25" ec="42" bec="0" bev="0" fileid="3" />
                <SequencePoint vc="14" uspid="129" ordinal="2" offset="12" sl="26" sc="13" el="26" ec="62" bec="0" bev="0" fileid="3" />
                <SequencePoint vc="14" uspid="130" ordinal="3" offset="29" sl="27" sc="13" el="27" ec="68" bec="0" bev="0" fileid="3" />
                <SequencePoint vc="14" uspid="131" ordinal="4" offset="53" sl="28" sc="9" el="28" ec="10" bec="0" bev="0" fileid="3" />
              </SequencePoints>
              <BranchPoints />
              <MethodPoint xsi:type="SequencePoint" vc="14" uspid="127" ordinal="0" offset="0" sl="24" sc="9" el="24" ec="10" bec="0" bev="0" fileid="3" />
            </Method>
            <Method visited="true" cyclomaticComplexity="1" nPathComplexity="0" sequenceCoverage="100" branchCoverage="100" crapScore="1" isConstructor="false" isStatic="false" isGetter="false" isSetter="false">
              <Summary numSequencePoints="5" visitedSequencePoints="5" numBranchPoints="1" visitedBranchPoints="1" sequenceCoverage="100" branchCoverage="100" maxCyclomaticComplexity="1" minCyclomaticComplexity="1" maxCrapScore="1" minCrapScore="1" visitedClasses="0" numClasses="0" visitedMethods="1" numMethods="1" />
              <MetadataToken>100663336</MetadataToken>
              <Name>System.Void PowerPoint.presentation_model.Tests.FormPresentationModelTests::notify_property_changed()</Name>
              <FileRef uid="3" />
              <SequencePoints>
                <SequencePoint vc="1" uspid="132" ordinal="0" offset="0" sl="32" sc="9" el="32" ec="10" bec="0" bev="0" fileid="3" />
                <SequencePoint vc="1" uspid="133" ordinal="1" offset="1" sl="33" sc="13" el="33" ec="46" bec="0" bev="0" fileid="3" />
                <SequencePoint vc="1" uspid="134" ordinal="2" offset="13" sl="34" sc="13" el="34" ec="46" bec="0" bev="0" fileid="3" />
                <SequencePoint vc="1" uspid="135" ordinal="3" offset="25" sl="35" sc="13" el="35" ec="61" bec="0" bev="0" fileid="3" />
                <SequencePoint vc="1" uspid="136" ordinal="4" offset="38" sl="36" sc="9" el="36" ec="10" bec="0" bev="0" fileid="3" />
              </SequencePoints>
              <BranchPoints />
              <MethodPoint xsi:type="SequencePoint" vc="1" uspid="132" ordinal="0" offset="0" sl="32" sc="9" el="32" ec="10" bec="0" bev="0" fileid="3" />
            </Method>
            <Method visited="true" cyclomaticComplexity="1" nPathComplexity="0" sequenceCoverage="100" branchCoverage="100" crapScore="1" isConstructor="false" isStatic="false" isGetter="false" isSetter="false">
              <Summary numSequencePoints="5" visitedSequencePoints="5" numBranchPoints="1" visitedBranchPoints="1" sequenceCoverage="100" branchCoverage="100" maxCyclomaticComplexity="1" minCyclomaticComplexity="1" maxCrapScore="1" minCrapScore="1" visitedClasses="0" numClasses="0" visitedMethods="1" numMethods="1" />
              <MetadataToken>100663337</MetadataToken>
              <Name>System.Void PowerPoint.presentation_model.Tests.FormPresentationModelTests::line_button_checked()</Name>
              <FileRef uid="3" />
              <SequencePoints>
                <SequencePoint vc="1" uspid="137" ordinal="0" offset="0" sl="40" sc="9" el="40" ec="10" bec="0" bev="0" fileid="3" />
                <SequencePoint vc="1" uspid="138" ordinal="1" offset="1" sl="41" sc="13" el="41" ec="47" bec="0" bev="0" fileid="3" />
                <SequencePoint vc="1" uspid="139" ordinal="2" offset="14" sl="42" sc="13" el="42" ec="63" bec="0" bev="0" fileid="3" />
                <SequencePoint vc="1" uspid="140" ordinal="3" offset="32" sl="43" sc="13" el="43" ec="61" bec="0" bev="0" fileid="3" />
                <SequencePoint vc="1" uspid="141" ordinal="4" offset="45" sl="44" sc="9" el="44" ec="10" bec="0" bev="0" fileid="3" />
              </SequencePoints>
              <BranchPoints />
              <MethodPoint xsi:type="SequencePoint" vc="1" uspid="137" ordinal="0" offset="0" sl="40" sc="9" el="40" ec="10" bec="0" bev="0" fileid="3" />
            </Method>
            <Method visited="true" cyclomaticComplexity="1" nPathComplexity="0" sequenceCoverage="100" branchCoverage="100" crapScore="1" isConstructor="false" isStatic="false" isGetter="false" isSetter="false">
              <Summary numSequencePoints="5" visitedSequencePoints="5" numBranchPoints="1" visitedBranchPoints="1" sequenceCoverage="100" branchCoverage="100" maxCyclomaticComplexity="1" minCyclomaticComplexity="1" maxCrapScore="1" minCrapScore="1" visitedClasses="0" numClasses="0" visitedMethods="1" numMethods="1" />
              <MetadataToken>100663338</MetadataToken>
              <Name>System.Void PowerPoint.presentation_model.Tests.FormPresentationModelTests::rectangle_button_checked()</Name>
              <FileRef uid="3" />
              <SequencePoints>
                <SequencePoint vc="1" uspid="142" ordinal="0" offset="0" sl="48" sc="9" el="48" ec="10" bec="0" bev="0" fileid="3" />
                <SequencePoint vc="1" uspid="143" ordinal="1" offset="1" sl="49" sc="13" el="49" ec="52" bec="0" bev="0" fileid="3" />
                <SequencePoint vc="1" uspid="144" ordinal="2" offset="14" sl="50" sc="13" el="50" ec="68" bec="0" bev="0" fileid="3" />
                <SequencePoint vc="1" uspid="145" ordinal="3" offset="32" sl="51" sc="13" el="51" ec="61" bec="0" bev="0" fileid="3" />
                <SequencePoint vc="1" uspid="146" ordinal="4" offset="45" sl="52" sc="9" el="52" ec="10" bec="0" bev="0" fileid="3" />
              </SequencePoints>
              <BranchPoints />
              <MethodPoint xsi:type="SequencePoint" vc="1" uspid="142" ordinal="0" offset="0" sl="48" sc="9" el="48" ec="10" bec="0" bev="0" fileid="3" />
            </Method>
            <Method visited="true" cyclomaticComplexity="1" nPathComplexity="0" sequenceCoverage="100" branchCoverage="100" crapScore="1" isConstructor="false" isStatic="false" isGetter="false" isSetter="false">
              <Summary numSequencePoints="5" visitedSequencePoints="5" numBranchPoints="1" visitedBranchPoints="1" sequenceCoverage="100" branchCoverage="100" maxCyclomaticComplexity="1" minCyclomaticComplexity="1" maxCrapScore="1" minCrapScore="1" visitedClasses="0" numClasses="0" visitedMethods="1" numMethods="1" />
              <MetadataToken>100663339</MetadataToken>
              <Name>System.Void PowerPoint.presentation_model.Tests.FormPresentationModelTests::circle_button_checked()</Name>
              <FileRef uid="3" />
              <SequencePoints>
                <SequencePoint vc="1" uspid="147" ordinal="0" offset="0" sl="56" sc="9" el="56" ec="10" bec="0" bev="0" fileid="3" />
                <SequencePoint vc="1" uspid="148" ordinal="1" offset="1" sl="57" sc="13" el="57" ec="49" bec="0" bev="0" fileid="3" />
                <SequencePoint vc="1" uspid="149" ordinal="2" offset="14" sl="58" sc="13" el="58" ec="65" bec="0" bev="0" fileid="3" />
                <SequencePoint vc="1" uspid="150" ordinal="3" offset="32" sl="59" sc="13" el="59" ec="61" bec="0" bev="0" fileid="3" />
                <SequencePoint vc="1" uspid="151" ordinal="4" offset="45" sl="60" sc="9" el="60" ec="10" bec="0" bev="0" fileid="3" />
              </SequencePoints>
              <BranchPoints />
              <MethodPoint xsi:type="SequencePoint" vc="1" uspid="147" ordinal="0" offset="0" sl="56" sc="9" el="56" ec="10" bec="0" bev="0" fileid="3" />
            </Method>
            <Method visited="true" cyclomaticComplexity="1" nPathComplexity="0" sequenceCoverage="100" branchCoverage="100" crapScore="1" isConstructor="false" isStatic="false" isGetter="false" isSetter="false">
              <Summary numSequencePoints="5" visitedSequencePoints="5" numBranchPoints="1" visitedBranchPoints="1" sequenceCoverage="100" branchCoverage="100" maxCyclomaticComplexity="1" minCyclomaticComplexity="1" maxCrapScore="1" minCrapScore="1" visitedClasses="0" numClasses="0" visitedMethods="1" numMethods="1" />
              <MetadataToken>100663340</MetadataToken>
              <Name>System.Void PowerPoint.presentation_model.Tests.FormPresentationModelTests::mouse_button_checked()</Name>
              <FileRef uid="3" />
              <SequencePoints>
                <SequencePoint vc="1" uspid="152" ordinal="0" offset="0" sl="64" sc="9" el="64" ec="10" bec="0" bev="0" fileid="3" />
                <SequencePoint vc="1" uspid="153" ordinal="1" offset="1" sl="65" sc="13" el="65" ec="48" bec="0" bev="0" fileid="3" />
                <SequencePoint vc="1" uspid="154" ordinal="2" offset="14" sl="66" sc="13" el="66" ec="64" bec="0" bev="0" fileid="3" />
                <SequencePoint vc="1" uspid="155" ordinal="3" offset="32" sl="67" sc="13" el="67" ec="61" bec="0" bev="0" fileid="3" />
                <SequencePoint vc="1" uspid="156" ordinal="4" offset="45" sl="68" sc="9" el="68" ec="10" bec="0" bev="0" fileid="3" />
              </SequencePoints>
              <BranchPoints />
              <MethodPoint xsi:type="SequencePoint" vc="1" uspid="152" ordinal="0" offset="0" sl="64" sc="9" el="64" ec="10" bec="0" bev="0" fileid="3" />
            </Method>
            <Method visited="true" cyclomaticComplexity="1" nPathComplexity="0" sequenceCoverage="100" branchCoverage="100" crapScore="1" isConstructor="false" isStatic="false" isGetter="false" isSetter="false">
              <Summary numSequencePoints="5" visitedSequencePoints="5" numBranchPoints="1" visitedBranchPoints="1" sequenceCoverage="100" branchCoverage="100" maxCyclomaticComplexity="1" minCyclomaticComplexity="1" maxCrapScore="1" minCrapScore="1" visitedClasses="0" numClasses="0" visitedMethods="1" numMethods="1" />
              <MetadataToken>100663341</MetadataToken>
              <Name>System.Void PowerPoint.presentation_model.Tests.FormPresentationModelTests::draw_shape_and_preview()</Name>
              <FileRef uid="3" />
              <SequencePoints>
                <SequencePoint vc="1" uspid="157" ordinal="0" offset="0" sl="72" sc="9" el="72" ec="10" bec="0" bev="0" fileid="3" />
                <SequencePoint vc="1" uspid="158" ordinal="1" offset="1" sl="73" sc="13" el="73" ec="67" bec="0" bev="0" fileid="3" />
                <SequencePoint vc="1" uspid="159" ordinal="2" offset="27" sl="74" sc="13" el="74" ec="74" bec="0" bev="0" fileid="3" />
                <SequencePoint vc="1" uspid="160" ordinal="3" offset="53" sl="75" sc="13" el="75" ec="53" bec="0" bev="0" fileid="3" />
                <SequencePoint vc="1" uspid="161" ordinal="4" offset="71" sl="76" sc="9" el="76" ec="10" bec="0" bev="0" fileid="3" />
              </SequencePoints>
              <BranchPoints />
              <MethodPoint xsi:type="SequencePoint" vc="1" uspid="157" ordinal="0" offset="0" sl="72" sc="9" el="72" ec="10" bec="0" bev="0" fileid="3" />
            </Method>
            <Method visited="true" cyclomaticComplexity="1" nPathComplexity="0" sequenceCoverage="100" branchCoverage="100" crapScore="1" isConstructor="false" isStatic="false" isGetter="false" isSetter="false">
              <Summary numSequencePoints="14" visitedSequencePoints="14" numBranchPoints="1" visitedBranchPoints="1" sequenceCoverage="100" branchCoverage="100" maxCyclomaticComplexity="1" minCyclomaticComplexity="1" maxCrapScore="1" minCrapScore="1" visitedClasses="0" numClasses="0" visitedMethods="1" numMethods="1" />
              <MetadataToken>100663342</MetadataToken>
              <Name>System.Void PowerPoint.presentation_model.Tests.FormPresentationModelTests::click_line_button()</Name>
              <FileRef uid="3" />
              <SequencePoints>
                <SequencePoint vc="1" uspid="162" ordinal="0" offset="0" sl="80" sc="9" el="80" ec="10" bec="0" bev="0" fileid="3" />
                <SequencePoint vc="1" uspid="163" ordinal="1" offset="1" sl="81" sc="13" el="81" ec="48" bec="0" bev="0" fileid="3" />
                <SequencePoint vc="1" uspid="164" ordinal="2" offset="14" sl="82" sc="13" el="82" ec="40" bec="0" bev="0" fileid="3" />
                <SequencePoint vc="1" uspid="165" ordinal="3" offset="26" sl="84" sc="13" el="84" ec="61" bec="0" bev="0" fileid="3" />
                <SequencePoint vc="1" uspid="166" ordinal="4" offset="44" sl="85" sc="13" el="85" ec="59" bec="0" bev="0" fileid="3" />
                <SequencePoint vc="1" uspid="167" ordinal="5" offset="66" sl="86" sc="13" el="86" ec="55" bec="0" bev="0" fileid="3" />
                <SequencePoint vc="1" uspid="168" ordinal="6" offset="83" sl="87" sc="13" el="87" ec="61" bec="0" bev="0" fileid="3" />
                <SequencePoint vc="1" uspid="169" ordinal="7" offset="100" sl="88" sc="13" el="88" ec="58" bec="0" bev="0" fileid="3" />
                <SequencePoint vc="1" uspid="170" ordinal="8" offset="117" sl="89" sc="13" el="89" ec="57" bec="0" bev="0" fileid="3" />
                <SequencePoint vc="1" uspid="171" ordinal="9" offset="134" sl="91" sc="13" el="91" ec="40" bec="0" bev="0" fileid="3" />
                <SequencePoint vc="1" uspid="172" ordinal="10" offset="146" sl="93" sc="13" el="93" ec="61" bec="0" bev="0" fileid="3" />
                <SequencePoint vc="1" uspid="173" ordinal="11" offset="164" sl="94" sc="13" el="94" ec="57" bec="0" bev="0" fileid="3" />
                <SequencePoint vc="1" uspid="174" ordinal="12" offset="182" sl="95" sc="13" el="95" ec="56" bec="0" bev="0" fileid="3" />
                <SequencePoint vc="1" uspid="175" ordinal="13" offset="199" sl="96" sc="9" el="96" ec="10" bec="0" bev="0" fileid="3" />
              </SequencePoints>
              <BranchPoints />
              <MethodPoint xsi:type="SequencePoint" vc="1" uspid="162" ordinal="0" offset="0" sl="80" sc="9" el="80" ec="10" bec="0" bev="0" fileid="3" />
            </Method>
            <Method visited="true" cyclomaticComplexity="1" nPathComplexity="0" sequenceCoverage="100" branchCoverage="100" crapScore="1" isConstructor="false" isStatic="false" isGetter="false" isSetter="false">
              <Summary numSequencePoints="14" visitedSequencePoints="14" numBranchPoints="1" visitedBranchPoints="1" sequenceCoverage="100" branchCoverage="100" maxCyclomaticComplexity="1" minCyclomaticComplexity="1" maxCrapScore="1" minCrapScore="1" visitedClasses="0" numClasses="0" visitedMethods="1" numMethods="1" />
              <MetadataToken>100663343</MetadataToken>
              <Name>System.Void PowerPoint.presentation_model.Tests.FormPresentationModelTests::click_rectangle_button()</Name>
              <FileRef uid="3" />
              <SequencePoints>
                <SequencePoint vc="1" uspid="176" ordinal="0" offset="0" sl="100" sc="9" el="100" ec="10" bec="0" bev="0" fileid="3" />
                <SequencePoint vc="1" uspid="177" ordinal="1" offset="1" sl="101" sc="13" el="101" ec="53" bec="0" bev="0" fileid="3" />
                <SequencePoint vc="1" uspid="178" ordinal="2" offset="14" sl="102" sc="13" el="102" ec="45" bec="0" bev="0" fileid="3" />
                <SequencePoint vc="1" uspid="179" ordinal="3" offset="26" sl="104" sc="13" el="104" ec="61" bec="0" bev="0" fileid="3" />
                <SequencePoint vc="1" uspid="180" ordinal="4" offset="44" sl="105" sc="13" el="105" ec="64" bec="0" bev="0" fileid="3" />
                <SequencePoint vc="1" uspid="181" ordinal="5" offset="66" sl="106" sc="13" el="106" ec="56" bec="0" bev="0" fileid="3" />
                <SequencePoint vc="1" uspid="182" ordinal="6" offset="83" sl="107" sc="13" el="107" ec="60" bec="0" bev="0" fileid="3" />
                <SequencePoint vc="1" uspid="183" ordinal="7" offset="100" sl="108" sc="13" el="108" ec="58" bec="0" bev="0" fileid="3" />
                <SequencePoint vc="1" uspid="184" ordinal="8" offset="117" sl="109" sc="13" el="109" ec="57" bec="0" bev="0" fileid="3" />
                <SequencePoint vc="1" uspid="185" ordinal="9" offset="134" sl="111" sc="13" el="111" ec="45" bec="0" bev="0" fileid="3" />
                <SequencePoint vc="1" uspid="186" ordinal="10" offset="146" sl="113" sc="13" el="113" ec="61" bec="0" bev="0" fileid="3" />
                <SequencePoint vc="1" uspid="187" ordinal="11" offset="164" sl="114" sc="13" el="114" ec="57" bec="0" bev="0" fileid="3" />
                <SequencePoint vc="1" uspid="188" ordinal="12" offset="182" sl="115" sc="13" el="115" ec="56" bec="0" bev="0" fileid="3" />
                <SequencePoint vc="1" uspid="189" ordinal="13" offset="199" sl="116" sc="9" el="116" ec="10" bec="0" bev="0" fileid="3" />
              </SequencePoints>
              <BranchPoints />
              <MethodPoint xsi:type="SequencePoint" vc="1" uspid="176" ordinal="0" offset="0" sl="100" sc="9" el="100" ec="10" bec="0" bev="0" fileid="3" />
            </Method>
            <Method visited="true" cyclomaticComplexity="1" nPathComplexity="0" sequenceCoverage="100" branchCoverage="100" crapScore="1" isConstructor="false" isStatic="false" isGetter="false" isSetter="false">
              <Summary numSequencePoints="14" visitedSequencePoints="14" numBranchPoints="1" visitedBranchPoints="1" sequenceCoverage="100" branchCoverage="100" maxCyclomaticComplexity="1" minCyclomaticComplexity="1" maxCrapScore="1" minCrapScore="1" visitedClasses="0" numClasses="0" visitedMethods="1" numMethods="1" />
              <MetadataToken>100663344</MetadataToken>
              <Name>System.Void PowerPoint.presentation_model.Tests.FormPresentationModelTests::click_circle_button()</Name>
              <FileRef uid="3" />
              <SequencePoints>
                <SequencePoint vc="1" uspid="190" ordinal="0" offset="0" sl="120" sc="9" el="120" ec="10" bec="0" bev="0" fileid="3" />
                <SequencePoint vc="1" uspid="191" ordinal="1" offset="1" sl="121" sc="13" el="121" ec="50" bec="0" bev="0" fileid="3" />
                <SequencePoint vc="1" uspid="192" ordinal="2" offset="14" sl="122" sc="13" el="122" ec="42" bec="0" bev="0" fileid="3" />
                <SequencePoint vc="1" uspid="193" ordinal="3" offset="26" sl="124" sc="13" el="124" ec="61" bec="0" bev="0" fileid="3" />
                <SequencePoint vc="1" uspid="194" ordinal="4" offset="44" sl="125" sc="13" el="125" ec="61" bec="0" bev="0" fileid="3" />
                <SequencePoint vc="1" uspid="195" ordinal="5" offset="66" sl="126" sc="13" el="126" ec="56" bec="0" bev="0" fileid="3" />
                <SequencePoint vc="1" uspid="196" ordinal="6" offset="83" sl="127" sc="13" el="127" ec="61" bec="0" bev="0" fileid="3" />
                <SequencePoint vc="1" uspid="197" ordinal="7" offset="100" sl="128" sc="13" el="128" ec="57" bec="0" bev="0" fileid="3" />
                <SequencePoint vc="1" uspid="198" ordinal="8" offset="117" sl="129" sc="13" el="129" ec="57" bec="0" bev="0" fileid="3" />
                <SequencePoint vc="1" uspid="199" ordinal="9" offset="134" sl="131" sc="13" el="131" ec="42" bec="0" bev="0" fileid="3" />
                <SequencePoint vc="1" uspid="200" ordinal="10" offset="146" sl="133" sc="13" el="133" ec="61" bec="0" bev="0" fileid="3" />
                <SequencePoint vc="1" uspid="201" ordinal="11" offset="164" sl="134" sc="13" el="134" ec="57" bec="0" bev="0" fileid="3" />
                <SequencePoint vc="1" uspid="202" ordinal="12" offset="182" sl="135" sc="13" el="135" ec="56" bec="0" bev="0" fileid="3" />
                <SequencePoint vc="1" uspid="203" ordinal="13" offset="199" sl="136" sc="9" el="136" ec="10" bec="0" bev="0" fileid="3" />
              </SequencePoints>
              <BranchPoints />
              <MethodPoint xsi:type="SequencePoint" vc="1" uspid="190" ordinal="0" offset="0" sl="120" sc="9" el="120" ec="10" bec="0" bev="0" fileid="3" />
            </Method>
            <Method visited="true" cyclomaticComplexity="1" nPathComplexity="0" sequenceCoverage="100" branchCoverage="100" crapScore="1" isConstructor="false" isStatic="false" isGetter="false" isSetter="false">
[...]
          <Methods>
            <Method visited="true" cyclomaticComplexity="1" nPathComplexity="0" sequenceCoverage="100" branchCoverage="100" crapScore="1" isConstructor="true" isStatic="false" isGetter="false" isSetter="false">
              <Summary numSequencePoints="6" visitedSequencePoints="6" numBranchPoints="1" visitedBranchPoints="1" sequenceCoverage="100" branchCoverage="100" maxCyclomaticComplexity="1" minCyclomaticComplexity="1" maxCrapScore="1" minCrapScore="1" visitedClasses="0" numClasses="0" visitedMethods="1" numMethods="1" />
              <MetadataToken>100663482</MetadataToken>
              <Name>System.Void PowerPoint.model.command.AddCommand::.ctor(PowerPoint.model.Model,System.String,System.Drawing.PointF[])</Name>
              <FileRef uid="40" />
              <SequencePoints>
                <SequencePoint vc="46" uspid="2544" ordinal="0" offset="0" sl="10" sc="9" el="10" ec="55" bec="0" bev="0" fileid="40" />
                <SequencePoint vc="46" uspid="2545" ordinal="1" offset="12" sl="13" sc="86" el="13" ec="97" bec="0" bev="0" fileid="40" />
                <SequencePoint vc="46" uspid="2546" ordinal="2" offset="20" sl="14" sc="9" el="14" ec="10" bec="0" bev="0" fileid="40" />
                <SequencePoint vc="46" uspid="2547" ordinal="3" offset="21" sl="15" sc="13" el="15" ec="36" bec="0" bev="0" fileid="40" />
                <SequencePoint vc="46" uspid="2548" ordinal="4" offset="28" sl="16" sc="13" el="16" ec="34" bec="0" bev="0" fileid="40" />
                <SequencePoint vc="46" uspid="2549" ordinal="5" offset="35" sl="17" sc="9" el="17" ec="10" bec="0" bev="0" fileid="40" />
              </SequencePoints>
              <BranchPoints />
              <MethodPoint xsi:type="SequencePoint" vc="46" uspid="2544" ordinal="0" offset="0" sl="10" sc="9" el="10" ec="55" bec="0" bev="0" fileid="40" />
            </Method>
            <Method visited="true" cyclomaticComplexity="1" nPathComplexity="0" sequenceCoverage="100" branchCoverage="100" crapScore="1" isConstructor="false" isStatic="false" isGetter="false" isSetter="false">
              <Summary numSequencePoints="5" visitedSequencePoints="5" numBranchPoints="1" visitedBranchPoints="1" sequenceCoverage="100" branchCoverage="100" maxCyclomaticComplexity="1" minCyclomaticComplexity="1" maxCrapScore="1" minCrapScore="1" visitedClasses="0" numClasses="0" visitedMethods="1" numMethods="1" />
              <MetadataToken>100663483</MetadataToken>
              <Name>System.Void PowerPoint.model.command.AddCommand::Execute()</Name>
              <FileRef uid="40" />
              <SequencePoints>
                <SequencePoint vc="46" uspid="2550" ordinal="0" offset="0" sl="20" sc="9" el="20" ec="10" bec="0" bev="0" fileid="40" />
                <SequencePoint vc="46" uspid="2551" ordinal="1" offset="1" sl="21" sc="13" el="21" ec="59" bec="0" bev="0" fileid="40" />
                <SequencePoint vc="46" uspid="2552" ordinal="2" offset="30" sl="22" sc="13" el="22" ec="81" bec="0" bev="0" fileid="40" />
                <SequencePoint vc="46" uspid="2553" ordinal="3" offset="75" sl="23" sc="13" el="23" ec="41" bec="0" bev="0" fileid="40" />
                <SequencePoint vc="46" uspid="2554" ordinal="4" offset="87" sl="24" sc="9" el="24" ec="10" bec="0" bev="0" fileid="40" />
              </SequencePoints>
              <BranchPoints />
              <MethodPoint xsi:type="SequencePoint" vc="46" uspid="2550" ordinal="0" offset="0" sl="20" sc="9" el="20" ec="10" bec="0" bev="0" fileid="40" />
            </Method>
            <Method visited="false" cyclomaticComplexity="3" nPathComplexity="4" sequenceCoverage="0" branchCoverage="0" crapScore="12" isConstructor="false" isStatic="false" isGetter="false" isSetter="false">
              <Summary numSequencePoints="12" visitedSequencePoints="0" numBranchPoints="5" visitedBranchPoints="0" sequenceCoverage="0" branchCoverage="0" maxCyclomaticComplexity="3" minCyclomaticComplexity="3" maxCrapScore="12" minCrapScore="12" visitedClasses="0" numClasses="0" visitedMethods="0" numMethods="1" />
              <MetadataToken>100663484</MetadataToken>
              <Name>System.Void PowerPoint.model.command.AddCommand::Unexcute()</Name>
              <FileRef uid="40" />
              <SequencePoints>
                <SequencePoint vc="0" uspid="2555" ordinal="0" offset="0" sl="27" sc="9" el="27" ec="10" bec="0" bev="0" fileid="40" />
                <SequencePoint vc="0" uspid="2556" ordinal="1" offset="1" sl="28" sc="18" el="28" ec="27" bec="0" bev="0" fileid="40" />
                <SequencePoint vc="0" uspid="2557" ordinal="2" offset="5" sl="29" sc="13" el="29" ec="14" bec="0" bev="0" fileid="40" />
                <SequencePoint vc="0" uspid="2558" ordinal="3" offset="6" sl="30" sc="17" el="30" ec="58" bec="2" bev="0" fileid="40" />
                <SequencePoint vc="0" uspid="2559" ordinal="4" offset="43" sl="31" sc="17" el="31" ec="18" bec="0" bev="0" fileid="40" />
                <SequencePoint vc="0" uspid="2560" ordinal="5" offset="44" sl="32" sc="21" el="32" ec="50" bec="0" bev="0" fileid="40" />
                <SequencePoint vc="0" uspid="2561" ordinal="6" offset="62" sl="33" sc="21" el="33" ec="27" bec="0" bev="0" fileid="40" />
                <SequencePoint vc="0" uspid="2562" ordinal="7" offset="64" sl="35" sc="13" el="35" ec="14" bec="0" bev="0" fileid="40" />
                <SequencePoint vc="0" uspid="2563" ordinal="8" offset="65" sl="28" sc="64" el="28" ec="67" bec="0" bev="0" fileid="40" />
                <SequencePoint vc="0" uspid="2564" ordinal="9" offset="69" sl="28" sc="29" el="28" ec="62" bec="2" bev="0" fileid="40" />
                <SequencePoint vc="0" uspid="2565" ordinal="10" offset="92" sl="36" sc="13" el="36" ec="41" bec="0" bev="0" fileid="40" />
                <SequencePoint vc="0" uspid="2566" ordinal="11" offset="104" sl="37" sc="9" el="37" ec="10" bec="0" bev="0" fileid="40" />
              </SequencePoints>
              <BranchPoints>
                <BranchPoint vc="0" uspid="2567" ordinal="0" offset="41" sl="30" path="0" offsetend="43" fileid="40" />
                <BranchPoint vc="0" uspid="2568" ordinal="1" offset="41" sl="30" path="1" offsetend="64" fileid="40" />
                <BranchPoint vc="0" uspid="2569" ordinal="2" offset="90" sl="28" path="0" offsetend="92" fileid="40" />
                <BranchPoint vc="0" uspid="2570" ordinal="3" offset="90" sl="28" path="1" offsetend="5" fileid="40" />
              </BranchPoints>
              <MethodPoint xsi:type="SequencePoint" vc="0" uspid="2555" ordinal="0" offset="0" sl="27" sc="9" el="27" ec="10" bec="0" bev="0" fileid="40" />
            </Method>
          </Methods>
        </Class>
        <Class>
          <Summary numSequencePoints="13" visitedSequencePoints="9" numBranchPoints="3" visitedBranchPoints="2" sequenceCoverage="69.23" branchCoverage="66.67" maxCyclomaticComplexity="1" minCyclomaticComplexity="1" maxCrapScore="2" minCrapScore="1" visitedClasses="1" numClasses="1" visitedMethods="2" numMethods="3" />
          <FullName>PowerPoint.model.command.DeleteCommand</FullName>
          <Methods>
            <Method visited="true" cyclomaticComplexity="1" nPathComplexity="0" sequenceCoverage="100" branchCoverage="100" crapScore="1" isConstructor="true" isStatic="false" isGetter="false" isSetter="false">
              <Summary numSequencePoints="4" visitedSequencePoints="4" numBranchPoints="1" visitedBranchPoints="1" sequenceCoverage="100" branchCoverage="100" maxCyclomaticComplexity="1" minCyclomaticComplexity="1" maxCrapScore="1" minCrapScore="1" visitedClasses="0" numClasses="0" visitedMethods="1" numMethods="1" />
              <MetadataToken>100663485</MetadataToken>
              <Name>System.Void PowerPoint.model.command.DeleteCommand::.ctor(PowerPoint.model.Model,System.Int32)</Name>
              <FileRef uid="41" />
              <SequencePoints>
                <SequencePoint vc="3" uspid="2571" ordinal="0" offset="0" sl="10" sc="56" el="10" ec="67" bec="0" bev="0" fileid="41" />
                <SequencePoint vc="3" uspid="2572" ordinal="1" offset="8" sl="11" sc="9" el="11" ec="10" bec="0" bev="0" fileid="41" />
                <SequencePoint vc="3" uspid="2573" ordinal="2" offset="9" sl="12" sc="13" el="12" ec="28" bec="0" bev="0" fileid="41" />
                <SequencePoint vc="3" uspid="2574" ordinal="3" offset="16" sl="13" sc="9" el="13" ec="10" bec="0" bev="0" fileid="41" />
              </SequencePoints>
              <BranchPoints />
              <MethodPoint xsi:type="SequencePoint" vc="3" uspid="2571" ordinal="0" offset="0" sl="10" sc="56" el="10" ec="67" bec="0" bev="0" fileid="41" />
            </Method>
            <Method visited="true" cyclomaticComplexity="1" nPathComplexity="0" sequenceCoverage="100" branchCoverage="100" crapScore="1" isConstructor="false" isStatic="false" isGetter="false" isSetter="false">
              <Summary numSequencePoints="5" visitedSequencePoints="5" numBranchPoints="1" visitedBranchPoints="1" sequenceCoverage="100" branchCoverage="100" maxCyclomaticComplexity="1" minCyclomaticComplexity="1" maxCrapScore="1" minCrapScore="1" visitedClasses="0" numClasses="0" visitedMethods="1" numMethods="1" />
              <MetadataToken>100663486</MetadataToken>
              <Name>System.Void PowerPoint.model.command.DeleteCommand::Execute()</Name>
              <FileRef uid="41" />
              <SequencePoints>
                <SequencePoint vc="3" uspid="2575" ordinal="0" offset="0" sl="16" sc="9" el="16" ec="10" bec="0" bev="0" fileid="41" />
                <SequencePoint vc="3" uspid="2576" ordinal="1" offset="1" sl="17" sc="13" el="17" ec="54" bec="0" bev="0" fileid="41" />
                <SequencePoint vc="3" uspid="2577" ordinal="2" offset="29" sl="18" sc="13" el="18" ec="47" bec="0" bev="0" fileid="41" />
                <SequencePoint vc="3" uspid="2578" ordinal="3" offset="52" sl="19" sc="13" el="19" ec="41" bec="0" bev="0" fileid="41" />
                <SequencePoint vc="3" uspid="2579" ordinal="4" offset="64" sl="20" sc="9" el="20" ec="10" bec="0" bev="0" fileid="41" />
              </SequencePoints>
              <BranchPoints />
              <MethodPoint xsi:type="SequencePoint" vc="3" uspid="2575" ordinal="0" offset="0" sl="16" sc="9" el="16" ec="10" bec="0" bev="0" fileid="41" />
            </Method>
            <Method visited="false" cyclomaticComplexity="1" nPathComplexity="0" sequenceCoverage="0" branchCoverage="0" crapScore="2" isConstructor="false" isStatic="false" isGetter="false" isSetter="false">
              <Summary numSequencePoints="4" visitedSequencePoints="0" numBranchPoints="1" visitedBranchPoints="0" sequenceCoverage="0" branchCoverage="0" maxCyclomaticComplexity="1" minCyclomaticComplexity="1" maxCrapScore="2" minCrapScore="2" visitedClasses="0" numClasses="0" visitedMethods="0" numMethods="1" />
              <MetadataToken>100663487</MetadataToken>
              <Name>System.Void PowerPoint.model.command.DeleteCommand::Unexcute()</Name>
              <FileRef uid="41" />
              <SequencePoints>
                <SequencePoint vc="0" uspid="2580" ordinal="0" offset="0" sl="23" sc="9" el="23" ec="10" bec="0" bev="0" fileid="41" />
                <SequencePoint vc="0" uspid="2581" ordinal="1" offset="1" sl="24" sc="13" el="24" ec="44" bec="0" bev="0" fileid="41" />
                <SequencePoint vc="0" uspid="2582" ordinal="2" offset="24" sl="25" sc="13" el="25" ec="41" bec="0" bev="0" fileid="41" />
                <SequencePoint vc="0" uspid="2583" ordinal="3" offset="36" sl="26" sc="9" el="26" ec="10" bec="0" bev="0" fileid="41" />
              </SequencePoints>
              <BranchPoints />
              <MethodPoint xsi:type="SequencePoint" vc="0" uspid="2580" ordinal="0" offset="0" sl="23" sc="9" el="23" ec="10" bec="0" bev="0" fileid="41" />
            </Method>
          </Methods>
        </Class>
        <Class>
          <Summary numSequencePoints="18" visitedSequencePoints="0" numBranchPoints="3" visitedBranchPoints="0" sequenceCoverage="0" branchCoverage="0" maxCyclomaticComplexity="1" minCyclomaticComplexity="1" maxCrapScore="2" minCrapScore="2" visitedClasses="0" numClasses="1" visitedMethods="0" numMethods="3" />
          <FullName>PowerPoint.model.command.MoveCommand</FullName>
          <Methods>
            <Method visited="false" cyclomaticComplexity="1" nPathComplexity="0" sequenceCoverage="0" branchCoverage="0" crapScore="2" isConstructor="true" isStatic="false" isGetter="false" isSetter="false">
              <Summary numSequencePoints="6" visitedSequencePoints="0" numBranchPoints="1" visitedBranchPoints="0" sequenceCoverage="0" branchCoverage="0" maxCyclomaticComplexity="1" minCyclomaticComplexity="1" maxCrapScore="2" minCrapScore="2" visitedClasses="0" numClasses="0" visitedMethods="0" numMethods="1" />
              <MetadataToken>100663488</MetadataToken>
              <Name>System.Void PowerPoint.model.command.MoveCommand::.ctor(PowerPoint.model.Model,System.Int32,System.Drawing.PointF,System.Drawing.PointF)</Name>
              <FileRef uid="42" />
              <SequencePoints>
                <SequencePoint vc="0" uspid="2584" ordinal="0" offset="0" sl="13" sc="96" el="13" ec="107" bec="0" bev="0" fileid="42" />
                <SequencePoint vc="0" uspid="2585" ordinal="1" offset="8" sl="14" sc="9" el="14" ec="10" bec="0" bev="0" fileid="42" />
                <SequencePoint vc="0" uspid="2586" ordinal="2" offset="9" sl="15" sc="13" el="15" ec="40" bec="0" bev="0" fileid="42" />
                <SequencePoint vc="0" uspid="2587" ordinal="3" offset="16" sl="16" sc="13" el="16" ec="105" bec="0" bev="0" fileid="42" />
                <SequencePoint vc="0" uspid="2588" ordinal="4" offset="68" sl="17" sc="13" el="17" ec="106" bec="0" bev="0" fileid="42" />
                <SequencePoint vc="0" uspid="2589" ordinal="5" offset="120" sl="18" sc="9" el="18" ec="10" bec="0" bev="0" fileid="42" />
              </SequencePoints>
              <BranchPoints />
              <MethodPoint xsi:type="SequencePoint" vc="0" uspid="2584" ordinal="0" offset="0" sl="13" sc="96" el="13" ec="107" bec="0" bev="0" fileid="42" />
            </Method>
            <Method visited="false" cyclomaticComplexity="1" nPathComplexity="0" sequenceCoverage="0" branchCoverage="0" crapScore="2" isConstructor="false" isStatic="false" isGetter="false" isSetter="false">
              <Summary numSequencePoints="7" visitedSequencePoints="0" numBranchPoints="1" visitedBranchPoints="0" sequenceCoverage="0" branchCoverage="0" maxCyclomaticComplexity="1" minCyclomaticComplexity="1" maxCrapScore="2" minCrapScore="2" visitedClasses="0" numClasses="0" visitedMethods="0" numMethods="1" />
              <MetadataToken>100663489</MetadataToken>
              <Name>System.Void PowerPoint.model.command.MoveCommand::Execute()</Name>
              <FileRef uid="42" />
              <SequencePoints>
                <SequencePoint vc="0" uspid="2590" ordinal="0" offset="0" sl="21" sc="9" el="21" ec="10" bec="0" bev="0" fileid="42" />
                <SequencePoint vc="0" uspid="2591" ordinal="1" offset="1" sl="22" sc="13" el="22" ec="74" bec="0" bev="0" fileid="42" />
                <SequencePoint vc="0" uspid="2592" ordinal="2" offset="34" sl="23" sc="13" el="23" ec="74" bec="0" bev="0" fileid="42" />
                <SequencePoint vc="0" uspid="2593" ordinal="3" offset="67" sl="24" sc="13" el="24" ec="71" bec="0" bev="0" fileid="42" />
                <SequencePoint vc="0" uspid="2594" ordinal="4" offset="101" sl="25" sc="13" el="25" ec="71" bec="0" bev="0" fileid="42" />
                <SequencePoint vc="0" uspid="2595" ordinal="5" offset="135" sl="26" sc="13" el="26" ec="41" bec="0" bev="0" fileid="42" />
                <SequencePoint vc="0" uspid="2596" ordinal="6" offset="147" sl="27" sc="9" el="27" ec="10" bec="0" bev="0" fileid="42" />
              </SequencePoints>
              <BranchPoints />
              <MethodPoint xsi:type="SequencePoint" vc="0" uspid="2590" ordinal="0" offset="0" sl="21" sc="9" el="21" ec="10" bec="0" bev="0" fileid="42" />
            </Method>
            <Method visited="false" cyclomaticComplexity="1" nPathComplexity="0" sequenceCoverage="0" branchCoverage="0" crapScore="2" isConstructor="false" isStatic="false" isGetter="false" isSetter="false">
              <Summary numSequencePoints="5" visitedSequencePoints="0" numBranchPoints="1" visitedBranchPoints="0" sequenceCoverage="0" branchCoverage="0" maxCyclomaticComplexity="1" minCyclomaticComplexity="1" maxCrapScore="2" minCrapScore="2" visitedClasses="0" numClasses="0" visitedMethods="0" numMethods="1" />
              <MetadataToken>100663490</MetadataToken>
              <Name>System.Void PowerPoint.model.command.MoveCommand::Unexcute()</Name>
              <FileRef uid="42" />
              <SequencePoints>
                <SequencePoint vc="0" uspid="2597" ordinal="0" offset="0" sl="30" sc="9" el="30" ec="10" bec="0" bev="0" fileid="42" />
                <SequencePoint vc="0" uspid="2598" ordinal="1" offset="1" sl="31" sc="13" el="31" ec="74" bec="0" bev="0" fileid="42" />
                <SequencePoint vc="0" uspid="2599" ordinal="2" offset="35" sl="32" sc="13" el="32" ec="74" bec="0" bev="0" fileid="42" />
                <SequencePoint vc="0" uspid="2600" ordinal="3" offset="69" sl="33" sc="13" el="33" ec="41" bec="0" bev="0" fileid="42" />
                <SequencePoint vc="0" uspid="2601" ordinal="4" offset="81" sl="34" sc="9" el="34" ec="10" bec="0" bev="0" fileid="42" />
              </SequencePoints>
              <BranchPoints />
              <MethodPoint xsi:type="SequencePoint" vc="0" uspid="2597" ordinal="0" offset="0" sl="30" sc="9" el="30" ec="10" bec="0" bev="0" fileid="42" />
            </Method>
          </Methods>
        </Class>
        <Class>
          <Summary numSequencePoints="4" visitedSequencePoints="4" numBranchPoints="1" visitedBranchPoints="1" sequenceCoverage="100" branchCoverage="100" maxCyclomaticComplexity="1" minCyclomaticComplexity="1" maxCrapScore="1" minCrapScore="1" visitedClasses="1" numClasses="1" visitedMethods="1" numMethods="1" />
          <FullName>PowerPoint.model.command.ICommand</FullName>
          <Methods>
            <Method visited="true" cyclomaticComplexity="1" nPathComplexity="0" sequenceCoverage="100" branchCoverage="100" crapScore="1" isConstructor="true" isStatic="false" isGetter="false" isSetter="false">
              <Summary numSequencePoints="4" visitedSequencePoints="4" numBranchPoints="1" visitedBranchPoints="1" sequenceCoverage="100" branchCoverage="100" maxCyclomaticComplexity="1" minCyclomaticComplexity="1" maxCrapScore="1" minCrapScore="1" visitedClasses="0" numClasses="0" visitedMethods="1" numMethods="1" />
              <MetadataToken>100663491</MetadataToken>
              <Name>System.Void PowerPoint.model.command.ICommand::.ctor(PowerPoint.model.Model)</Name>
              <FileRef uid="43" />
              <SequencePoints>
                <SequencePoint vc="49" uspid="2602" ordinal="0" offset="0" sl="7" sc="9" el="7" ec="37" bec="0" bev="0" fileid="43" />
                <SequencePoint vc="49" uspid="2603" ordinal="1" offset="7" sl="8" sc="9" el="8" ec="10" bec="0" bev="0" fileid="43" />
                <SequencePoint vc="49" uspid="2604" ordinal="2" offset="8" sl="9" sc="13" el="9" ec="33" bec="0" bev="0" fileid="43" />
                <SequencePoint vc="49" uspid="2605" ordinal="3" offset="15" sl="10" sc="9" el="10" ec="10" bec="0" bev="0" fileid="43" />
              </SequencePoints>
              <BranchPoints />
              <MethodPoint xsi:type="SequencePoint" vc="49" uspid="2602" ordinal="0" offset="0" sl="7" sc="9" el="7" ec="37" bec="0" bev="0" fileid="43" />
            </Method>
          </Methods>
        </Class>
      </Classes>
    </Module>
  </Modules>
</CoverageSession>